mode: set
github.com/charmbracelet/glow/v2/utils/utils.go:18.47,19.88 1 0
github.com/charmbracelet/glow/v2/utils/utils.go:19.88,21.3 1 0
github.com/charmbracelet/glow/v2/utils/utils.go:22.2,22.16 1 0
github.com/charmbracelet/glow/v2/utils/utils.go:27.40,28.65 1 0
github.com/charmbracelet/glow/v2/utils/utils.go:28.65,30.3 1 0
github.com/charmbracelet/glow/v2/utils/utils.go:31.2,31.22 1 0
github.com/charmbracelet/glow/v2/utils/utils.go:35.37,37.16 2 0
github.com/charmbracelet/glow/v2/utils/utils.go:37.16,39.3 1 0
github.com/charmbracelet/glow/v2/utils/utils.go:40.2,40.27 1 0
github.com/charmbracelet/glow/v2/utils/utils.go:44.47,46.2 1 0
github.com/charmbracelet/glow/v2/utils/utils.go:53.43,56.15 2 0
github.com/charmbracelet/glow/v2/utils/utils.go:56.15,59.3 1 0
github.com/charmbracelet/glow/v2/utils/utils.go:61.2,61.39 1 0
github.com/charmbracelet/glow/v2/utils/utils.go:61.39,62.32 1 0
github.com/charmbracelet/glow/v2/utils/utils.go:62.32,64.4 1 0
github.com/charmbracelet/glow/v2/utils/utils.go:69.2,69.14 1 0
github.com/charmbracelet/glow/v2/utils/utils.go:73.73,74.13 1 0
github.com/charmbracelet/glow/v2/utils/utils.go:74.13,75.32 1 0
github.com/charmbracelet/glow/v2/utils/utils.go:75.32,77.4 1 0
github.com/charmbracelet/glow/v2/utils/utils.go:78.3,78.38 1 0
github.com/charmbracelet/glow/v2/utils/utils.go:84.2,86.15 2 0
github.com/charmbracelet/glow/v2/utils/utils.go:87.24,88.35 1 0
github.com/charmbracelet/glow/v2/utils/utils.go:88.35,90.4 1 0
github.com/charmbracelet/glow/v2/utils/utils.go:90.9,92.4 1 0
github.com/charmbracelet/glow/v2/utils/utils.go:93.24,94.39 1 0
github.com/charmbracelet/glow/v2/utils/utils.go:95.25,96.40 1 0
github.com/charmbracelet/glow/v2/utils/utils.go:97.24,98.39 1 0
github.com/charmbracelet/glow/v2/utils/utils.go:99.25,100.40 1 0
github.com/charmbracelet/glow/v2/utils/utils.go:101.27,102.42 1 0
github.com/charmbracelet/glow/v2/utils/utils.go:103.30,104.42 1 0
github.com/charmbracelet/glow/v2/utils/utils.go:105.10,106.47 1 0
github.com/charmbracelet/glow/v2/utils/utils.go:109.2,112.40 3 0
github.com/charmbracelet/glow/v2/internal/tts/errors.go:53.35,54.20 1 0
github.com/charmbracelet/glow/v2/internal/tts/errors.go:54.20,56.3 1 0
github.com/charmbracelet/glow/v2/internal/tts/errors.go:57.2,57.49 1 0
github.com/charmbracelet/glow/v2/internal/tts/errors.go:61.35,63.2 1 0
github.com/charmbracelet/glow/v2/internal/tts/errors.go:98.73,105.2 1 1
github.com/charmbracelet/glow/v2/internal/tts/errors.go:108.73,111.2 2 1
github.com/charmbracelet/glow/v2/internal/tts/errors.go:114.35,115.16 1 1
github.com/charmbracelet/glow/v2/internal/tts/errors.go:118.30,119.14 1 1
github.com/charmbracelet/glow/v2/internal/tts/errors.go:120.10,121.15 1 0
github.com/charmbracelet/glow/v2/internal/tts/errors.go:126.39,127.16 1 1
github.com/charmbracelet/glow/v2/internal/tts/errors.go:130.22,131.14 1 1
github.com/charmbracelet/glow/v2/internal/tts/errors.go:132.10,133.15 1 0
github.com/charmbracelet/glow/v2/internal/tts/parser.go:24.42,32.2 1 1
github.com/charmbracelet/glow/v2/internal/tts/parser.go:35.69,46.33 5 1
github.com/charmbracelet/glow/v2/internal/tts/parser.go:46.33,49.33 2 1
github.com/charmbracelet/glow/v2/internal/tts/parser.go:49.33,50.12 1 1
github.com/charmbracelet/glow/v2/internal/tts/parser.go:54.3,54.33 1 1
github.com/charmbracelet/glow/v2/internal/tts/parser.go:54.33,56.4 1 1
github.com/charmbracelet/glow/v2/internal/tts/parser.go:58.3,69.26 3 1
github.com/charmbracelet/glow/v2/internal/tts/parser.go:72.2,72.20 1 1
github.com/charmbracelet/glow/v2/internal/tts/parser.go:76.60,78.2 1 1
github.com/charmbracelet/glow/v2/internal/tts/parser.go:81.67,90.2 6 1
github.com/charmbracelet/glow/v2/internal/tts/parser.go:93.87,94.26 1 1
github.com/charmbracelet/glow/v2/internal/tts/parser.go:95.22,97.23 1 0
github.com/charmbracelet/glow/v2/internal/tts/parser.go:97.23,99.4 1 0
github.com/charmbracelet/glow/v2/internal/tts/parser.go:101.3,102.23 2 0
github.com/charmbracelet/glow/v2/internal/tts/parser.go:104.28,106.23 1 1
github.com/charmbracelet/glow/v2/internal/tts/parser.go:106.23,108.4 1 1
github.com/charmbracelet/glow/v2/internal/tts/parser.go:109.3,110.23 2 1
github.com/charmbracelet/glow/v2/internal/tts/parser.go:112.22,114.9 1 0
github.com/charmbracelet/glow/v2/internal/tts/parser.go:116.17,118.37 1 1
github.com/charmbracelet/glow/v2/internal/tts/parser.go:120.21,124.58 2 1
github.com/charmbracelet/glow/v2/internal/tts/parser.go:124.58,125.37 1 1
github.com/charmbracelet/glow/v2/internal/tts/parser.go:125.37,127.5 1 1
github.com/charmbracelet/glow/v2/internal/tts/parser.go:129.3,129.23 1 1
github.com/charmbracelet/glow/v2/internal/tts/parser.go:131.20,133.58 1 1
github.com/charmbracelet/glow/v2/internal/tts/parser.go:133.58,135.4 1 1
github.com/charmbracelet/glow/v2/internal/tts/parser.go:136.3,137.9 2 1
github.com/charmbracelet/glow/v2/internal/tts/parser.go:139.22,141.58 1 1
github.com/charmbracelet/glow/v2/internal/tts/parser.go:141.58,143.4 1 1
github.com/charmbracelet/glow/v2/internal/tts/parser.go:145.3,146.159 2 1
github.com/charmbracelet/glow/v2/internal/tts/parser.go:146.159,148.4 1 1
github.com/charmbracelet/glow/v2/internal/tts/parser.go:148.9,150.4 1 1
github.com/charmbracelet/glow/v2/internal/tts/parser.go:151.3,151.9 1 1
github.com/charmbracelet/glow/v2/internal/tts/parser.go:153.17,155.58 1 1
github.com/charmbracelet/glow/v2/internal/tts/parser.go:155.58,157.4 1 1
github.com/charmbracelet/glow/v2/internal/tts/parser.go:158.3,158.9 1 1
github.com/charmbracelet/glow/v2/internal/tts/parser.go:160.21,162.58 1 1
github.com/charmbracelet/glow/v2/internal/tts/parser.go:162.58,164.4 1 1
github.com/charmbracelet/glow/v2/internal/tts/parser.go:165.3,166.9 2 1
github.com/charmbracelet/glow/v2/internal/tts/parser.go:168.17,170.58 1 1
github.com/charmbracelet/glow/v2/internal/tts/parser.go:170.58,172.4 1 1
github.com/charmbracelet/glow/v2/internal/tts/parser.go:173.3,173.9 1 1
github.com/charmbracelet/glow/v2/internal/tts/parser.go:175.18,178.21 2 1
github.com/charmbracelet/glow/v2/internal/tts/parser.go:178.21,180.4 1 0
github.com/charmbracelet/glow/v2/internal/tts/parser.go:180.9,181.59 1 1
github.com/charmbracelet/glow/v2/internal/tts/parser.go:181.59,182.38 1 1
github.com/charmbracelet/glow/v2/internal/tts/parser.go:182.38,184.6 1 1
github.com/charmbracelet/glow/v2/internal/tts/parser.go:187.3,188.9 2 1
github.com/charmbracelet/glow/v2/internal/tts/parser.go:190.21,192.58 1 1
github.com/charmbracelet/glow/v2/internal/tts/parser.go:192.58,194.4 1 1
github.com/charmbracelet/glow/v2/internal/tts/parser.go:195.3,195.9 1 1
github.com/charmbracelet/glow/v2/internal/tts/parser.go:200.23,202.58 1 1
github.com/charmbracelet/glow/v2/internal/tts/parser.go:202.58,205.4 2 1
github.com/charmbracelet/glow/v2/internal/tts/parser.go:206.3,206.9 1 1
github.com/charmbracelet/glow/v2/internal/tts/parser.go:208.26,211.9 2 0
github.com/charmbracelet/glow/v2/internal/tts/parser.go:215.2,215.60 1 1
github.com/charmbracelet/glow/v2/internal/tts/parser.go:215.60,217.3 1 1
github.com/charmbracelet/glow/v2/internal/tts/parser.go:221.67,233.34 5 1
github.com/charmbracelet/glow/v2/internal/tts/parser.go:233.34,237.37 2 1
github.com/charmbracelet/glow/v2/internal/tts/parser.go:237.37,239.25 2 1
github.com/charmbracelet/glow/v2/internal/tts/parser.go:239.25,242.5 2 1
github.com/charmbracelet/glow/v2/internal/tts/parser.go:247.2,247.31 1 1
github.com/charmbracelet/glow/v2/internal/tts/parser.go:247.31,249.24 2 0
github.com/charmbracelet/glow/v2/internal/tts/parser.go:249.24,251.4 1 0
github.com/charmbracelet/glow/v2/internal/tts/parser.go:254.2,254.18 1 1
github.com/charmbracelet/glow/v2/internal/tts/parser.go:258.73,259.25 1 1
github.com/charmbracelet/glow/v2/internal/tts/parser.go:259.25,262.3 1 1
github.com/charmbracelet/glow/v2/internal/tts/parser.go:264.2,267.56 2 1
github.com/charmbracelet/glow/v2/internal/tts/parser.go:267.56,269.3 1 1
github.com/charmbracelet/glow/v2/internal/tts/parser.go:272.2,272.48 1 1
github.com/charmbracelet/glow/v2/internal/tts/parser.go:272.48,274.3 1 1
github.com/charmbracelet/glow/v2/internal/tts/parser.go:277.2,277.53 1 1
github.com/charmbracelet/glow/v2/internal/tts/parser.go:277.53,279.3 1 1
github.com/charmbracelet/glow/v2/internal/tts/parser.go:282.2,282.52 1 1
github.com/charmbracelet/glow/v2/internal/tts/parser.go:282.52,284.3 1 1
github.com/charmbracelet/glow/v2/internal/tts/parser.go:288.2,288.47 1 1
github.com/charmbracelet/glow/v2/internal/tts/parser.go:288.47,290.58 1 1
github.com/charmbracelet/glow/v2/internal/tts/parser.go:290.58,292.4 1 1
github.com/charmbracelet/glow/v2/internal/tts/parser.go:296.2,296.24 1 1
github.com/charmbracelet/glow/v2/internal/tts/parser.go:296.24,297.37 1 1
github.com/charmbracelet/glow/v2/internal/tts/parser.go:297.37,299.4 1 1
github.com/charmbracelet/glow/v2/internal/tts/parser.go:301.3,302.63 2 1
github.com/charmbracelet/glow/v2/internal/tts/parser.go:302.63,304.4 1 1
github.com/charmbracelet/glow/v2/internal/tts/parser.go:305.3,305.62 1 1
github.com/charmbracelet/glow/v2/internal/tts/parser.go:305.62,307.4 1 1
github.com/charmbracelet/glow/v2/internal/tts/parser.go:310.2,310.13 1 1
github.com/charmbracelet/glow/v2/internal/tts/parser.go:314.69,317.51 2 1
github.com/charmbracelet/glow/v2/internal/tts/parser.go:317.51,319.3 1 1
github.com/charmbracelet/glow/v2/internal/tts/parser.go:320.2,322.18 2 1
github.com/charmbracelet/glow/v2/internal/tts/parser.go:322.18,324.3 1 0
github.com/charmbracelet/glow/v2/internal/tts/parser.go:326.2,330.30 3 1
github.com/charmbracelet/glow/v2/internal/tts/parser.go:334.70,336.46 1 1
github.com/charmbracelet/glow/v2/internal/tts/parser.go:336.46,338.58 1 1
github.com/charmbracelet/glow/v2/internal/tts/parser.go:338.58,340.4 1 1
github.com/charmbracelet/glow/v2/internal/tts/parser.go:342.2,342.14 1 1
github.com/charmbracelet/glow/v2/internal/tts/parser.go:346.65,348.36 1 1
github.com/charmbracelet/glow/v2/internal/tts/parser.go:348.36,350.3 1 1
github.com/charmbracelet/glow/v2/internal/tts/parser.go:351.2,351.47 1 1
github.com/charmbracelet/glow/v2/internal/tts/parser.go:351.47,353.3 1 1
github.com/charmbracelet/glow/v2/internal/tts/parser.go:354.2,354.14 1 1
github.com/charmbracelet/glow/v2/internal/tts/parser.go:358.56,374.2 7 1
github.com/charmbracelet/glow/v2/internal/tts/parser.go:377.45,410.2 1 1
github.com/charmbracelet/glow/v2/internal/tts/parser.go:416.45,417.33 1 1
github.com/charmbracelet/glow/v2/internal/tts/parser.go:417.33,419.3 1 1
github.com/charmbracelet/glow/v2/internal/tts/parser.go:423.45,424.33 1 1
github.com/charmbracelet/glow/v2/internal/tts/parser.go:424.33,426.3 1 1
github.com/charmbracelet/glow/v2/internal/tts/parser.go:430.48,431.33 1 1
github.com/charmbracelet/glow/v2/internal/tts/parser.go:431.33,433.3 1 1
github.com/charmbracelet/glow/v2/internal/tts/parser.go:437.73,439.27 2 1
github.com/charmbracelet/glow/v2/internal/tts/parser.go:439.27,441.3 1 1
github.com/charmbracelet/glow/v2/internal/tts/parser.go:442.2,442.10 1 1
github.com/charmbracelet/glow/v2/internal/tts/types.go:51.32,52.11 1 1
github.com/charmbracelet/glow/v2/internal/tts/types.go:53.17,54.16 1 1
github.com/charmbracelet/glow/v2/internal/tts/types.go:55.25,56.24 1 1
github.com/charmbracelet/glow/v2/internal/tts/types.go:57.18,58.17 1 1
github.com/charmbracelet/glow/v2/internal/tts/types.go:59.23,60.22 1 1
github.com/charmbracelet/glow/v2/internal/tts/types.go:61.20,62.19 1 1
github.com/charmbracelet/glow/v2/internal/tts/types.go:63.19,64.18 1 1
github.com/charmbracelet/glow/v2/internal/tts/types.go:65.21,66.20 1 1
github.com/charmbracelet/glow/v2/internal/tts/types.go:67.18,68.17 1 1
github.com/charmbracelet/glow/v2/internal/tts/types.go:69.10,70.19 1 0
github.com/charmbracelet/glow/v2/internal/tts/types.go:137.45,138.27 1 1
github.com/charmbracelet/glow/v2/internal/tts/types.go:138.27,140.3 1 1
github.com/charmbracelet/glow/v2/internal/tts/types.go:142.2,145.25 2 1
github.com/charmbracelet/glow/v2/internal/tts/types.go:145.25,148.3 2 0
github.com/charmbracelet/glow/v2/internal/tts/types.go:150.2,150.31 1 1
github.com/charmbracelet/glow/v2/ui/editor.go:10.50,11.32 1 0
github.com/charmbracelet/glow/v2/ui/editor.go:11.32,13.3 1 0
github.com/charmbracelet/glow/v2/ui/editor.go:14.2,15.16 2 0
github.com/charmbracelet/glow/v2/ui/editor.go:15.16,16.25 1 0
github.com/charmbracelet/glow/v2/ui/editor.go:16.25,16.43 1 0
github.com/charmbracelet/glow/v2/ui/editor.go:18.2,18.33 1 0
github.com/charmbracelet/glow/v2/ui/ignore_general.go:6.45,12.2 1 0
github.com/charmbracelet/glow/v2/ui/markdown.go:32.39,34.16 2 0
github.com/charmbracelet/glow/v2/ui/markdown.go:34.16,37.3 2 0
github.com/charmbracelet/glow/v2/ui/markdown.go:39.2,39.22 1 0
github.com/charmbracelet/glow/v2/ui/markdown.go:42.41,44.2 1 0
github.com/charmbracelet/glow/v2/ui/markdown.go:49.43,52.16 3 0
github.com/charmbracelet/glow/v2/ui/markdown.go:52.16,54.3 1 0
github.com/charmbracelet/glow/v2/ui/markdown.go:55.2,55.17 1 0
github.com/charmbracelet/glow/v2/ui/markdown.go:59.42,61.45 2 0
github.com/charmbracelet/glow/v2/ui/markdown.go:61.45,63.3 1 0
github.com/charmbracelet/glow/v2/ui/markdown.go:63.8,63.32 1 0
github.com/charmbracelet/glow/v2/ui/markdown.go:63.32,65.3 1 0
github.com/charmbracelet/glow/v2/ui/markdown.go:66.2,66.45 1 0
github.com/charmbracelet/glow/v2/ui/pager.go:108.52,121.2 6 0
github.com/charmbracelet/glow/v2/ui/pager.go:123.40,127.16 3 0
github.com/charmbracelet/glow/v2/ui/pager.go:127.16,128.27 1 0
github.com/charmbracelet/glow/v2/ui/pager.go:128.27,130.4 1 0
github.com/charmbracelet/glow/v2/ui/pager.go:131.3,131.59 1 0
github.com/charmbracelet/glow/v2/ui/pager.go:135.43,137.2 1 0
github.com/charmbracelet/glow/v2/ui/pager.go:139.35,142.29 3 0
github.com/charmbracelet/glow/v2/ui/pager.go:142.29,144.3 1 0
github.com/charmbracelet/glow/v2/ui/pager.go:155.72,159.33 3 0
github.com/charmbracelet/glow/v2/ui/pager.go:159.33,161.3 1 0
github.com/charmbracelet/glow/v2/ui/pager.go:162.2,164.72 2 0
github.com/charmbracelet/glow/v2/ui/pager.go:167.31,169.16 2 0
github.com/charmbracelet/glow/v2/ui/pager.go:169.16,171.3 1 0
github.com/charmbracelet/glow/v2/ui/pager.go:172.2,172.33 1 0
github.com/charmbracelet/glow/v2/ui/pager.go:172.33,174.3 1 0
github.com/charmbracelet/glow/v2/ui/pager.go:175.2,178.17 4 0
github.com/charmbracelet/glow/v2/ui/pager.go:181.63,187.27 2 0
github.com/charmbracelet/glow/v2/ui/pager.go:188.18,189.23 1 0
github.com/charmbracelet/glow/v2/ui/pager.go:190.20,191.35 1 0
github.com/charmbracelet/glow/v2/ui/pager.go:191.35,194.5 2 0
github.com/charmbracelet/glow/v2/ui/pager.go:195.20,197.43 2 0
github.com/charmbracelet/glow/v2/ui/pager.go:197.43,199.5 1 0
github.com/charmbracelet/glow/v2/ui/pager.go:200.19,202.43 2 0
github.com/charmbracelet/glow/v2/ui/pager.go:202.43,204.5 1 0
github.com/charmbracelet/glow/v2/ui/pager.go:206.12,208.43 2 0
github.com/charmbracelet/glow/v2/ui/pager.go:208.43,210.5 1 0
github.com/charmbracelet/glow/v2/ui/pager.go:212.12,214.43 2 0
github.com/charmbracelet/glow/v2/ui/pager.go:214.43,216.5 1 0
github.com/charmbracelet/glow/v2/ui/pager.go:218.12,220.26 2 0
github.com/charmbracelet/glow/v2/ui/pager.go:220.26,222.5 1 0
github.com/charmbracelet/glow/v2/ui/pager.go:223.4,228.61 2 0
github.com/charmbracelet/glow/v2/ui/pager.go:230.12,235.90 3 0
github.com/charmbracelet/glow/v2/ui/pager.go:237.12,238.51 1 0
github.com/charmbracelet/glow/v2/ui/pager.go:240.12,242.43 2 0
github.com/charmbracelet/glow/v2/ui/pager.go:242.43,244.5 1 0
github.com/charmbracelet/glow/v2/ui/pager.go:248.26,252.42 3 0
github.com/charmbracelet/glow/v2/ui/pager.go:252.42,254.4 1 0
github.com/charmbracelet/glow/v2/ui/pager.go:255.3,255.35 1 0
github.com/charmbracelet/glow/v2/ui/pager.go:258.17,259.50 1 0
github.com/charmbracelet/glow/v2/ui/pager.go:264.25,265.50 1 0
github.com/charmbracelet/glow/v2/ui/pager.go:269.25,270.57 1 0
github.com/charmbracelet/glow/v2/ui/pager.go:272.31,273.29 1 0
github.com/charmbracelet/glow/v2/ui/pager.go:276.2,279.30 3 0
github.com/charmbracelet/glow/v2/ui/pager.go:282.35,289.16 4 0
github.com/charmbracelet/glow/v2/ui/pager.go:289.16,291.3 1 0
github.com/charmbracelet/glow/v2/ui/pager.go:293.2,293.19 1 0
github.com/charmbracelet/glow/v2/ui/pager.go:296.55,311.23 6 0
github.com/charmbracelet/glow/v2/ui/pager.go:311.23,313.3 1 0
github.com/charmbracelet/glow/v2/ui/pager.go:313.8,315.3 1 0
github.com/charmbracelet/glow/v2/ui/pager.go:318.2,319.23 2 0
github.com/charmbracelet/glow/v2/ui/pager.go:319.23,321.3 1 0
github.com/charmbracelet/glow/v2/ui/pager.go:321.8,323.3 1 0
github.com/charmbracelet/glow/v2/ui/pager.go:326.2,327.23 2 0
github.com/charmbracelet/glow/v2/ui/pager.go:327.23,329.3 1 0
github.com/charmbracelet/glow/v2/ui/pager.go:329.8,331.3 1 0
github.com/charmbracelet/glow/v2/ui/pager.go:332.2,338.23 2 0
github.com/charmbracelet/glow/v2/ui/pager.go:338.23,340.3 1 0
github.com/charmbracelet/glow/v2/ui/pager.go:340.8,342.3 1 0
github.com/charmbracelet/glow/v2/ui/pager.go:345.2,353.23 3 0
github.com/charmbracelet/glow/v2/ui/pager.go:353.23,355.3 1 0
github.com/charmbracelet/glow/v2/ui/pager.go:355.8,357.3 1 0
github.com/charmbracelet/glow/v2/ui/pager.go:359.2,365.3 1 0
github.com/charmbracelet/glow/v2/ui/pager.go:368.43,387.19 9 0
github.com/charmbracelet/glow/v2/ui/pager.go:387.19,389.3 1 0
github.com/charmbracelet/glow/v2/ui/pager.go:391.2,394.24 2 0
github.com/charmbracelet/glow/v2/ui/pager.go:394.24,396.35 2 0
github.com/charmbracelet/glow/v2/ui/pager.go:396.35,400.4 3 0
github.com/charmbracelet/glow/v2/ui/pager.go:402.3,402.32 1 0
github.com/charmbracelet/glow/v2/ui/pager.go:405.2,405.25 1 0
github.com/charmbracelet/glow/v2/ui/pager.go:410.57,411.24 1 0
github.com/charmbracelet/glow/v2/ui/pager.go:411.24,413.17 2 0
github.com/charmbracelet/glow/v2/ui/pager.go:413.17,416.4 2 0
github.com/charmbracelet/glow/v2/ui/pager.go:417.3,417.31 1 0
github.com/charmbracelet/glow/v2/ui/pager.go:422.67,425.28 2 0
github.com/charmbracelet/glow/v2/ui/pager.go:425.28,427.3 1 0
github.com/charmbracelet/glow/v2/ui/pager.go:429.2,431.12 3 0
github.com/charmbracelet/glow/v2/ui/pager.go:431.12,433.3 1 0
github.com/charmbracelet/glow/v2/ui/pager.go:435.2,440.35 2 0
github.com/charmbracelet/glow/v2/ui/pager.go:440.35,442.3 1 0
github.com/charmbracelet/glow/v2/ui/pager.go:443.2,444.16 2 0
github.com/charmbracelet/glow/v2/ui/pager.go:444.16,446.3 1 0
github.com/charmbracelet/glow/v2/ui/pager.go:448.2,448.12 1 0
github.com/charmbracelet/glow/v2/ui/pager.go:448.12,450.3 1 0
github.com/charmbracelet/glow/v2/ui/pager.go:452.2,453.16 2 0
github.com/charmbracelet/glow/v2/ui/pager.go:453.16,455.3 1 0
github.com/charmbracelet/glow/v2/ui/pager.go:457.2,457.12 1 0
github.com/charmbracelet/glow/v2/ui/pager.go:457.12,459.3 1 0
github.com/charmbracelet/glow/v2/ui/pager.go:462.2,465.26 3 0
github.com/charmbracelet/glow/v2/ui/pager.go:465.26,466.45 1 0
github.com/charmbracelet/glow/v2/ui/pager.go:466.45,469.4 2 0
github.com/charmbracelet/glow/v2/ui/pager.go:469.9,471.4 1 0
github.com/charmbracelet/glow/v2/ui/pager.go:474.3,474.23 1 0
github.com/charmbracelet/glow/v2/ui/pager.go:474.23,476.4 1 0
github.com/charmbracelet/glow/v2/ui/pager.go:479.2,479.30 1 0
github.com/charmbracelet/glow/v2/ui/pager.go:482.36,485.16 3 0
github.com/charmbracelet/glow/v2/ui/pager.go:485.16,487.3 1 0
github.com/charmbracelet/glow/v2/ui/pager.go:490.42,493.43 2 0
github.com/charmbracelet/glow/v2/ui/pager.go:493.43,496.3 2 0
github.com/charmbracelet/glow/v2/ui/pager.go:498.2,500.6 2 0
github.com/charmbracelet/glow/v2/ui/pager.go:500.6,501.10 1 0
github.com/charmbracelet/glow/v2/ui/pager.go:502.40,503.56 1 0
github.com/charmbracelet/glow/v2/ui/pager.go:503.56,504.13 1 0
github.com/charmbracelet/glow/v2/ui/pager.go:507.4,507.65 1 0
github.com/charmbracelet/glow/v2/ui/pager.go:507.65,508.13 1 0
github.com/charmbracelet/glow/v2/ui/pager.go:511.4,512.22 2 0
github.com/charmbracelet/glow/v2/ui/pager.go:513.38,514.11 1 0
github.com/charmbracelet/glow/v2/ui/pager.go:514.11,515.13 1 0
github.com/charmbracelet/glow/v2/ui/pager.go:517.4,517.57 1 0
github.com/charmbracelet/glow/v2/ui/pager.go:522.36,526.16 3 0
github.com/charmbracelet/glow/v2/ui/pager.go:526.16,528.3 1 0
github.com/charmbracelet/glow/v2/ui/pager.go:528.8,530.3 1 0
github.com/charmbracelet/glow/v2/ui/pager.go:533.40,535.2 1 0
github.com/charmbracelet/glow/v2/ui/sort.go:8.37,9.54 1 0
github.com/charmbracelet/glow/v2/ui/sort.go:9.54,11.3 1 0
github.com/charmbracelet/glow/v2/ui/stash.go:113.21,124.2 1 0
github.com/charmbracelet/glow/v2/ui/stash.go:128.40,129.18 1 0
github.com/charmbracelet/glow/v2/ui/stash.go:130.27,131.31 1 0
github.com/charmbracelet/glow/v2/ui/stash.go:132.26,133.26 1 0
github.com/charmbracelet/glow/v2/ui/stash.go:134.10,135.28 1 0
github.com/charmbracelet/glow/v2/ui/stash.go:176.40,178.2 1 0
github.com/charmbracelet/glow/v2/ui/stash.go:180.47,182.2 1 0
github.com/charmbracelet/glow/v2/ui/stash.go:184.50,186.2 1 0
github.com/charmbracelet/glow/v2/ui/stash.go:188.54,190.2 1 0
github.com/charmbracelet/glow/v2/ui/stash.go:192.34,194.2 1 0
github.com/charmbracelet/glow/v2/ui/stash.go:196.39,198.2 1 0
github.com/charmbracelet/glow/v2/ui/stash.go:201.39,205.2 3 0
github.com/charmbracelet/glow/v2/ui/stash.go:207.49,216.2 4 0
github.com/charmbracelet/glow/v2/ui/stash.go:218.39,227.56 5 0
github.com/charmbracelet/glow/v2/ui/stash.go:227.56,229.3 1 0
github.com/charmbracelet/glow/v2/ui/stash.go:233.2,233.40 1 0
github.com/charmbracelet/glow/v2/ui/stash.go:233.40,235.3 1 0
github.com/charmbracelet/glow/v2/ui/stash.go:238.2,238.22 1 0
github.com/charmbracelet/glow/v2/ui/stash.go:242.42,244.2 1 0
github.com/charmbracelet/glow/v2/ui/stash.go:247.47,251.2 1 0
github.com/charmbracelet/glow/v2/ui/stash.go:255.41,265.54 4 0
github.com/charmbracelet/glow/v2/ui/stash.go:265.54,267.3 1 0
github.com/charmbracelet/glow/v2/ui/stash.go:267.8,269.3 1 0
github.com/charmbracelet/glow/v2/ui/stash.go:272.2,272.54 1 0
github.com/charmbracelet/glow/v2/ui/stash.go:272.54,274.3 1 0
github.com/charmbracelet/glow/v2/ui/stash.go:278.41,280.2 1 0
github.com/charmbracelet/glow/v2/ui/stash.go:283.50,287.45 3 0
github.com/charmbracelet/glow/v2/ui/stash.go:287.45,289.3 1 0
github.com/charmbracelet/glow/v2/ui/stash.go:291.2,291.15 1 0
github.com/charmbracelet/glow/v2/ui/stash.go:295.53,296.19 1 0
github.com/charmbracelet/glow/v2/ui/stash.go:296.19,298.3 1 0
github.com/charmbracelet/glow/v2/ui/stash.go:300.2,301.24 2 0
github.com/charmbracelet/glow/v2/ui/stash.go:301.24,303.3 1 0
github.com/charmbracelet/glow/v2/ui/stash.go:305.2,305.22 1 0
github.com/charmbracelet/glow/v2/ui/stash.go:309.55,310.75 1 0
github.com/charmbracelet/glow/v2/ui/stash.go:310.75,312.3 1 0
github.com/charmbracelet/glow/v2/ui/stash.go:314.2,314.20 1 0
github.com/charmbracelet/glow/v2/ui/stash.go:319.57,323.2 3 0
github.com/charmbracelet/glow/v2/ui/stash.go:325.42,328.33 3 0
github.com/charmbracelet/glow/v2/ui/stash.go:328.33,330.3 1 0
github.com/charmbracelet/glow/v2/ui/stash.go:333.37,335.47 2 0
github.com/charmbracelet/glow/v2/ui/stash.go:335.47,339.3 2 0
github.com/charmbracelet/glow/v2/ui/stash.go:341.2,341.21 1 0
github.com/charmbracelet/glow/v2/ui/stash.go:341.21,343.3 1 0
github.com/charmbracelet/glow/v2/ui/stash.go:345.2,347.74 2 0
github.com/charmbracelet/glow/v2/ui/stash.go:350.39,354.30 3 0
github.com/charmbracelet/glow/v2/ui/stash.go:354.30,356.3 1 0
github.com/charmbracelet/glow/v2/ui/stash.go:358.2,358.33 1 0
github.com/charmbracelet/glow/v2/ui/stash.go:358.33,362.3 3 0
github.com/charmbracelet/glow/v2/ui/stash.go:367.2,367.30 1 0
github.com/charmbracelet/glow/v2/ui/stash.go:367.30,370.3 2 0
github.com/charmbracelet/glow/v2/ui/stash.go:371.2,371.30 1 0
github.com/charmbracelet/glow/v2/ui/stash.go:376.52,400.2 11 0
github.com/charmbracelet/glow/v2/ui/stash.go:402.42,408.2 5 0
github.com/charmbracelet/glow/v2/ui/stash.go:412.63,415.27 2 0
github.com/charmbracelet/glow/v2/ui/stash.go:416.14,417.14 1 0
github.com/charmbracelet/glow/v2/ui/stash.go:419.31,421.18 1 0
github.com/charmbracelet/glow/v2/ui/stash.go:423.27,426.16 3 0
github.com/charmbracelet/glow/v2/ui/stash.go:428.23,429.21 1 0
github.com/charmbracelet/glow/v2/ui/stash.go:429.21,433.4 3 0
github.com/charmbracelet/glow/v2/ui/stash.go:435.31,436.46 1 0
github.com/charmbracelet/glow/v2/ui/stash.go:436.46,438.4 1 0
github.com/charmbracelet/glow/v2/ui/stash.go:441.2,441.32 1 0
github.com/charmbracelet/glow/v2/ui/stash.go:441.32,444.3 2 0
github.com/charmbracelet/glow/v2/ui/stash.go:447.2,447.21 1 0
github.com/charmbracelet/glow/v2/ui/stash.go:448.23,449.53 1 0
github.com/charmbracelet/glow/v2/ui/stash.go:450.30,452.36 1 0
github.com/charmbracelet/glow/v2/ui/stash.go:452.36,454.4 1 0
github.com/charmbracelet/glow/v2/ui/stash.go:457.2,457.30 1 0
github.com/charmbracelet/glow/v2/ui/stash.go:461.66,466.27 3 0
github.com/charmbracelet/glow/v2/ui/stash.go:468.18,469.23 1 0
github.com/charmbracelet/glow/v2/ui/stash.go:470.28,471.20 1 0
github.com/charmbracelet/glow/v2/ui/stash.go:473.30,474.22 1 0
github.com/charmbracelet/glow/v2/ui/stash.go:477.20,479.18 2 0
github.com/charmbracelet/glow/v2/ui/stash.go:482.19,484.55 2 0
github.com/charmbracelet/glow/v2/ui/stash.go:487.15,488.25 1 0
github.com/charmbracelet/glow/v2/ui/stash.go:488.25,490.5 1 0
github.com/charmbracelet/glow/v2/ui/stash.go:493.19,494.58 1 0
github.com/charmbracelet/glow/v2/ui/stash.go:494.58,495.10 1 0
github.com/charmbracelet/glow/v2/ui/stash.go:497.4,498.41 2 0
github.com/charmbracelet/glow/v2/ui/stash.go:498.41,500.5 1 0
github.com/charmbracelet/glow/v2/ui/stash.go:501.4,501.24 1 0
github.com/charmbracelet/glow/v2/ui/stash.go:504.25,505.58 1 0
github.com/charmbracelet/glow/v2/ui/stash.go:505.58,506.10 1 0
github.com/charmbracelet/glow/v2/ui/stash.go:508.4,509.26 2 0
github.com/charmbracelet/glow/v2/ui/stash.go:509.26,511.5 1 0
github.com/charmbracelet/glow/v2/ui/stash.go:512.4,512.24 1 0
github.com/charmbracelet/glow/v2/ui/stash.go:514.12,516.36 2 0
github.com/charmbracelet/glow/v2/ui/stash.go:519.12,523.17 2 0
github.com/charmbracelet/glow/v2/ui/stash.go:523.17,525.5 1 0
github.com/charmbracelet/glow/v2/ui/stash.go:527.4,527.38 1 0
github.com/charmbracelet/glow/v2/ui/stash.go:530.17,533.20 2 0
github.com/charmbracelet/glow/v2/ui/stash.go:533.20,534.10 1 0
github.com/charmbracelet/glow/v2/ui/stash.go:539.4,540.43 2 0
github.com/charmbracelet/glow/v2/ui/stash.go:543.12,547.35 2 0
github.com/charmbracelet/glow/v2/ui/stash.go:547.35,549.5 1 0
github.com/charmbracelet/glow/v2/ui/stash.go:551.4,558.26 7 0
github.com/charmbracelet/glow/v2/ui/stash.go:561.12,563.24 2 0
github.com/charmbracelet/glow/v2/ui/stash.go:566.12,567.54 1 0
github.com/charmbracelet/glow/v2/ui/stash.go:567.54,570.5 2 0
github.com/charmbracelet/glow/v2/ui/stash.go:577.2,582.37 4 0
github.com/charmbracelet/glow/v2/ui/stash.go:582.37,583.23 1 0
github.com/charmbracelet/glow/v2/ui/stash.go:584.17,585.28 1 0
github.com/charmbracelet/glow/v2/ui/stash.go:586.17,587.28 1 0
github.com/charmbracelet/glow/v2/ui/stash.go:592.2,593.32 2 0
github.com/charmbracelet/glow/v2/ui/stash.go:593.32,595.3 1 0
github.com/charmbracelet/glow/v2/ui/stash.go:597.2,597.27 1 0
github.com/charmbracelet/glow/v2/ui/stash.go:601.59,605.37 2 0
github.com/charmbracelet/glow/v2/ui/stash.go:605.37,606.23 1 0
github.com/charmbracelet/glow/v2/ui/stash.go:607.15,609.22 1 0
github.com/charmbracelet/glow/v2/ui/stash.go:610.71,613.29 2 0
github.com/charmbracelet/glow/v2/ui/stash.go:613.29,614.10 1 0
github.com/charmbracelet/glow/v2/ui/stash.go:617.4,620.19 2 0
github.com/charmbracelet/glow/v2/ui/stash.go:620.19,623.10 3 0
github.com/charmbracelet/glow/v2/ui/stash.go:628.4,628.19 1 0
github.com/charmbracelet/glow/v2/ui/stash.go:628.19,632.10 4 0
github.com/charmbracelet/glow/v2/ui/stash.go:636.4,636.58 1 0
github.com/charmbracelet/glow/v2/ui/stash.go:636.58,638.5 1 0
github.com/charmbracelet/glow/v2/ui/stash.go:639.4,644.35 4 0
github.com/charmbracelet/glow/v2/ui/stash.go:644.35,646.5 1 0
github.com/charmbracelet/glow/v2/ui/stash.go:651.2,658.38 6 0
github.com/charmbracelet/glow/v2/ui/stash.go:658.38,660.3 1 0
github.com/charmbracelet/glow/v2/ui/stash.go:663.2,665.27 2 0
github.com/charmbracelet/glow/v2/ui/stash.go:670.35,672.21 2 0
github.com/charmbracelet/glow/v2/ui/stash.go:673.30,674.33 1 0
github.com/charmbracelet/glow/v2/ui/stash.go:675.33,676.55 1 0
github.com/charmbracelet/glow/v2/ui/stash.go:677.23,679.21 2 0
github.com/charmbracelet/glow/v2/ui/stash.go:679.21,681.4 1 0
github.com/charmbracelet/glow/v2/ui/stash.go:685.3,689.56 3 0
github.com/charmbracelet/glow/v2/ui/stash.go:689.56,691.4 1 0
github.com/charmbracelet/glow/v2/ui/stash.go:691.9,691.40 1 0
github.com/charmbracelet/glow/v2/ui/stash.go:691.40,693.4 1 0
github.com/charmbracelet/glow/v2/ui/stash.go:693.9,695.27 2 0
github.com/charmbracelet/glow/v2/ui/stash.go:695.27,697.5 1 0
github.com/charmbracelet/glow/v2/ui/stash.go:699.3,716.35 8 0
github.com/charmbracelet/glow/v2/ui/stash.go:716.35,721.87 2 0
github.com/charmbracelet/glow/v2/ui/stash.go:721.87,733.5 3 0
github.com/charmbracelet/glow/v2/ui/stash.go:736.3,745.4 1 0
github.com/charmbracelet/glow/v2/ui/stash.go:747.2,747.38 1 0
github.com/charmbracelet/glow/v2/ui/stash.go:750.28,752.2 1 0
github.com/charmbracelet/glow/v2/ui/stash.go:754.41,760.32 3 0
github.com/charmbracelet/glow/v2/ui/stash.go:760.32,761.22 1 0
github.com/charmbracelet/glow/v2/ui/stash.go:761.22,763.4 1 0
github.com/charmbracelet/glow/v2/ui/stash.go:764.3,764.21 1 0
github.com/charmbracelet/glow/v2/ui/stash.go:764.21,766.4 1 0
github.com/charmbracelet/glow/v2/ui/stash.go:768.3,768.27 1 0
github.com/charmbracelet/glow/v2/ui/stash.go:768.27,770.4 1 0
github.com/charmbracelet/glow/v2/ui/stash.go:772.3,772.53 1 0
github.com/charmbracelet/glow/v2/ui/stash.go:776.2,776.31 1 0
github.com/charmbracelet/glow/v2/ui/stash.go:776.31,779.16 2 0
github.com/charmbracelet/glow/v2/ui/stash.go:780.25,781.47 1 0
github.com/charmbracelet/glow/v2/ui/stash.go:783.22,784.83 1 0
github.com/charmbracelet/glow/v2/ui/stash.go:787.3,787.49 1 0
github.com/charmbracelet/glow/v2/ui/stash.go:787.49,789.4 1 0
github.com/charmbracelet/glow/v2/ui/stash.go:789.9,791.4 1 0
github.com/charmbracelet/glow/v2/ui/stash.go:792.3,792.33 1 0
github.com/charmbracelet/glow/v2/ui/stash.go:795.2,795.52 1 0
github.com/charmbracelet/glow/v2/ui/stash.go:798.44,804.19 3 0
github.com/charmbracelet/glow/v2/ui/stash.go:804.19,805.23 1 0
github.com/charmbracelet/glow/v2/ui/stash.go:805.23,807.4 1 0
github.com/charmbracelet/glow/v2/ui/stash.go:809.3,809.41 1 0
github.com/charmbracelet/glow/v2/ui/stash.go:810.25,811.23 1 0
github.com/charmbracelet/glow/v2/ui/stash.go:811.23,813.5 1 0
github.com/charmbracelet/glow/v2/ui/stash.go:813.10,815.5 1 0
github.com/charmbracelet/glow/v2/ui/stash.go:816.22,817.13 1 0
github.com/charmbracelet/glow/v2/ui/stash.go:821.2,821.18 1 0
github.com/charmbracelet/glow/v2/ui/stash.go:821.18,825.27 3 0
github.com/charmbracelet/glow/v2/ui/stash.go:825.27,827.24 2 0
github.com/charmbracelet/glow/v2/ui/stash.go:827.24,829.5 1 0
github.com/charmbracelet/glow/v2/ui/stash.go:836.2,837.41 2 0
github.com/charmbracelet/glow/v2/ui/stash.go:837.41,839.20 2 0
github.com/charmbracelet/glow/v2/ui/stash.go:839.20,841.4 1 0
github.com/charmbracelet/glow/v2/ui/stash.go:842.3,842.26 1 0
github.com/charmbracelet/glow/v2/ui/stash.go:842.26,844.4 1 0
github.com/charmbracelet/glow/v2/ui/stash.go:847.2,847.19 1 0
github.com/charmbracelet/glow/v2/ui/stash.go:852.46,853.24 1 0
github.com/charmbracelet/glow/v2/ui/stash.go:853.24,854.25 1 0
github.com/charmbracelet/glow/v2/ui/stash.go:854.25,856.4 1 0
github.com/charmbracelet/glow/v2/ui/stash.go:858.3,859.17 2 0
github.com/charmbracelet/glow/v2/ui/stash.go:859.17,862.4 2 0
github.com/charmbracelet/glow/v2/ui/stash.go:863.3,864.32 2 0
github.com/charmbracelet/glow/v2/ui/stash.go:868.44,869.24 1 0
github.com/charmbracelet/glow/v2/ui/stash.go:869.24,870.56 1 0
github.com/charmbracelet/glow/v2/ui/stash.go:870.56,872.4 1 0
github.com/charmbracelet/glow/v2/ui/stash.go:874.3,877.25 3 0
github.com/charmbracelet/glow/v2/ui/stash.go:877.25,879.4 1 0
github.com/charmbracelet/glow/v2/ui/stash.go:881.3,885.27 4 0
github.com/charmbracelet/glow/v2/ui/stash.go:885.27,887.4 1 0
github.com/charmbracelet/glow/v2/ui/stash.go:889.3,889.39 1 0
github.com/charmbracelet/glow/v2/ui/stashhelp.go:20.52,21.23 1 0
github.com/charmbracelet/glow/v2/ui/stashhelp.go:21.23,22.61 1 0
github.com/charmbracelet/glow/v2/ui/stashhelp.go:25.2,25.40 1 0
github.com/charmbracelet/glow/v2/ui/stashhelp.go:25.40,27.3 1 0
github.com/charmbracelet/glow/v2/ui/stashhelp.go:29.2,29.8 1 0
github.com/charmbracelet/glow/v2/ui/stashhelp.go:33.56,36.30 2 0
github.com/charmbracelet/glow/v2/ui/stashhelp.go:36.30,41.17 2 0
github.com/charmbracelet/glow/v2/ui/stashhelp.go:41.17,45.13 3 0
github.com/charmbracelet/glow/v2/ui/stashhelp.go:46.13,48.26 2 0
github.com/charmbracelet/glow/v2/ui/stashhelp.go:49.12,51.21 2 0
github.com/charmbracelet/glow/v2/ui/stashhelp.go:54.3,59.34 6 0
github.com/charmbracelet/glow/v2/ui/stashhelp.go:62.2,62.8 1 0
github.com/charmbracelet/glow/v2/ui/stashhelp.go:66.58,67.22 1 0
github.com/charmbracelet/glow/v2/ui/stashhelp.go:67.22,70.18 3 0
github.com/charmbracelet/glow/v2/ui/stashhelp.go:70.18,72.4 1 0
github.com/charmbracelet/glow/v2/ui/stashhelp.go:73.3,73.18 1 0
github.com/charmbracelet/glow/v2/ui/stashhelp.go:73.18,75.4 1 0
github.com/charmbracelet/glow/v2/ui/stashhelp.go:78.2,78.8 1 0
github.com/charmbracelet/glow/v2/ui/stashhelp.go:83.46,87.32 2 0
github.com/charmbracelet/glow/v2/ui/stashhelp.go:87.32,90.18 2 0
github.com/charmbracelet/glow/v2/ui/stashhelp.go:91.10,92.39 1 0
github.com/charmbracelet/glow/v2/ui/stashhelp.go:93.10,94.50 1 0
github.com/charmbracelet/glow/v2/ui/stashhelp.go:95.11,96.88 1 0
github.com/charmbracelet/glow/v2/ui/stashhelp.go:99.3,99.25 1 0
github.com/charmbracelet/glow/v2/ui/stashhelp.go:102.2,111.35 2 0
github.com/charmbracelet/glow/v2/ui/stashhelp.go:111.35,113.3 1 0
github.com/charmbracelet/glow/v2/ui/stashhelp.go:115.2,115.25 1 0
github.com/charmbracelet/glow/v2/ui/stashhelp.go:115.25,116.21 1 0
github.com/charmbracelet/glow/v2/ui/stashhelp.go:116.21,118.4 1 0
github.com/charmbracelet/glow/v2/ui/stashhelp.go:118.9,120.4 1 0
github.com/charmbracelet/glow/v2/ui/stashhelp.go:123.2,123.34 1 0
github.com/charmbracelet/glow/v2/ui/stashhelp.go:123.34,125.3 1 0
github.com/charmbracelet/glow/v2/ui/stashhelp.go:128.2,128.23 1 0
github.com/charmbracelet/glow/v2/ui/stashhelp.go:128.23,130.3 1 0
github.com/charmbracelet/glow/v2/ui/stashhelp.go:130.8,132.3 1 0
github.com/charmbracelet/glow/v2/ui/stashhelp.go:135.2,135.18 1 0
github.com/charmbracelet/glow/v2/ui/stashhelp.go:135.18,137.3 1 0
github.com/charmbracelet/glow/v2/ui/stashhelp.go:139.2,141.17 2 0
github.com/charmbracelet/glow/v2/ui/stashhelp.go:141.17,143.3 1 0
github.com/charmbracelet/glow/v2/ui/stashhelp.go:145.2,148.20 2 0
github.com/charmbracelet/glow/v2/ui/stashhelp.go:148.20,149.33 1 0
github.com/charmbracelet/glow/v2/ui/stashhelp.go:149.33,151.4 1 0
github.com/charmbracelet/glow/v2/ui/stashhelp.go:152.3,152.101 1 0
github.com/charmbracelet/glow/v2/ui/stashhelp.go:156.2,156.32 1 0
github.com/charmbracelet/glow/v2/ui/stashhelp.go:156.32,158.3 1 0
github.com/charmbracelet/glow/v2/ui/stashhelp.go:159.2,159.89 1 0
github.com/charmbracelet/glow/v2/ui/stashhelp.go:166.66,167.20 1 0
github.com/charmbracelet/glow/v2/ui/stashhelp.go:167.20,171.3 3 0
github.com/charmbracelet/glow/v2/ui/stashhelp.go:172.2,172.60 1 0
github.com/charmbracelet/glow/v2/ui/stashhelp.go:178.60,179.23 1 0
github.com/charmbracelet/glow/v2/ui/stashhelp.go:179.23,181.3 1 0
github.com/charmbracelet/glow/v2/ui/stashhelp.go:183.2,198.42 3 0
github.com/charmbracelet/glow/v2/ui/stashhelp.go:198.42,207.25 6 0
github.com/charmbracelet/glow/v2/ui/stashhelp.go:207.25,209.4 1 0
github.com/charmbracelet/glow/v2/ui/stashhelp.go:213.3,213.75 1 0
github.com/charmbracelet/glow/v2/ui/stashhelp.go:213.75,215.9 2 0
github.com/charmbracelet/glow/v2/ui/stashhelp.go:218.3,218.12 1 0
github.com/charmbracelet/glow/v2/ui/stashhelp.go:220.2,220.10 1 0
github.com/charmbracelet/glow/v2/ui/stashhelp.go:223.61,229.27 4 0
github.com/charmbracelet/glow/v2/ui/stashhelp.go:229.27,230.18 1 0
github.com/charmbracelet/glow/v2/ui/stashhelp.go:230.18,231.12 1 0
github.com/charmbracelet/glow/v2/ui/stashhelp.go:234.3,234.49 1 0
github.com/charmbracelet/glow/v2/ui/stashhelp.go:238.2,238.28 1 0
github.com/charmbracelet/glow/v2/ui/stashhelp.go:238.28,239.26 1 0
github.com/charmbracelet/glow/v2/ui/stashhelp.go:239.26,241.4 1 0
github.com/charmbracelet/glow/v2/ui/stashhelp.go:245.2,245.28 1 0
github.com/charmbracelet/glow/v2/ui/stashhelp.go:245.28,247.3 1 0
github.com/charmbracelet/glow/v2/ui/stashhelp.go:250.2,250.38 1 0
github.com/charmbracelet/glow/v2/ui/stashhelp.go:254.44,259.25 3 0
github.com/charmbracelet/glow/v2/ui/stashhelp.go:259.25,261.21 2 0
github.com/charmbracelet/glow/v2/ui/stashhelp.go:261.21,263.4 1 0
github.com/charmbracelet/glow/v2/ui/stashhelp.go:267.2,267.32 1 0
github.com/charmbracelet/glow/v2/ui/stashhelp.go:267.32,269.3 1 0
github.com/charmbracelet/glow/v2/ui/stashhelp.go:271.2,272.34 2 0
github.com/charmbracelet/glow/v2/ui/stashhelp.go:272.34,273.28 1 0
github.com/charmbracelet/glow/v2/ui/stashhelp.go:273.28,274.21 1 0
github.com/charmbracelet/glow/v2/ui/stashhelp.go:274.21,275.13 1 0
github.com/charmbracelet/glow/v2/ui/stashhelp.go:277.4,277.14 1 0
github.com/charmbracelet/glow/v2/ui/stashhelp.go:277.14,279.5 1 0
github.com/charmbracelet/glow/v2/ui/stashhelp.go:279.10,279.20 1 0
github.com/charmbracelet/glow/v2/ui/stashhelp.go:279.20,281.5 1 0
github.com/charmbracelet/glow/v2/ui/stashhelp.go:282.4,282.25 1 0
github.com/charmbracelet/glow/v2/ui/stashhelp.go:284.3,284.23 1 0
github.com/charmbracelet/glow/v2/ui/stashhelp.go:284.23,286.4 1 0
github.com/charmbracelet/glow/v2/ui/stashhelp.go:289.2,289.19 1 0
github.com/charmbracelet/glow/v2/ui/stashhelp.go:292.55,293.22 1 0
github.com/charmbracelet/glow/v2/ui/stashhelp.go:293.22,295.3 1 0
github.com/charmbracelet/glow/v2/ui/stashhelp.go:296.2,296.8 1 0
github.com/charmbracelet/glow/v2/ui/stashitem.go:18.79,37.54 5 0
github.com/charmbracelet/glow/v2/ui/stashitem.go:37.54,39.47 1 0
github.com/charmbracelet/glow/v2/ui/stashitem.go:39.47,46.4 6 0
github.com/charmbracelet/glow/v2/ui/stashitem.go:46.9,49.58 2 0
github.com/charmbracelet/glow/v2/ui/stashitem.go:49.58,52.5 2 0
github.com/charmbracelet/glow/v2/ui/stashitem.go:52.10,55.5 2 0
github.com/charmbracelet/glow/v2/ui/stashitem.go:56.4,58.40 3 0
github.com/charmbracelet/glow/v2/ui/stashitem.go:60.8,62.47 2 0
github.com/charmbracelet/glow/v2/ui/stashitem.go:62.47,68.4 5 0
github.com/charmbracelet/glow/v2/ui/stashitem.go:68.9,68.56 1 0
github.com/charmbracelet/glow/v2/ui/stashitem.go:68.56,74.4 5 0
github.com/charmbracelet/glow/v2/ui/stashitem.go:74.9,82.4 6 0
github.com/charmbracelet/glow/v2/ui/stashitem.go:85.2,87.17 3 0
github.com/charmbracelet/glow/v2/ui/stashitem.go:87.17,89.3 1 0
github.com/charmbracelet/glow/v2/ui/stashitem.go:92.100,96.16 3 0
github.com/charmbracelet/glow/v2/ui/stashitem.go:96.16,98.3 1 0
github.com/charmbracelet/glow/v2/ui/stashitem.go:100.2,101.23 2 0
github.com/charmbracelet/glow/v2/ui/stashitem.go:101.23,103.3 1 0
github.com/charmbracelet/glow/v2/ui/stashitem.go:105.2,106.40 2 0
github.com/charmbracelet/glow/v2/ui/stashitem.go:106.40,108.39 2 0
github.com/charmbracelet/glow/v2/ui/stashitem.go:108.39,109.15 1 0
github.com/charmbracelet/glow/v2/ui/stashitem.go:109.15,112.5 2 0
github.com/charmbracelet/glow/v2/ui/stashitem.go:114.3,114.14 1 0
github.com/charmbracelet/glow/v2/ui/stashitem.go:114.14,116.4 1 0
github.com/charmbracelet/glow/v2/ui/stashitem.go:119.2,119.19 1 0
github.com/charmbracelet/glow/v2/ui/ui.go:33.58,44.21 4 0
github.com/charmbracelet/glow/v2/ui/ui.go:44.21,46.3 1 0
github.com/charmbracelet/glow/v2/ui/ui.go:47.2,48.35 2 0
github.com/charmbracelet/glow/v2/ui/ui.go:53.32,53.56 1 0
github.com/charmbracelet/glow/v2/ui/ui.go:85.32,90.2 1 0
github.com/charmbracelet/glow/v2/ui/ui.go:116.44,123.47 6 0
github.com/charmbracelet/glow/v2/ui/ui.go:123.47,125.3 1 0
github.com/charmbracelet/glow/v2/ui/ui.go:127.2,127.27 1 0
github.com/charmbracelet/glow/v2/ui/ui.go:127.27,129.3 1 0
github.com/charmbracelet/glow/v2/ui/ui.go:130.2,130.14 1 0
github.com/charmbracelet/glow/v2/ui/ui.go:133.53,136.42 2 0
github.com/charmbracelet/glow/v2/ui/ui.go:136.42,137.29 1 0
github.com/charmbracelet/glow/v2/ui/ui.go:137.29,139.4 1 0
github.com/charmbracelet/glow/v2/ui/ui.go:139.9,141.4 1 0
github.com/charmbracelet/glow/v2/ui/ui.go:144.2,156.33 4 0
github.com/charmbracelet/glow/v2/ui/ui.go:156.33,160.3 3 0
github.com/charmbracelet/glow/v2/ui/ui.go:162.2,162.16 1 0
github.com/charmbracelet/glow/v2/ui/ui.go:162.16,164.3 1 0
github.com/charmbracelet/glow/v2/ui/ui.go:165.2,166.16 2 0
github.com/charmbracelet/glow/v2/ui/ui.go:166.16,170.3 3 0
github.com/charmbracelet/glow/v2/ui/ui.go:171.2,171.18 1 0
github.com/charmbracelet/glow/v2/ui/ui.go:171.18,173.3 1 0
github.com/charmbracelet/glow/v2/ui/ui.go:173.8,181.3 3 0
github.com/charmbracelet/glow/v2/ui/ui.go:183.2,183.10 1 0
github.com/charmbracelet/glow/v2/ui/ui.go:186.31,189.17 2 0
github.com/charmbracelet/glow/v2/ui/ui.go:190.22,191.49 1 0
github.com/charmbracelet/glow/v2/ui/ui.go:192.25,194.17 2 0
github.com/charmbracelet/glow/v2/ui/ui.go:194.17,196.26 2 0
github.com/charmbracelet/glow/v2/ui/ui.go:196.26,196.48 1 0
github.com/charmbracelet/glow/v2/ui/ui.go:198.3,199.56 2 0
github.com/charmbracelet/glow/v2/ui/ui.go:202.2,202.27 1 0
github.com/charmbracelet/glow/v2/ui/ui.go:205.57,207.23 1 0
github.com/charmbracelet/glow/v2/ui/ui.go:207.23,208.36 1 0
github.com/charmbracelet/glow/v2/ui/ui.go:208.36,210.4 1 0
github.com/charmbracelet/glow/v2/ui/ui.go:213.2,215.27 2 0
github.com/charmbracelet/glow/v2/ui/ui.go:216.18,217.23 1 0
github.com/charmbracelet/glow/v2/ui/ui.go:218.14,219.86 1 0
github.com/charmbracelet/glow/v2/ui/ui.go:219.86,222.5 2 0
github.com/charmbracelet/glow/v2/ui/ui.go:223.12,225.33 2 0
github.com/charmbracelet/glow/v2/ui/ui.go:225.33,227.41 1 0
github.com/charmbracelet/glow/v2/ui/ui.go:227.41,230.6 2 0
github.com/charmbracelet/glow/v2/ui/ui.go:231.5,232.23 2 0
github.com/charmbracelet/glow/v2/ui/ui.go:235.12,238.19 2 0
github.com/charmbracelet/glow/v2/ui/ui.go:239.24,241.41 1 0
github.com/charmbracelet/glow/v2/ui/ui.go:241.41,244.6 2 0
github.com/charmbracelet/glow/v2/ui/ui.go:247.4,247.22 1 0
github.com/charmbracelet/glow/v2/ui/ui.go:249.30,250.36 1 0
github.com/charmbracelet/glow/v2/ui/ui.go:250.36,253.5 2 0
github.com/charmbracelet/glow/v2/ui/ui.go:255.17,256.25 1 0
github.com/charmbracelet/glow/v2/ui/ui.go:259.17,260.22 1 0
github.com/charmbracelet/glow/v2/ui/ui.go:264.25,268.41 4 0
github.com/charmbracelet/glow/v2/ui/ui.go:270.30,273.44 3 0
github.com/charmbracelet/glow/v2/ui/ui.go:275.26,279.56 3 0
github.com/charmbracelet/glow/v2/ui/ui.go:281.26,282.30 1 0
github.com/charmbracelet/glow/v2/ui/ui.go:284.31,290.16 3 0
github.com/charmbracelet/glow/v2/ui/ui.go:292.25,295.30 3 0
github.com/charmbracelet/glow/v2/ui/ui.go:295.30,297.4 1 0
github.com/charmbracelet/glow/v2/ui/ui.go:298.3,298.35 1 0
github.com/charmbracelet/glow/v2/ui/ui.go:298.35,300.4 1 0
github.com/charmbracelet/glow/v2/ui/ui.go:301.3,301.44 1 0
github.com/charmbracelet/glow/v2/ui/ui.go:303.27,304.35 1 0
github.com/charmbracelet/glow/v2/ui/ui.go:304.35,308.4 3 0
github.com/charmbracelet/glow/v2/ui/ui.go:312.2,312.17 1 0
github.com/charmbracelet/glow/v2/ui/ui.go:313.22,316.27 3 0
github.com/charmbracelet/glow/v2/ui/ui.go:318.25,321.27 3 0
github.com/charmbracelet/glow/v2/ui/ui.go:324.2,324.30 1 0
github.com/charmbracelet/glow/v2/ui/ui.go:327.30,328.23 1 0
github.com/charmbracelet/glow/v2/ui/ui.go:328.23,330.3 1 0
github.com/charmbracelet/glow/v2/ui/ui.go:332.2,332.17 1 0
github.com/charmbracelet/glow/v2/ui/ui.go:333.25,334.24 1 0
github.com/charmbracelet/glow/v2/ui/ui.go:335.10,336.24 1 0
github.com/charmbracelet/glow/v2/ui/ui.go:340.46,342.11 2 0
github.com/charmbracelet/glow/v2/ui/ui.go:342.11,344.3 1 0
github.com/charmbracelet/glow/v2/ui/ui.go:344.8,346.3 1 0
github.com/charmbracelet/glow/v2/ui/ui.go:347.2,352.28 2 0
github.com/charmbracelet/glow/v2/ui/ui.go:357.44,358.24 1 0
github.com/charmbracelet/glow/v2/ui/ui.go:358.24,365.16 3 0
github.com/charmbracelet/glow/v2/ui/ui.go:365.16,367.4 1 0
github.com/charmbracelet/glow/v2/ui/ui.go:367.9,370.34 3 0
github.com/charmbracelet/glow/v2/ui/ui.go:370.34,372.5 1 0
github.com/charmbracelet/glow/v2/ui/ui.go:376.3,376.17 1 0
github.com/charmbracelet/glow/v2/ui/ui.go:376.17,379.4 2 0
github.com/charmbracelet/glow/v2/ui/ui.go:381.3,385.25 3 0
github.com/charmbracelet/glow/v2/ui/ui.go:385.25,387.4 1 0
github.com/charmbracelet/glow/v2/ui/ui.go:387.9,389.4 1 0
github.com/charmbracelet/glow/v2/ui/ui.go:391.3,391.17 1 0
github.com/charmbracelet/glow/v2/ui/ui.go:391.17,394.4 2 0
github.com/charmbracelet/glow/v2/ui/ui.go:396.3,396.50 1 0
github.com/charmbracelet/glow/v2/ui/ui.go:400.41,401.24 1 0
github.com/charmbracelet/glow/v2/ui/ui.go:401.24,404.9 2 0
github.com/charmbracelet/glow/v2/ui/ui.go:404.9,407.4 1 0
github.com/charmbracelet/glow/v2/ui/ui.go:409.3,410.35 2 0
github.com/charmbracelet/glow/v2/ui/ui.go:414.84,415.24 1 0
github.com/charmbracelet/glow/v2/ui/ui.go:415.24,418.3 2 0
github.com/charmbracelet/glow/v2/ui/ui.go:426.73,432.2 1 0
github.com/charmbracelet/glow/v2/ui/ui.go:434.53,438.2 3 0
github.com/charmbracelet/glow/v2/ui/ui.go:441.37,442.23 1 0
github.com/charmbracelet/glow/v2/ui/ui.go:442.23,444.3 1 0
github.com/charmbracelet/glow/v2/ui/ui.go:445.2,448.22 4 0
github.com/charmbracelet/glow/v2/ui/ui.go:448.22,450.3 1 0
github.com/charmbracelet/glow/v2/ui/ui.go:451.2,451.19 1 0
github.com/charmbracelet/glow/v2/config_cmd.go:35.45,36.44 1 0
github.com/charmbracelet/glow/v2/config_cmd.go:36.44,38.4 1 0
github.com/charmbracelet/glow/v2/config_cmd.go:40.3,41.17 2 0
github.com/charmbracelet/glow/v2/config_cmd.go:41.17,43.4 1 0
github.com/charmbracelet/glow/v2/config_cmd.go:44.3,47.33 4 0
github.com/charmbracelet/glow/v2/config_cmd.go:47.33,49.4 1 0
github.com/charmbracelet/glow/v2/config_cmd.go:51.3,52.13 2 0
github.com/charmbracelet/glow/v2/config_cmd.go:56.31,57.22 1 0
github.com/charmbracelet/glow/v2/config_cmd.go:57.22,59.70 2 0
github.com/charmbracelet/glow/v2/config_cmd.go:59.70,61.4 1 0
github.com/charmbracelet/glow/v2/config_cmd.go:64.2,64.66 1 0
github.com/charmbracelet/glow/v2/config_cmd.go:64.66,66.3 1 0
github.com/charmbracelet/glow/v2/config_cmd.go:68.2,68.67 1 0
github.com/charmbracelet/glow/v2/config_cmd.go:68.67,71.70 1 0
github.com/charmbracelet/glow/v2/config_cmd.go:71.70,73.4 1 0
github.com/charmbracelet/glow/v2/config_cmd.go:75.3,76.17 2 0
github.com/charmbracelet/glow/v2/config_cmd.go:76.17,78.4 1 0
github.com/charmbracelet/glow/v2/config_cmd.go:79.3,79.16 1 0
github.com/charmbracelet/glow/v2/config_cmd.go:79.16,79.33 1 0
github.com/charmbracelet/glow/v2/config_cmd.go:81.3,81.57 1 0
github.com/charmbracelet/glow/v2/config_cmd.go:81.57,83.4 1 0
github.com/charmbracelet/glow/v2/config_cmd.go:84.8,84.23 1 0
github.com/charmbracelet/glow/v2/config_cmd.go:84.23,86.3 1 0
github.com/charmbracelet/glow/v2/config_cmd.go:87.2,87.12 1 0
github.com/charmbracelet/glow/v2/github.go:14.52,16.9 2 0
github.com/charmbracelet/glow/v2/github.go:16.9,18.3 1 0
github.com/charmbracelet/glow/v2/github.go:20.2,29.16 4 0
github.com/charmbracelet/glow/v2/github.go:29.16,31.3 1 0
github.com/charmbracelet/glow/v2/github.go:33.2,34.16 2 0
github.com/charmbracelet/glow/v2/github.go:34.16,36.3 1 0
github.com/charmbracelet/glow/v2/github.go:38.2,39.54 2 0
github.com/charmbracelet/glow/v2/github.go:39.54,41.3 1 0
github.com/charmbracelet/glow/v2/github.go:43.2,43.37 1 0
github.com/charmbracelet/glow/v2/github.go:43.37,47.17 2 0
github.com/charmbracelet/glow/v2/github.go:47.17,49.4 1 0
github.com/charmbracelet/glow/v2/github.go:51.3,51.39 1 0
github.com/charmbracelet/glow/v2/github.go:51.39,53.4 1 0
github.com/charmbracelet/glow/v2/github.go:56.2,56.66 1 0
github.com/charmbracelet/glow/v2/gitlab.go:14.52,16.9 2 0
github.com/charmbracelet/glow/v2/gitlab.go:16.9,18.3 1 0
github.com/charmbracelet/glow/v2/gitlab.go:20.2,31.16 5 0
github.com/charmbracelet/glow/v2/gitlab.go:31.16,33.3 1 0
github.com/charmbracelet/glow/v2/gitlab.go:35.2,36.16 2 0
github.com/charmbracelet/glow/v2/gitlab.go:36.16,38.3 1 0
github.com/charmbracelet/glow/v2/gitlab.go:40.2,41.54 2 0
github.com/charmbracelet/glow/v2/gitlab.go:41.54,43.3 1 0
github.com/charmbracelet/glow/v2/gitlab.go:45.2,47.37 2 0
github.com/charmbracelet/glow/v2/gitlab.go:47.37,51.17 2 0
github.com/charmbracelet/glow/v2/gitlab.go:51.17,53.4 1 0
github.com/charmbracelet/glow/v2/gitlab.go:55.3,55.39 1 0
github.com/charmbracelet/glow/v2/gitlab.go:55.39,57.4 1 0
github.com/charmbracelet/glow/v2/gitlab.go:60.2,60.66 1 0
github.com/charmbracelet/glow/v2/log.go:13.39,15.16 2 0
github.com/charmbracelet/glow/v2/log.go:15.16,17.3 1 0
github.com/charmbracelet/glow/v2/log.go:18.2,18.44 1 0
github.com/charmbracelet/glow/v2/log.go:21.39,25.16 3 0
github.com/charmbracelet/glow/v2/log.go:25.16,27.3 1 0
github.com/charmbracelet/glow/v2/log.go:28.2,28.66 1 0
github.com/charmbracelet/glow/v2/log.go:28.66,30.23 1 0
github.com/charmbracelet/glow/v2/log.go:30.23,30.37 1 0
github.com/charmbracelet/glow/v2/log.go:32.2,33.16 2 0
github.com/charmbracelet/glow/v2/log.go:33.16,35.23 1 0
github.com/charmbracelet/glow/v2/log.go:35.23,35.37 1 0
github.com/charmbracelet/glow/v2/log.go:37.2,39.21 3 0
github.com/charmbracelet/glow/v2/main.go:56.98,58.4 1 0
github.com/charmbracelet/glow/v2/main.go:59.65,61.4 1 0
github.com/charmbracelet/glow/v2/main.go:73.49,75.16 1 0
github.com/charmbracelet/glow/v2/main.go:75.16,77.3 1 0
github.com/charmbracelet/glow/v2/main.go:80.2,81.30 2 0
github.com/charmbracelet/glow/v2/main.go:81.30,84.3 1 0
github.com/charmbracelet/glow/v2/main.go:87.2,87.84 1 0
github.com/charmbracelet/glow/v2/main.go:87.84,88.21 1 0
github.com/charmbracelet/glow/v2/main.go:88.21,89.49 1 0
github.com/charmbracelet/glow/v2/main.go:89.49,91.5 1 0
github.com/charmbracelet/glow/v2/main.go:93.4,94.18 2 0
github.com/charmbracelet/glow/v2/main.go:94.18,96.5 1 0
github.com/charmbracelet/glow/v2/main.go:97.4,97.40 1 0
github.com/charmbracelet/glow/v2/main.go:97.40,99.5 1 0
github.com/charmbracelet/glow/v2/main.go:100.4,100.46 1 0
github.com/charmbracelet/glow/v2/main.go:105.2,105.19 1 0
github.com/charmbracelet/glow/v2/main.go:105.19,108.3 1 0
github.com/charmbracelet/glow/v2/main.go:109.2,110.30 2 0
github.com/charmbracelet/glow/v2/main.go:110.30,112.76 2 0
github.com/charmbracelet/glow/v2/main.go:112.76,113.18 1 0
github.com/charmbracelet/glow/v2/main.go:113.18,115.5 1 0
github.com/charmbracelet/glow/v2/main.go:116.4,116.34 1 0
github.com/charmbracelet/glow/v2/main.go:116.34,117.50 1 0
github.com/charmbracelet/glow/v2/main.go:117.50,119.20 2 0
github.com/charmbracelet/glow/v2/main.go:119.20,120.15 1 0
github.com/charmbracelet/glow/v2/main.go:123.6,127.39 3 0
github.com/charmbracelet/glow/v2/main.go:130.4,130.14 1 0
github.com/charmbracelet/glow/v2/main.go:133.3,133.17 1 0
github.com/charmbracelet/glow/v2/main.go:133.17,135.4 1 0
github.com/charmbracelet/glow/v2/main.go:137.3,137.52 1 0
github.com/charmbracelet/glow/v2/main.go:140.2,141.16 2 0
github.com/charmbracelet/glow/v2/main.go:141.16,143.3 1 0
github.com/charmbracelet/glow/v2/main.go:144.2,145.16 2 0
github.com/charmbracelet/glow/v2/main.go:145.16,147.3 1 0
github.com/charmbracelet/glow/v2/main.go:148.2,148.27 1 0
github.com/charmbracelet/glow/v2/main.go:153.40,154.59 1 0
github.com/charmbracelet/glow/v2/main.go:154.59,156.63 2 0
github.com/charmbracelet/glow/v2/main.go:156.63,158.4 1 0
github.com/charmbracelet/glow/v2/main.go:158.9,158.24 1 0
github.com/charmbracelet/glow/v2/main.go:158.24,160.4 1 0
github.com/charmbracelet/glow/v2/main.go:162.2,162.12 1 0
github.com/charmbracelet/glow/v2/main.go:165.48,175.18 8 0
github.com/charmbracelet/glow/v2/main.go:175.18,177.3 1 0
github.com/charmbracelet/glow/v2/main.go:180.2,181.45 2 0
github.com/charmbracelet/glow/v2/main.go:181.45,183.3 1 0
github.com/charmbracelet/glow/v2/main.go:185.2,188.50 2 0
github.com/charmbracelet/glow/v2/main.go:188.50,190.3 1 0
github.com/charmbracelet/glow/v2/main.go:193.2,193.35 1 0
github.com/charmbracelet/glow/v2/main.go:193.35,194.31 1 0
github.com/charmbracelet/glow/v2/main.go:194.31,196.18 2 0
github.com/charmbracelet/glow/v2/main.go:196.18,198.5 1 0
github.com/charmbracelet/glow/v2/main.go:200.4,200.19 1 0
github.com/charmbracelet/glow/v2/main.go:200.19,202.5 1 0
github.com/charmbracelet/glow/v2/main.go:204.3,204.17 1 0
github.com/charmbracelet/glow/v2/main.go:204.17,206.4 1 0
github.com/charmbracelet/glow/v2/main.go:208.2,208.12 1 0
github.com/charmbracelet/glow/v2/main.go:211.34,213.16 2 0
github.com/charmbracelet/glow/v2/main.go:213.16,215.3 1 0
github.com/charmbracelet/glow/v2/main.go:216.2,216.59 1 0
github.com/charmbracelet/glow/v2/main.go:216.59,218.3 1 0
github.com/charmbracelet/glow/v2/main.go:219.2,219.19 1 0
github.com/charmbracelet/glow/v2/main.go:222.55,225.43 1 0
github.com/charmbracelet/glow/v2/main.go:225.43,227.3 1 0
github.com/charmbracelet/glow/v2/main.go:227.8,227.16 1 0
github.com/charmbracelet/glow/v2/main.go:227.16,231.3 3 0
github.com/charmbracelet/glow/v2/main.go:233.2,233.19 1 0
github.com/charmbracelet/glow/v2/main.go:235.9,236.24 1 0
github.com/charmbracelet/glow/v2/main.go:239.9,243.33 2 0
github.com/charmbracelet/glow/v2/main.go:243.33,245.18 2 0
github.com/charmbracelet/glow/v2/main.go:245.18,247.5 1 0
github.com/charmbracelet/glow/v2/main.go:249.3,249.14 1 0
github.com/charmbracelet/glow/v2/main.go:252.10,253.28 1 0
github.com/charmbracelet/glow/v2/main.go:253.28,254.58 1 0
github.com/charmbracelet/glow/v2/main.go:254.58,256.5 1 0
github.com/charmbracelet/glow/v2/main.go:260.2,260.12 1 0
github.com/charmbracelet/glow/v2/main.go:263.68,266.16 2 0
github.com/charmbracelet/glow/v2/main.go:266.16,268.3 1 0
github.com/charmbracelet/glow/v2/main.go:269.2,270.32 2 0
github.com/charmbracelet/glow/v2/main.go:273.69,275.16 2 0
github.com/charmbracelet/glow/v2/main.go:275.16,277.3 1 0
github.com/charmbracelet/glow/v2/main.go:279.2,284.16 4 0
github.com/charmbracelet/glow/v2/main.go:284.16,287.3 2 0
github.com/charmbracelet/glow/v2/main.go:289.2,299.16 3 0
github.com/charmbracelet/glow/v2/main.go:299.16,301.3 1 0
github.com/charmbracelet/glow/v2/main.go:303.2,305.12 3 0
github.com/charmbracelet/glow/v2/main.go:305.12,307.3 1 0
github.com/charmbracelet/glow/v2/main.go:309.2,310.16 2 0
github.com/charmbracelet/glow/v2/main.go:310.16,312.3 1 0
github.com/charmbracelet/glow/v2/main.go:315.2,315.9 1 0
github.com/charmbracelet/glow/v2/main.go:316.45,318.21 2 0
github.com/charmbracelet/glow/v2/main.go:318.21,320.4 1 0
github.com/charmbracelet/glow/v2/main.go:322.3,326.33 5 0
github.com/charmbracelet/glow/v2/main.go:326.33,328.4 1 0
github.com/charmbracelet/glow/v2/main.go:329.3,329.13 1 0
github.com/charmbracelet/glow/v2/main.go:330.41,332.22 2 0
github.com/charmbracelet/glow/v2/main.go:332.22,334.4 1 0
github.com/charmbracelet/glow/v2/main.go:335.3,335.31 1 0
github.com/charmbracelet/glow/v2/main.go:336.10,337.46 1 0
github.com/charmbracelet/glow/v2/main.go:337.46,339.4 1 0
github.com/charmbracelet/glow/v2/main.go:340.3,340.13 1 0
github.com/charmbracelet/glow/v2/main.go:344.48,347.16 2 0
github.com/charmbracelet/glow/v2/main.go:347.16,349.3 1 0
github.com/charmbracelet/glow/v2/main.go:352.2,352.56 1 0
github.com/charmbracelet/glow/v2/main.go:352.56,354.3 1 0
github.com/charmbracelet/glow/v2/main.go:356.2,364.61 7 0
github.com/charmbracelet/glow/v2/main.go:364.61,366.3 1 0
github.com/charmbracelet/glow/v2/main.go:368.2,368.12 1 0
github.com/charmbracelet/glow/v2/main.go:371.13,373.16 2 0
github.com/charmbracelet/glow/v2/main.go:373.16,376.3 2 0
github.com/charmbracelet/glow/v2/main.go:377.2,377.42 1 0
github.com/charmbracelet/glow/v2/main.go:377.42,380.3 2 0
github.com/charmbracelet/glow/v2/main.go:381.2,381.14 1 0
github.com/charmbracelet/glow/v2/main.go:384.13,386.25 2 1
github.com/charmbracelet/glow/v2/main.go:386.25,389.3 2 0
github.com/charmbracelet/glow/v2/main.go:390.2,390.19 1 1
github.com/charmbracelet/glow/v2/main.go:390.19,392.3 1 1
github.com/charmbracelet/glow/v2/main.go:393.2,423.39 25 1
github.com/charmbracelet/glow/v2/main.go:426.39,429.16 3 1
github.com/charmbracelet/glow/v2/main.go:429.16,432.3 2 0
github.com/charmbracelet/glow/v2/main.go:434.2,434.48 1 1
github.com/charmbracelet/glow/v2/main.go:434.48,436.3 1 0
github.com/charmbracelet/glow/v2/main.go:438.2,438.49 1 1
github.com/charmbracelet/glow/v2/main.go:438.49,440.3 1 0
github.com/charmbracelet/glow/v2/main.go:442.2,442.25 1 1
github.com/charmbracelet/glow/v2/main.go:442.25,444.3 1 1
github.com/charmbracelet/glow/v2/main.go:446.2,451.45 5 1
github.com/charmbracelet/glow/v2/main.go:451.45,452.56 1 0
github.com/charmbracelet/glow/v2/main.go:452.56,454.4 1 0
github.com/charmbracelet/glow/v2/main.go:457.2,457.48 1 1
github.com/charmbracelet/glow/v2/main.go:457.48,460.3 2 1
github.com/charmbracelet/glow/v2/main.go:462.2,462.34 1 0
github.com/charmbracelet/glow/v2/main.go:462.34,464.3 1 0
github.com/charmbracelet/glow/v2/main.go:465.2,465.43 1 0
github.com/charmbracelet/glow/v2/main.go:465.43,467.3 1 0
github.com/charmbracelet/glow/v2/man_cmd.go:19.45,21.17 2 0
github.com/charmbracelet/glow/v2/man_cmd.go:21.17,23.4 1 0
github.com/charmbracelet/glow/v2/man_cmd.go:24.3,24.85 1 0
github.com/charmbracelet/glow/v2/man_cmd.go:24.85,26.4 1 0
github.com/charmbracelet/glow/v2/man_cmd.go:27.3,27.13 1 0
github.com/charmbracelet/glow/v2/url.go:22.13,23.21 1 1
github.com/charmbracelet/glow/v2/url.go:23.21,26.3 2 1
github.com/charmbracelet/glow/v2/url.go:29.46,30.9 1 0
github.com/charmbracelet/glow/v2/url.go:31.44,32.43 1 0
github.com/charmbracelet/glow/v2/url.go:32.43,34.4 1 0
github.com/charmbracelet/glow/v2/url.go:35.3,35.18 1 0
github.com/charmbracelet/glow/v2/url.go:36.44,37.43 1 0
github.com/charmbracelet/glow/v2/url.go:37.43,39.4 1 0
github.com/charmbracelet/glow/v2/url.go:40.3,40.18 1 0
github.com/charmbracelet/glow/v2/url.go:43.2,43.42 1 0
github.com/charmbracelet/glow/v2/url.go:43.42,45.3 1 0
github.com/charmbracelet/glow/v2/url.go:46.2,47.16 2 0
github.com/charmbracelet/glow/v2/url.go:47.16,49.3 1 0
github.com/charmbracelet/glow/v2/url.go:51.2,51.9 1 0
github.com/charmbracelet/glow/v2/url.go:52.44,53.29 1 0
github.com/charmbracelet/glow/v2/url.go:54.44,55.29 1 0
github.com/charmbracelet/glow/v2/url.go:58.2,58.17 1 0
github.com/charmbracelet/glow/v2/url.go:61.44,64.21 3 0
github.com/charmbracelet/glow/v2/url.go:64.21,67.3 1 0
github.com/charmbracelet/glow/v2/url.go:68.2,69.25 2 0
github.com/charmbracelet/glow/v2/url.go:72.44,75.21 3 0
github.com/charmbracelet/glow/v2/url.go:75.21,78.3 1 0
github.com/charmbracelet/glow/v2/url.go:79.2,80.25 2 0
github.com/charmbracelet/glow/v2/url.go:83.30,86.2 2 0
github.com/charmbracelet/glow/v2/internal/queue/queue.go:71.79,91.2 6 1
github.com/charmbracelet/glow/v2/internal/queue/queue.go:95.74,99.14 3 1
github.com/charmbracelet/glow/v2/internal/queue/queue.go:99.14,101.3 1 1
github.com/charmbracelet/glow/v2/internal/queue/queue.go:104.2,105.28 2 1
github.com/charmbracelet/glow/v2/internal/queue/queue.go:105.28,107.43 1 1
github.com/charmbracelet/glow/v2/internal/queue/queue.go:107.43,110.4 2 1
github.com/charmbracelet/glow/v2/internal/queue/queue.go:112.3,112.15 1 1
github.com/charmbracelet/glow/v2/internal/queue/queue.go:112.15,114.4 1 0
github.com/charmbracelet/glow/v2/internal/queue/queue.go:118.2,119.53 2 1
github.com/charmbracelet/glow/v2/internal/queue/queue.go:119.53,122.3 2 1
github.com/charmbracelet/glow/v2/internal/queue/queue.go:125.2,125.14 1 1
github.com/charmbracelet/glow/v2/internal/queue/queue.go:125.14,132.3 2 1
github.com/charmbracelet/glow/v2/internal/queue/queue.go:132.8,134.3 1 1
github.com/charmbracelet/glow/v2/internal/queue/queue.go:136.2,142.36 5 1
github.com/charmbracelet/glow/v2/internal/queue/queue.go:142.36,144.3 1 1
github.com/charmbracelet/glow/v2/internal/queue/queue.go:145.2,151.34 3 1
github.com/charmbracelet/glow/v2/internal/queue/queue.go:151.34,152.10 1 1
github.com/charmbracelet/glow/v2/internal/queue/queue.go:153.64,153.64 0 1
github.com/charmbracelet/glow/v2/internal/queue/queue.go:154.11,154.11 0 1
github.com/charmbracelet/glow/v2/internal/queue/queue.go:159.2,159.12 1 1
github.com/charmbracelet/glow/v2/internal/queue/queue.go:164.54,168.14 3 1
github.com/charmbracelet/glow/v2/internal/queue/queue.go:168.14,170.3 1 1
github.com/charmbracelet/glow/v2/internal/queue/queue.go:173.2,173.74 1 1
github.com/charmbracelet/glow/v2/internal/queue/queue.go:173.74,175.3 1 0
github.com/charmbracelet/glow/v2/internal/queue/queue.go:177.2,177.14 1 1
github.com/charmbracelet/glow/v2/internal/queue/queue.go:177.14,179.3 1 0
github.com/charmbracelet/glow/v2/internal/queue/queue.go:181.2,185.31 3 1
github.com/charmbracelet/glow/v2/internal/queue/queue.go:185.31,189.3 3 1
github.com/charmbracelet/glow/v2/internal/queue/queue.go:189.8,189.36 1 1
github.com/charmbracelet/glow/v2/internal/queue/queue.go:189.36,194.3 3 1
github.com/charmbracelet/glow/v2/internal/queue/queue.go:194.8,196.3 1 0
github.com/charmbracelet/glow/v2/internal/queue/queue.go:198.2,199.25 2 1
github.com/charmbracelet/glow/v2/internal/queue/queue.go:199.25,201.3 1 0
github.com/charmbracelet/glow/v2/internal/queue/queue.go:203.2,210.22 5 1
github.com/charmbracelet/glow/v2/internal/queue/queue.go:214.51,218.14 3 1
github.com/charmbracelet/glow/v2/internal/queue/queue.go:218.14,220.3 1 1
github.com/charmbracelet/glow/v2/internal/queue/queue.go:223.2,223.31 1 1
github.com/charmbracelet/glow/v2/internal/queue/queue.go:223.31,225.3 1 0
github.com/charmbracelet/glow/v2/internal/queue/queue.go:228.2,228.29 1 1
github.com/charmbracelet/glow/v2/internal/queue/queue.go:228.29,230.3 1 1
github.com/charmbracelet/glow/v2/internal/queue/queue.go:232.2,232.42 1 1
github.com/charmbracelet/glow/v2/internal/queue/queue.go:236.33,241.2 3 1
github.com/charmbracelet/glow/v2/internal/queue/queue.go:244.30,257.2 8 1
github.com/charmbracelet/glow/v2/internal/queue/queue.go:260.46,265.2 3 0
github.com/charmbracelet/glow/v2/internal/queue/queue.go:268.39,276.97 5 1
github.com/charmbracelet/glow/v2/internal/queue/queue.go:276.97,277.53 1 1
github.com/charmbracelet/glow/v2/internal/queue/queue.go:277.53,280.4 2 1
github.com/charmbracelet/glow/v2/internal/queue/queue.go:283.2,283.14 1 1
github.com/charmbracelet/glow/v2/internal/queue/queue.go:288.52,295.77 4 1
github.com/charmbracelet/glow/v2/internal/queue/queue.go:295.77,297.3 1 0
github.com/charmbracelet/glow/v2/internal/queue/queue.go:300.2,301.46 2 1
github.com/charmbracelet/glow/v2/internal/queue/queue.go:301.46,303.32 2 1
github.com/charmbracelet/glow/v2/internal/queue/queue.go:303.32,305.4 1 0
github.com/charmbracelet/glow/v2/internal/queue/queue.go:306.3,306.57 1 1
github.com/charmbracelet/glow/v2/internal/queue/queue.go:309.2,309.18 1 1
github.com/charmbracelet/glow/v2/internal/queue/queue.go:313.36,317.14 3 1
github.com/charmbracelet/glow/v2/internal/queue/queue.go:317.14,319.3 1 1
github.com/charmbracelet/glow/v2/internal/queue/queue.go:321.2,328.12 5 1
github.com/charmbracelet/glow/v2/internal/queue/queue.go:332.41,333.6 1 1
github.com/charmbracelet/glow/v2/internal/queue/queue.go:333.6,334.10 1 1
github.com/charmbracelet/glow/v2/internal/queue/queue.go:335.17,336.10 1 1
github.com/charmbracelet/glow/v2/internal/queue/queue.go:337.35,340.27 1 1
github.com/charmbracelet/glow/v2/internal/queue/queue.go:340.27,342.5 1 0
github.com/charmbracelet/glow/v2/internal/queue/queue.go:356.35,356.53 1 1
github.com/charmbracelet/glow/v2/internal/queue/queue.go:358.45,361.2 1 1
github.com/charmbracelet/glow/v2/internal/queue/queue.go:363.40,367.2 3 1
github.com/charmbracelet/glow/v2/internal/queue/queue.go:369.46,374.2 4 1
github.com/charmbracelet/glow/v2/internal/queue/queue.go:376.44,384.2 7 1
github.com/charmbracelet/glow/v2/internal/queue/queue.go:387.82,388.25 1 1
github.com/charmbracelet/glow/v2/internal/queue/queue.go:388.25,390.3 1 0
github.com/charmbracelet/glow/v2/internal/queue/queue.go:392.2,395.14 3 1
github.com/charmbracelet/glow/v2/internal/queue/queue.go:395.14,397.3 1 0
github.com/charmbracelet/glow/v2/internal/queue/queue.go:400.2,403.37 3 1
github.com/charmbracelet/glow/v2/internal/queue/queue.go:403.37,406.26 2 0
github.com/charmbracelet/glow/v2/internal/queue/queue.go:406.26,408.4 1 0
github.com/charmbracelet/glow/v2/internal/queue/queue.go:412.2,412.37 1 1
github.com/charmbracelet/glow/v2/internal/queue/queue.go:412.37,414.54 2 1
github.com/charmbracelet/glow/v2/internal/queue/queue.go:414.54,416.9 1 0
github.com/charmbracelet/glow/v2/internal/queue/queue.go:419.3,419.15 1 1
github.com/charmbracelet/glow/v2/internal/queue/queue.go:419.15,426.4 2 0
github.com/charmbracelet/glow/v2/internal/queue/queue.go:426.9,428.4 1 1
github.com/charmbracelet/glow/v2/internal/queue/queue.go:430.3,431.26 2 1
github.com/charmbracelet/glow/v2/internal/queue/queue.go:434.2,438.36 3 1
github.com/charmbracelet/glow/v2/internal/queue/queue.go:438.36,440.3 1 1
github.com/charmbracelet/glow/v2/internal/queue/queue.go:441.2,446.12 3 1
github.com/charmbracelet/glow/v2/internal/queue/queue.go:450.67,454.14 3 1
github.com/charmbracelet/glow/v2/internal/queue/queue.go:454.14,456.3 1 0
github.com/charmbracelet/glow/v2/internal/queue/queue.go:458.2,459.42 2 1
github.com/charmbracelet/glow/v2/internal/queue/queue.go:459.42,461.32 1 1
github.com/charmbracelet/glow/v2/internal/queue/queue.go:461.32,466.4 4 0
github.com/charmbracelet/glow/v2/internal/queue/queue.go:466.9,466.37 1 1
github.com/charmbracelet/glow/v2/internal/queue/queue.go:466.37,471.4 4 1
github.com/charmbracelet/glow/v2/internal/queue/queue.go:471.9,472.9 1 0
github.com/charmbracelet/glow/v2/internal/queue/queue.go:474.3,474.26 1 1
github.com/charmbracelet/glow/v2/internal/queue/queue.go:477.2,477.15 1 1
github.com/charmbracelet/glow/v2/internal/queue/queue.go:477.15,481.3 3 1
github.com/charmbracelet/glow/v2/internal/queue/queue.go:483.2,483.14 1 1
github.com/charmbracelet/glow/v2/internal/queue/queue.go:487.62,490.14 2 1
github.com/charmbracelet/glow/v2/internal/queue/queue.go:490.14,493.3 2 0
github.com/charmbracelet/glow/v2/internal/queue/queue.go:495.2,496.27 2 1
github.com/charmbracelet/glow/v2/internal/queue/queue.go:496.27,499.3 2 1
github.com/charmbracelet/glow/v2/internal/queue/queue.go:500.2,504.12 3 1
github.com/charmbracelet/glow/v2/internal/queue/queue.go:504.12,508.7 3 1
github.com/charmbracelet/glow/v2/internal/queue/queue.go:508.7,509.16 1 1
github.com/charmbracelet/glow/v2/internal/queue/queue.go:509.16,512.5 2 1
github.com/charmbracelet/glow/v2/internal/queue/queue.go:514.4,515.29 2 1
github.com/charmbracelet/glow/v2/internal/queue/queue.go:515.29,518.5 2 0
github.com/charmbracelet/glow/v2/internal/queue/queue.go:520.4,520.20 1 1
github.com/charmbracelet/glow/v2/internal/queue/queue.go:524.2,524.9 1 1
github.com/charmbracelet/glow/v2/internal/queue/queue.go:525.21,526.13 1 0
github.com/charmbracelet/glow/v2/internal/queue/queue.go:527.20,532.19 4 1
github.com/charmbracelet/glow/v2/internal/cache/disk.go:54.94,56.52 1 1
github.com/charmbracelet/glow/v2/internal/cache/disk.go:56.52,58.3 1 0
github.com/charmbracelet/glow/v2/internal/cache/disk.go:60.2,72.26 2 1
github.com/charmbracelet/glow/v2/internal/cache/disk.go:72.26,76.17 3 1
github.com/charmbracelet/glow/v2/internal/cache/disk.go:76.17,78.4 1 0
github.com/charmbracelet/glow/v2/internal/cache/disk.go:80.3,81.17 2 1
github.com/charmbracelet/glow/v2/internal/cache/disk.go:81.17,83.4 1 0
github.com/charmbracelet/glow/v2/internal/cache/disk.go:87.2,87.39 1 1
github.com/charmbracelet/glow/v2/internal/cache/disk.go:87.39,90.3 1 0
github.com/charmbracelet/glow/v2/internal/cache/disk.go:93.2,95.16 2 1
github.com/charmbracelet/glow/v2/internal/cache/disk.go:99.53,104.9 4 1
github.com/charmbracelet/glow/v2/internal/cache/disk.go:104.9,107.3 2 1
github.com/charmbracelet/glow/v2/internal/cache/disk.go:110.2,111.16 2 1
github.com/charmbracelet/glow/v2/internal/cache/disk.go:111.16,117.3 4 0
github.com/charmbracelet/glow/v2/internal/cache/disk.go:120.2,120.46 1 1
github.com/charmbracelet/glow/v2/internal/cache/disk.go:120.46,122.17 2 0
github.com/charmbracelet/glow/v2/internal/cache/disk.go:122.17,129.4 5 0
github.com/charmbracelet/glow/v2/internal/cache/disk.go:130.3,130.22 1 0
github.com/charmbracelet/glow/v2/internal/cache/disk.go:134.2,140.19 5 1
github.com/charmbracelet/glow/v2/internal/cache/disk.go:144.58,153.49 6 1
github.com/charmbracelet/glow/v2/internal/cache/disk.go:153.49,156.39 2 0
github.com/charmbracelet/glow/v2/internal/cache/disk.go:156.39,159.4 2 0
github.com/charmbracelet/glow/v2/internal/cache/disk.go:159.9,161.4 1 0
github.com/charmbracelet/glow/v2/internal/cache/disk.go:162.8,164.3 1 1
github.com/charmbracelet/glow/v2/internal/cache/disk.go:166.2,169.39 2 1
github.com/charmbracelet/glow/v2/internal/cache/disk.go:169.39,173.3 2 0
github.com/charmbracelet/glow/v2/internal/cache/disk.go:176.2,176.28 1 1
github.com/charmbracelet/glow/v2/internal/cache/disk.go:176.28,178.3 1 0
github.com/charmbracelet/glow/v2/internal/cache/disk.go:181.2,181.58 1 1
github.com/charmbracelet/glow/v2/internal/cache/disk.go:181.58,183.3 1 0
github.com/charmbracelet/glow/v2/internal/cache/disk.go:186.2,189.60 2 1
github.com/charmbracelet/glow/v2/internal/cache/disk.go:189.60,191.3 1 1
github.com/charmbracelet/glow/v2/internal/cache/disk.go:194.2,211.12 6 1
github.com/charmbracelet/glow/v2/internal/cache/disk.go:215.47,220.9 4 1
github.com/charmbracelet/glow/v2/internal/cache/disk.go:220.9,222.3 1 0
github.com/charmbracelet/glow/v2/internal/cache/disk.go:225.2,234.12 6 1
github.com/charmbracelet/glow/v2/internal/cache/disk.go:238.36,243.33 3 1
github.com/charmbracelet/glow/v2/internal/cache/disk.go:243.33,245.3 1 1
github.com/charmbracelet/glow/v2/internal/cache/disk.go:248.2,255.23 5 1
github.com/charmbracelet/glow/v2/internal/cache/disk.go:259.35,264.2 3 1
github.com/charmbracelet/glow/v2/internal/cache/disk.go:267.41,275.33 6 1
github.com/charmbracelet/glow/v2/internal/cache/disk.go:275.33,277.3 1 1
github.com/charmbracelet/glow/v2/internal/cache/disk.go:279.2,279.14 1 1
github.com/charmbracelet/glow/v2/internal/cache/disk.go:283.48,289.2 4 0
github.com/charmbracelet/glow/v2/internal/cache/disk.go:292.80,297.9 4 0
github.com/charmbracelet/glow/v2/internal/cache/disk.go:297.9,300.3 2 0
github.com/charmbracelet/glow/v2/internal/cache/disk.go:303.2,304.16 2 0
github.com/charmbracelet/glow/v2/internal/cache/disk.go:304.16,309.3 4 0
github.com/charmbracelet/glow/v2/internal/cache/disk.go:312.2,312.46 1 0
github.com/charmbracelet/glow/v2/internal/cache/disk.go:312.46,314.17 2 0
github.com/charmbracelet/glow/v2/internal/cache/disk.go:314.17,320.4 5 0
github.com/charmbracelet/glow/v2/internal/cache/disk.go:321.3,321.22 1 0
github.com/charmbracelet/glow/v2/internal/cache/disk.go:325.2,340.29 6 0
github.com/charmbracelet/glow/v2/internal/cache/disk.go:344.60,349.35 4 1
github.com/charmbracelet/glow/v2/internal/cache/disk.go:349.35,350.37 1 1
github.com/charmbracelet/glow/v2/internal/cache/disk.go:350.37,355.4 4 0
github.com/charmbracelet/glow/v2/internal/cache/disk.go:358.2,361.16 3 1
github.com/charmbracelet/glow/v2/internal/cache/disk.go:365.37,372.48 5 0
github.com/charmbracelet/glow/v2/internal/cache/disk.go:372.48,375.3 2 0
github.com/charmbracelet/glow/v2/internal/cache/disk.go:377.2,377.16 1 0
github.com/charmbracelet/glow/v2/internal/cache/disk.go:381.59,387.33 4 0
github.com/charmbracelet/glow/v2/internal/cache/disk.go:387.33,389.3 1 0
github.com/charmbracelet/glow/v2/internal/cache/disk.go:393.2,393.38 1 0
github.com/charmbracelet/glow/v2/internal/cache/disk.go:393.38,394.41 1 0
github.com/charmbracelet/glow/v2/internal/cache/disk.go:394.41,395.58 1 0
github.com/charmbracelet/glow/v2/internal/cache/disk.go:395.58,397.5 1 0
github.com/charmbracelet/glow/v2/internal/cache/disk.go:402.2,403.45 2 0
github.com/charmbracelet/glow/v2/internal/cache/disk.go:403.45,415.3 4 0
github.com/charmbracelet/glow/v2/internal/cache/disk.go:417.2,417.15 1 0
github.com/charmbracelet/glow/v2/internal/cache/disk.go:422.58,427.2 3 1
github.com/charmbracelet/glow/v2/internal/cache/disk.go:429.64,434.16 3 1
github.com/charmbracelet/glow/v2/internal/cache/disk.go:434.16,436.3 1 1
github.com/charmbracelet/glow/v2/internal/cache/disk.go:438.2,441.16 3 1
github.com/charmbracelet/glow/v2/internal/cache/disk.go:441.16,444.3 2 0
github.com/charmbracelet/glow/v2/internal/cache/disk.go:445.2,445.21 1 1
github.com/charmbracelet/glow/v2/internal/cache/disk.go:445.21,448.3 2 0
github.com/charmbracelet/glow/v2/internal/cache/disk.go:451.2,451.34 1 1
github.com/charmbracelet/glow/v2/internal/cache/disk.go:454.36,459.35 3 0
github.com/charmbracelet/glow/v2/internal/cache/disk.go:459.35,460.61 1 0
github.com/charmbracelet/glow/v2/internal/cache/disk.go:460.61,463.4 2 0
github.com/charmbracelet/glow/v2/internal/cache/disk.go:466.2,466.21 1 0
github.com/charmbracelet/glow/v2/internal/cache/disk.go:466.21,473.3 6 0
github.com/charmbracelet/glow/v2/internal/cache/disk.go:476.40,480.16 3 1
github.com/charmbracelet/glow/v2/internal/cache/disk.go:480.16,481.25 1 1
github.com/charmbracelet/glow/v2/internal/cache/disk.go:481.25,483.4 1 1
github.com/charmbracelet/glow/v2/internal/cache/disk.go:484.3,484.13 1 0
github.com/charmbracelet/glow/v2/internal/cache/disk.go:486.2,489.34 3 0
github.com/charmbracelet/glow/v2/internal/cache/disk.go:492.40,497.16 4 1
github.com/charmbracelet/glow/v2/internal/cache/disk.go:497.16,499.3 1 0
github.com/charmbracelet/glow/v2/internal/cache/disk.go:501.2,505.16 4 1
github.com/charmbracelet/glow/v2/internal/cache/disk.go:505.16,508.3 2 0
github.com/charmbracelet/glow/v2/internal/cache/disk.go:509.2,509.21 1 1
github.com/charmbracelet/glow/v2/internal/cache/disk.go:509.21,512.3 2 0
github.com/charmbracelet/glow/v2/internal/cache/disk.go:514.2,514.39 1 1
github.com/charmbracelet/glow/v2/internal/cache/disk.go:517.38,519.33 2 1
github.com/charmbracelet/glow/v2/internal/cache/disk.go:519.33,521.3 1 0
github.com/charmbracelet/glow/v2/internal/cache/disk.go:522.2,523.43 2 1
github.com/charmbracelet/glow/v2/internal/cache/disk.go:527.36,532.2 3 1
github.com/charmbracelet/glow/v2/internal/cache/manager.go:44.66,45.19 1 1
github.com/charmbracelet/glow/v2/internal/cache/manager.go:45.19,47.3 1 0
github.com/charmbracelet/glow/v2/internal/cache/manager.go:50.2,50.27 1 1
github.com/charmbracelet/glow/v2/internal/cache/manager.go:50.27,52.17 2 0
github.com/charmbracelet/glow/v2/internal/cache/manager.go:52.17,54.4 1 0
github.com/charmbracelet/glow/v2/internal/cache/manager.go:55.3,55.74 1 0
github.com/charmbracelet/glow/v2/internal/cache/manager.go:59.2,63.16 3 1
github.com/charmbracelet/glow/v2/internal/cache/manager.go:63.16,65.3 1 0
github.com/charmbracelet/glow/v2/internal/cache/manager.go:68.2,80.32 4 1
github.com/charmbracelet/glow/v2/internal/cache/manager.go:80.32,82.3 1 1
github.com/charmbracelet/glow/v2/internal/cache/manager.go:84.2,84.16 1 1
github.com/charmbracelet/glow/v2/internal/cache/manager.go:89.56,94.42 3 1
github.com/charmbracelet/glow/v2/internal/cache/manager.go:94.42,98.3 3 1
github.com/charmbracelet/glow/v2/internal/cache/manager.go:101.2,101.40 1 1
github.com/charmbracelet/glow/v2/internal/cache/manager.go:101.40,109.3 4 1
github.com/charmbracelet/glow/v2/internal/cache/manager.go:112.2,112.41 1 1
github.com/charmbracelet/glow/v2/internal/cache/manager.go:112.41,120.3 4 1
github.com/charmbracelet/glow/v2/internal/cache/manager.go:122.2,123.19 2 1
github.com/charmbracelet/glow/v2/internal/cache/manager.go:128.61,130.78 1 1
github.com/charmbracelet/glow/v2/internal/cache/manager.go:130.78,132.3 1 0
github.com/charmbracelet/glow/v2/internal/cache/manager.go:135.2,135.77 1 1
github.com/charmbracelet/glow/v2/internal/cache/manager.go:135.78,137.3 0 0
github.com/charmbracelet/glow/v2/internal/cache/manager.go:140.2,140.12 1 1
github.com/charmbracelet/glow/v2/internal/cache/manager.go:140.12,141.77 1 1
github.com/charmbracelet/glow/v2/internal/cache/manager.go:141.78,144.4 0 1
github.com/charmbracelet/glow/v2/internal/cache/manager.go:147.2,147.12 1 1
github.com/charmbracelet/glow/v2/internal/cache/manager.go:151.50,154.48 2 1
github.com/charmbracelet/glow/v2/internal/cache/manager.go:154.48,156.3 1 0
github.com/charmbracelet/glow/v2/internal/cache/manager.go:158.2,158.46 1 1
github.com/charmbracelet/glow/v2/internal/cache/manager.go:158.46,160.3 1 0
github.com/charmbracelet/glow/v2/internal/cache/manager.go:162.2,162.47 1 1
github.com/charmbracelet/glow/v2/internal/cache/manager.go:162.47,164.3 1 0
github.com/charmbracelet/glow/v2/internal/cache/manager.go:166.2,166.19 1 1
github.com/charmbracelet/glow/v2/internal/cache/manager.go:166.19,168.3 1 0
github.com/charmbracelet/glow/v2/internal/cache/manager.go:170.2,170.12 1 1
github.com/charmbracelet/glow/v2/internal/cache/manager.go:174.39,177.44 2 1
github.com/charmbracelet/glow/v2/internal/cache/manager.go:177.44,179.3 1 0
github.com/charmbracelet/glow/v2/internal/cache/manager.go:181.2,181.42 1 1
github.com/charmbracelet/glow/v2/internal/cache/manager.go:181.42,183.3 1 0
github.com/charmbracelet/glow/v2/internal/cache/manager.go:185.2,185.43 1 1
github.com/charmbracelet/glow/v2/internal/cache/manager.go:185.43,187.3 1 0
github.com/charmbracelet/glow/v2/internal/cache/manager.go:189.2,189.19 1 1
github.com/charmbracelet/glow/v2/internal/cache/manager.go:189.19,191.3 1 0
github.com/charmbracelet/glow/v2/internal/cache/manager.go:193.2,193.12 1 1
github.com/charmbracelet/glow/v2/internal/cache/manager.go:197.83,199.60 1 1
github.com/charmbracelet/glow/v2/internal/cache/manager.go:199.60,205.3 5 1
github.com/charmbracelet/glow/v2/internal/cache/manager.go:208.2,208.58 1 0
github.com/charmbracelet/glow/v2/internal/cache/manager.go:208.58,219.3 7 0
github.com/charmbracelet/glow/v2/internal/cache/manager.go:222.2,222.59 1 0
github.com/charmbracelet/glow/v2/internal/cache/manager.go:222.59,232.3 6 0
github.com/charmbracelet/glow/v2/internal/cache/manager.go:234.2,238.36 4 0
github.com/charmbracelet/glow/v2/internal/cache/manager.go:242.56,255.23 10 1
github.com/charmbracelet/glow/v2/internal/cache/manager.go:255.23,257.3 1 1
github.com/charmbracelet/glow/v2/internal/cache/manager.go:259.2,275.3 1 1
github.com/charmbracelet/glow/v2/internal/cache/manager.go:279.65,284.2 3 1
github.com/charmbracelet/glow/v2/internal/cache/manager.go:287.39,289.29 1 1
github.com/charmbracelet/glow/v2/internal/cache/manager.go:289.29,293.3 3 1
github.com/charmbracelet/glow/v2/internal/cache/manager.go:296.2,299.42 2 1
github.com/charmbracelet/glow/v2/internal/cache/manager.go:299.42,301.3 1 0
github.com/charmbracelet/glow/v2/internal/cache/manager.go:303.2,303.12 1 1
github.com/charmbracelet/glow/v2/internal/cache/manager.go:309.62,313.2 2 1
github.com/charmbracelet/glow/v2/internal/cache/manager.go:316.47,320.12 3 1
github.com/charmbracelet/glow/v2/internal/cache/manager.go:320.12,323.7 2 1
github.com/charmbracelet/glow/v2/internal/cache/manager.go:323.7,324.11 1 1
github.com/charmbracelet/glow/v2/internal/cache/manager.go:325.30,326.24 1 1
github.com/charmbracelet/glow/v2/internal/cache/manager.go:327.26,328.11 1 1
github.com/charmbracelet/glow/v2/internal/cache/manager.go:335.42,342.27 5 1
github.com/charmbracelet/glow/v2/internal/cache/manager.go:342.27,345.18 3 0
github.com/charmbracelet/glow/v2/internal/cache/manager.go:345.19,348.4 0 0
github.com/charmbracelet/glow/v2/internal/cache/manager.go:352.2,358.27 3 1
github.com/charmbracelet/glow/v2/internal/cache/manager.go:358.27,361.3 2 0
github.com/charmbracelet/glow/v2/internal/cache/manager.go:365.45,367.47 1 1
github.com/charmbracelet/glow/v2/internal/cache/manager.go:367.47,372.29 2 0
github.com/charmbracelet/glow/v2/internal/cache/manager.go:372.29,374.4 1 0
github.com/charmbracelet/glow/v2/internal/cache/manager.go:377.3,377.23 1 0
github.com/charmbracelet/glow/v2/internal/cache/manager.go:385.33,390.2 4 1
github.com/charmbracelet/glow/v2/internal/cache/manager.go:393.51,395.2 1 1
github.com/charmbracelet/glow/v2/internal/cache/manager.go:398.68,399.32 1 1
[...]
github.com/charmbracelet/glow/v2/internal/cache/types.go:35.37,36.11 1 0
github.com/charmbracelet/glow/v2/internal/cache/types.go:37.20,38.21 1 0
github.com/charmbracelet/glow/v2/internal/cache/types.go:39.20,40.19 1 0
github.com/charmbracelet/glow/v2/internal/cache/types.go:41.25,42.19 1 0
github.com/charmbracelet/glow/v2/internal/cache/types.go:43.10,44.19 1 0
github.com/charmbracelet/glow/v2/internal/cache/types.go:85.58,92.2 5 0
github.com/charmbracelet/glow/v2/internal/cache/types.go:117.40,128.2 1 0
github.com/charmbracelet/glow/v2/internal/audio/mock_player.go:70.38,78.2 3 1
github.com/charmbracelet/glow/v2/internal/audio/mock_player.go:81.57,85.2 3 1
github.com/charmbracelet/glow/v2/internal/audio/mock_player.go:88.48,93.49 3 1
github.com/charmbracelet/glow/v2/internal/audio/mock_player.go:93.49,95.3 1 1
github.com/charmbracelet/glow/v2/internal/audio/mock_player.go:98.2,98.50 1 1
github.com/charmbracelet/glow/v2/internal/audio/mock_player.go:98.50,100.3 1 0
github.com/charmbracelet/glow/v2/internal/audio/mock_player.go:103.2,103.43 1 1
github.com/charmbracelet/glow/v2/internal/audio/mock_player.go:103.43,105.3 1 1
github.com/charmbracelet/glow/v2/internal/audio/mock_player.go:108.2,134.32 16 1
github.com/charmbracelet/glow/v2/internal/audio/mock_player.go:134.32,136.3 1 1
github.com/charmbracelet/glow/v2/internal/audio/mock_player.go:138.2,138.12 1 1
github.com/charmbracelet/glow/v2/internal/audio/mock_player.go:142.37,147.34 4 1
github.com/charmbracelet/glow/v2/internal/audio/mock_player.go:147.34,149.3 1 1
github.com/charmbracelet/glow/v2/internal/audio/mock_player.go:152.2,160.33 5 1
github.com/charmbracelet/glow/v2/internal/audio/mock_player.go:160.33,162.3 1 1
github.com/charmbracelet/glow/v2/internal/audio/mock_player.go:164.2,164.12 1 1
github.com/charmbracelet/glow/v2/internal/audio/mock_player.go:168.38,173.33 4 1
github.com/charmbracelet/glow/v2/internal/audio/mock_player.go:173.33,175.3 1 1
github.com/charmbracelet/glow/v2/internal/audio/mock_player.go:178.2,195.34 10 1
github.com/charmbracelet/glow/v2/internal/audio/mock_player.go:195.34,197.3 1 1
github.com/charmbracelet/glow/v2/internal/audio/mock_player.go:199.2,199.12 1 1
github.com/charmbracelet/glow/v2/internal/audio/mock_player.go:203.36,208.2 3 1
github.com/charmbracelet/glow/v2/internal/audio/mock_player.go:211.44,213.65 2 1
github.com/charmbracelet/glow/v2/internal/audio/mock_player.go:213.65,215.3 1 1
github.com/charmbracelet/glow/v2/internal/audio/mock_player.go:218.2,218.65 1 1
github.com/charmbracelet/glow/v2/internal/audio/mock_player.go:218.65,219.35 1 1
github.com/charmbracelet/glow/v2/internal/audio/mock_player.go:219.35,222.4 2 1
github.com/charmbracelet/glow/v2/internal/audio/mock_player.go:226.2,232.32 5 1
github.com/charmbracelet/glow/v2/internal/audio/mock_player.go:232.32,234.3 1 1
github.com/charmbracelet/glow/v2/internal/audio/mock_player.go:236.2,236.12 1 1
github.com/charmbracelet/glow/v2/internal/audio/mock_player.go:240.40,242.2 1 1
github.com/charmbracelet/glow/v2/internal/audio/mock_player.go:245.51,250.2 3 1
github.com/charmbracelet/glow/v2/internal/audio/mock_player.go:253.59,256.22 2 1
github.com/charmbracelet/glow/v2/internal/audio/mock_player.go:257.20,263.33 3 1
github.com/charmbracelet/glow/v2/internal/audio/mock_player.go:263.33,265.4 1 0
github.com/charmbracelet/glow/v2/internal/audio/mock_player.go:266.3,266.17 1 1
github.com/charmbracelet/glow/v2/internal/audio/mock_player.go:268.19,269.21 1 1
github.com/charmbracelet/glow/v2/internal/audio/mock_player.go:271.10,272.43 1 1
github.com/charmbracelet/glow/v2/internal/audio/mock_player.go:277.55,278.34 1 1
github.com/charmbracelet/glow/v2/internal/audio/mock_player.go:278.34,280.3 1 1
github.com/charmbracelet/glow/v2/internal/audio/mock_player.go:282.2,286.12 4 1
github.com/charmbracelet/glow/v2/internal/audio/mock_player.go:290.37,295.50 3 1
github.com/charmbracelet/glow/v2/internal/audio/mock_player.go:295.50,297.3 1 1
github.com/charmbracelet/glow/v2/internal/audio/mock_player.go:299.2,302.33 2 1
github.com/charmbracelet/glow/v2/internal/audio/mock_player.go:302.33,304.3 1 1
github.com/charmbracelet/glow/v2/internal/audio/mock_player.go:306.2,306.12 1 1
github.com/charmbracelet/glow/v2/internal/audio/mock_player.go:310.42,315.40 3 1
github.com/charmbracelet/glow/v2/internal/audio/mock_player.go:315.40,317.3 1 1
github.com/charmbracelet/glow/v2/internal/audio/mock_player.go:318.2,324.6 5 1
github.com/charmbracelet/glow/v2/internal/audio/mock_player.go:324.6,325.10 1 1
github.com/charmbracelet/glow/v2/internal/audio/mock_player.go:326.20,327.10 1 1
github.com/charmbracelet/glow/v2/internal/audio/mock_player.go:329.19,337.34 4 1
github.com/charmbracelet/glow/v2/internal/audio/mock_player.go:337.34,344.35 5 1
github.com/charmbracelet/glow/v2/internal/audio/mock_player.go:344.35,346.6 1 1
github.com/charmbracelet/glow/v2/internal/audio/mock_player.go:347.5,347.11 1 1
github.com/charmbracelet/glow/v2/internal/audio/mock_player.go:350.4,350.36 1 1
github.com/charmbracelet/glow/v2/internal/audio/mock_player.go:358.46,360.2 1 1
github.com/charmbracelet/glow/v2/internal/audio/mock_player.go:363.43,367.2 3 1
github.com/charmbracelet/glow/v2/internal/audio/mock_player.go:371.54,375.2 3 1
github.com/charmbracelet/glow/v2/internal/audio/mock_player.go:378.69,383.2 4 1
github.com/charmbracelet/glow/v2/internal/audio/mock_player.go:386.42,389.2 1 1
github.com/charmbracelet/glow/v2/internal/audio/mock_player.go:392.54,399.2 1 1
github.com/charmbracelet/glow/v2/internal/audio/mock_player.go:411.69,418.6 5 1
github.com/charmbracelet/glow/v2/internal/audio/mock_player.go:418.6,419.10 1 1
github.com/charmbracelet/glow/v2/internal/audio/mock_player.go:420.18,421.16 1 0
github.com/charmbracelet/glow/v2/internal/audio/mock_player.go:422.19,423.52 1 1
github.com/charmbracelet/glow/v2/internal/audio/mock_player.go:423.52,427.5 2 1
github.com/charmbracelet/glow/v2/internal/audio/mock_player.go:433.64,437.2 3 1
github.com/charmbracelet/glow/v2/internal/audio/mock_player.go:440.45,443.25 3 1
github.com/charmbracelet/glow/v2/internal/audio/mock_player.go:443.25,445.3 1 1
github.com/charmbracelet/glow/v2/internal/audio/mock_player.go:447.2,449.13 3 1
github.com/charmbracelet/glow/v2/internal/audio/mock_player.go:453.62,454.15 1 1
github.com/charmbracelet/glow/v2/internal/audio/mock_player.go:455.20,456.19 1 1
github.com/charmbracelet/glow/v2/internal/audio/mock_player.go:457.20,458.19 1 1
github.com/charmbracelet/glow/v2/internal/audio/mock_player.go:459.19,460.18 1 1
github.com/charmbracelet/glow/v2/internal/audio/mock_player.go:461.19,462.18 1 0
github.com/charmbracelet/glow/v2/internal/audio/mock_player.go:463.10,464.19 1 0
github.com/charmbracelet/glow/v2/internal/tts/engines/gtts.go:62.60,64.27 1 1
github.com/charmbracelet/glow/v2/internal/tts/engines/gtts.go:64.27,66.3 1 1
github.com/charmbracelet/glow/v2/internal/tts/engines/gtts.go:69.2,69.26 1 1
github.com/charmbracelet/glow/v2/internal/tts/engines/gtts.go:69.26,71.3 1 1
github.com/charmbracelet/glow/v2/internal/tts/engines/gtts.go:74.2,74.58 1 1
github.com/charmbracelet/glow/v2/internal/tts/engines/gtts.go:74.58,76.3 1 0
github.com/charmbracelet/glow/v2/internal/tts/engines/gtts.go:79.2,79.28 1 1
github.com/charmbracelet/glow/v2/internal/tts/engines/gtts.go:79.28,81.3 1 1
github.com/charmbracelet/glow/v2/internal/tts/engines/gtts.go:84.2,84.35 1 1
github.com/charmbracelet/glow/v2/internal/tts/engines/gtts.go:84.35,86.3 1 1
github.com/charmbracelet/glow/v2/internal/tts/engines/gtts.go:89.2,93.31 3 1
github.com/charmbracelet/glow/v2/internal/tts/engines/gtts.go:93.31,96.17 3 1
github.com/charmbracelet/glow/v2/internal/tts/engines/gtts.go:96.17,98.4 1 0
github.com/charmbracelet/glow/v2/internal/tts/engines/gtts.go:101.2,109.8 1 1
github.com/charmbracelet/glow/v2/internal/tts/engines/gtts.go:114.98,116.20 1 1
github.com/charmbracelet/glow/v2/internal/tts/engines/gtts.go:116.20,118.45 2 1
github.com/charmbracelet/glow/v2/internal/tts/engines/gtts.go:118.45,120.4 1 1
github.com/charmbracelet/glow/v2/internal/tts/engines/gtts.go:124.2,124.16 1 1
github.com/charmbracelet/glow/v2/internal/tts/engines/gtts.go:124.16,126.3 1 1
github.com/charmbracelet/glow/v2/internal/tts/engines/gtts.go:129.2,130.29 2 1
github.com/charmbracelet/glow/v2/internal/tts/engines/gtts.go:130.29,132.3 1 1
github.com/charmbracelet/glow/v2/internal/tts/engines/gtts.go:135.2,135.48 1 1
github.com/charmbracelet/glow/v2/internal/tts/engines/gtts.go:135.48,137.3 1 1
github.com/charmbracelet/glow/v2/internal/tts/engines/gtts.go:140.2,141.16 2 1
github.com/charmbracelet/glow/v2/internal/tts/engines/gtts.go:141.16,143.3 1 0
github.com/charmbracelet/glow/v2/internal/tts/engines/gtts.go:146.2,147.16 2 1
github.com/charmbracelet/glow/v2/internal/tts/engines/gtts.go:147.16,149.3 1 0
github.com/charmbracelet/glow/v2/internal/tts/engines/gtts.go:152.2,152.20 1 1
github.com/charmbracelet/glow/v2/internal/tts/engines/gtts.go:152.20,156.3 2 1
github.com/charmbracelet/glow/v2/internal/tts/engines/gtts.go:158.2,158.21 1 1
github.com/charmbracelet/glow/v2/internal/tts/engines/gtts.go:162.88,170.12 2 1
github.com/charmbracelet/glow/v2/internal/tts/engines/gtts.go:170.12,172.3 1 0
github.com/charmbracelet/glow/v2/internal/tts/engines/gtts.go:175.2,195.12 10 1
github.com/charmbracelet/glow/v2/internal/tts/engines/gtts.go:195.12,198.3 1 1
github.com/charmbracelet/glow/v2/internal/tts/engines/gtts.go:201.2,201.9 1 1
github.com/charmbracelet/glow/v2/internal/tts/engines/gtts.go:202.21,204.17 1 1
github.com/charmbracelet/glow/v2/internal/tts/engines/gtts.go:204.17,206.24 1 0
github.com/charmbracelet/glow/v2/internal/tts/engines/gtts.go:206.24,208.5 1 0
github.com/charmbracelet/glow/v2/internal/tts/engines/gtts.go:210.4,210.83 1 0
github.com/charmbracelet/glow/v2/internal/tts/engines/gtts.go:213.20,216.25 1 0
github.com/charmbracelet/glow/v2/internal/tts/engines/gtts.go:216.25,220.11 2 0
github.com/charmbracelet/glow/v2/internal/tts/engines/gtts.go:221.16,221.16 0 0
github.com/charmbracelet/glow/v2/internal/tts/engines/gtts.go:223.46,226.11 2 0
github.com/charmbracelet/glow/v2/internal/tts/engines/gtts.go:230.3,230.76 1 0
github.com/charmbracelet/glow/v2/internal/tts/engines/gtts.go:234.2,237.23 2 1
github.com/charmbracelet/glow/v2/internal/tts/engines/gtts.go:237.23,239.3 1 0
github.com/charmbracelet/glow/v2/internal/tts/engines/gtts.go:242.2,243.31 2 1
github.com/charmbracelet/glow/v2/internal/tts/engines/gtts.go:243.31,245.3 1 0
github.com/charmbracelet/glow/v2/internal/tts/engines/gtts.go:247.2,247.21 1 1
github.com/charmbracelet/glow/v2/internal/tts/engines/gtts.go:251.106,254.16 2 1
github.com/charmbracelet/glow/v2/internal/tts/engines/gtts.go:254.16,256.3 1 0
github.com/charmbracelet/glow/v2/internal/tts/engines/gtts.go:257.2,261.50 3 1
github.com/charmbracelet/glow/v2/internal/tts/engines/gtts.go:261.50,263.3 1 0
github.com/charmbracelet/glow/v2/internal/tts/engines/gtts.go:264.2,275.18 3 1
github.com/charmbracelet/glow/v2/internal/tts/engines/gtts.go:275.18,278.25 2 1
github.com/charmbracelet/glow/v2/internal/tts/engines/gtts.go:278.25,280.4 1 0
github.com/charmbracelet/glow/v2/internal/tts/engines/gtts.go:280.9,280.32 1 1
github.com/charmbracelet/glow/v2/internal/tts/engines/gtts.go:280.32,282.4 1 0
github.com/charmbracelet/glow/v2/internal/tts/engines/gtts.go:283.3,283.77 1 1
github.com/charmbracelet/glow/v2/internal/tts/engines/gtts.go:287.2,307.12 10 1
github.com/charmbracelet/glow/v2/internal/tts/engines/gtts.go:307.12,309.3 1 1
github.com/charmbracelet/glow/v2/internal/tts/engines/gtts.go:312.2,312.9 1 1
github.com/charmbracelet/glow/v2/internal/tts/engines/gtts.go:313.21,315.17 1 1
github.com/charmbracelet/glow/v2/internal/tts/engines/gtts.go:315.17,317.24 1 0
github.com/charmbracelet/glow/v2/internal/tts/engines/gtts.go:317.24,319.5 1 0
github.com/charmbracelet/glow/v2/internal/tts/engines/gtts.go:321.4,321.81 1 0
github.com/charmbracelet/glow/v2/internal/tts/engines/gtts.go:324.20,327.25 1 0
github.com/charmbracelet/glow/v2/internal/tts/engines/gtts.go:327.25,331.11 2 0
github.com/charmbracelet/glow/v2/internal/tts/engines/gtts.go:332.16,332.16 0 0
github.com/charmbracelet/glow/v2/internal/tts/engines/gtts.go:334.46,337.11 2 0
github.com/charmbracelet/glow/v2/internal/tts/engines/gtts.go:341.3,341.79 1 0
github.com/charmbracelet/glow/v2/internal/tts/engines/gtts.go:345.2,348.23 2 1
github.com/charmbracelet/glow/v2/internal/tts/engines/gtts.go:348.23,350.3 1 0
github.com/charmbracelet/glow/v2/internal/tts/engines/gtts.go:353.2,354.31 2 1
github.com/charmbracelet/glow/v2/internal/tts/engines/gtts.go:354.31,356.3 1 0
github.com/charmbracelet/glow/v2/internal/tts/engines/gtts.go:358.2,358.21 1 1
github.com/charmbracelet/glow/v2/internal/tts/engines/gtts.go:362.47,375.2 3 1
github.com/charmbracelet/glow/v2/internal/tts/engines/gtts.go:378.39,381.16 2 1
github.com/charmbracelet/glow/v2/internal/tts/engines/gtts.go:381.16,383.3 1 0
github.com/charmbracelet/glow/v2/internal/tts/engines/gtts.go:386.2,387.16 2 1
github.com/charmbracelet/glow/v2/internal/tts/engines/gtts.go:387.16,389.3 1 0
github.com/charmbracelet/glow/v2/internal/tts/engines/gtts.go:392.2,393.34 2 1
github.com/charmbracelet/glow/v2/internal/tts/engines/gtts.go:393.34,395.3 1 0
github.com/charmbracelet/glow/v2/internal/tts/engines/gtts.go:398.2,399.34 2 1
github.com/charmbracelet/glow/v2/internal/tts/engines/gtts.go:399.34,401.3 1 0
github.com/charmbracelet/glow/v2/internal/tts/engines/gtts.go:404.2,408.16 4 1
github.com/charmbracelet/glow/v2/internal/tts/engines/gtts.go:408.16,410.3 1 0
github.com/charmbracelet/glow/v2/internal/tts/engines/gtts.go:412.2,412.12 1 1
github.com/charmbracelet/glow/v2/internal/tts/engines/gtts.go:416.36,421.20 3 1
github.com/charmbracelet/glow/v2/internal/tts/engines/gtts.go:421.20,422.41 1 1
github.com/charmbracelet/glow/v2/internal/tts/engines/gtts.go:422.41,424.4 1 0
github.com/charmbracelet/glow/v2/internal/tts/engines/gtts.go:427.2,427.12 1 1
github.com/charmbracelet/glow/v2/internal/tts/engines/gtts.go:431.51,435.2 3 1
github.com/charmbracelet/glow/v2/internal/tts/engines/gtts.go:438.43,442.2 3 1
github.com/charmbracelet/glow/v2/internal/tts/engines/gtts.go:445.41,449.2 3 1
github.com/charmbracelet/glow/v2/internal/tts/engines/gtts.go:452.37,456.2 3 1
github.com/charmbracelet/glow/v2/internal/tts/engines/gtts.go:459.61,460.20 1 1
github.com/charmbracelet/glow/v2/internal/tts/engines/gtts.go:460.20,462.3 1 0
github.com/charmbracelet/glow/v2/internal/tts/engines/gtts.go:463.2,463.24 1 1
github.com/charmbracelet/glow/v2/internal/tts/engines/gtts.go:467.41,468.20 1 1
github.com/charmbracelet/glow/v2/internal/tts/engines/gtts.go:468.20,470.3 1 0
github.com/charmbracelet/glow/v2/internal/tts/engines/gtts.go:471.2,471.24 1 1
github.com/charmbracelet/glow/v2/internal/tts/engines/piper.go:55.63,57.28 1 1
github.com/charmbracelet/glow/v2/internal/tts/engines/piper.go:57.28,59.3 1 1
github.com/charmbracelet/glow/v2/internal/tts/engines/piper.go:62.2,62.53 1 1
github.com/charmbracelet/glow/v2/internal/tts/engines/piper.go:62.53,64.3 1 1
github.com/charmbracelet/glow/v2/internal/tts/engines/piper.go:67.2,67.29 1 1
github.com/charmbracelet/glow/v2/internal/tts/engines/piper.go:67.29,70.3 1 1
github.com/charmbracelet/glow/v2/internal/tts/engines/piper.go:73.2,73.28 1 1
github.com/charmbracelet/glow/v2/internal/tts/engines/piper.go:73.28,75.3 1 1
github.com/charmbracelet/glow/v2/internal/tts/engines/piper.go:78.2,79.31 2 1
github.com/charmbracelet/glow/v2/internal/tts/engines/piper.go:79.31,82.17 3 1
github.com/charmbracelet/glow/v2/internal/tts/engines/piper.go:82.17,84.4 1 0
github.com/charmbracelet/glow/v2/internal/tts/engines/piper.go:87.2,94.8 1 1
github.com/charmbracelet/glow/v2/internal/tts/engines/piper.go:99.99,101.20 1 0
github.com/charmbracelet/glow/v2/internal/tts/engines/piper.go:101.20,103.45 2 0
github.com/charmbracelet/glow/v2/internal/tts/engines/piper.go:103.45,105.4 1 0
github.com/charmbracelet/glow/v2/internal/tts/engines/piper.go:109.2,109.16 1 0
github.com/charmbracelet/glow/v2/internal/tts/engines/piper.go:109.16,111.3 1 0
github.com/charmbracelet/glow/v2/internal/tts/engines/piper.go:114.2,115.29 2 0
github.com/charmbracelet/glow/v2/internal/tts/engines/piper.go:115.29,117.3 1 0
github.com/charmbracelet/glow/v2/internal/tts/engines/piper.go:121.2,132.19 3 0
github.com/charmbracelet/glow/v2/internal/tts/engines/piper.go:132.19,134.3 1 0
github.com/charmbracelet/glow/v2/internal/tts/engines/piper.go:138.2,156.12 9 0
github.com/charmbracelet/glow/v2/internal/tts/engines/piper.go:156.12,159.3 1 0
github.com/charmbracelet/glow/v2/internal/tts/engines/piper.go:162.2,162.9 1 0
github.com/charmbracelet/glow/v2/internal/tts/engines/piper.go:163.21,165.17 1 0
github.com/charmbracelet/glow/v2/internal/tts/engines/piper.go:165.17,167.24 1 0
github.com/charmbracelet/glow/v2/internal/tts/engines/piper.go:167.24,169.5 1 0
github.com/charmbracelet/glow/v2/internal/tts/engines/piper.go:171.4,171.80 1 0
github.com/charmbracelet/glow/v2/internal/tts/engines/piper.go:174.20,177.25 1 0
github.com/charmbracelet/glow/v2/internal/tts/engines/piper.go:177.25,181.11 2 0
github.com/charmbracelet/glow/v2/internal/tts/engines/piper.go:182.16,182.16 0 0
github.com/charmbracelet/glow/v2/internal/tts/engines/piper.go:184.46,187.11 2 0
github.com/charmbracelet/glow/v2/internal/tts/engines/piper.go:191.3,191.71 1 0
github.com/charmbracelet/glow/v2/internal/tts/engines/piper.go:195.2,198.21 2 0
github.com/charmbracelet/glow/v2/internal/tts/engines/piper.go:198.21,200.3 1 0
github.com/charmbracelet/glow/v2/internal/tts/engines/piper.go:203.2,204.31 2 0
github.com/charmbracelet/glow/v2/internal/tts/engines/piper.go:204.31,206.3 1 0
github.com/charmbracelet/glow/v2/internal/tts/engines/piper.go:209.2,209.20 1 0
github.com/charmbracelet/glow/v2/internal/tts/engines/piper.go:209.20,213.3 2 0
github.com/charmbracelet/glow/v2/internal/tts/engines/piper.go:215.2,215.19 1 0
github.com/charmbracelet/glow/v2/internal/tts/engines/piper.go:219.48,232.2 3 1
github.com/charmbracelet/glow/v2/internal/tts/engines/piper.go:235.40,238.16 2 1
github.com/charmbracelet/glow/v2/internal/tts/engines/piper.go:238.16,240.3 1 0
github.com/charmbracelet/glow/v2/internal/tts/engines/piper.go:243.2,244.34 2 1
github.com/charmbracelet/glow/v2/internal/tts/engines/piper.go:244.34,246.3 1 1
github.com/charmbracelet/glow/v2/internal/tts/engines/piper.go:249.2,249.48 1 0
github.com/charmbracelet/glow/v2/internal/tts/engines/piper.go:249.48,251.3 1 0
github.com/charmbracelet/glow/v2/internal/tts/engines/piper.go:254.2,254.24 1 0
github.com/charmbracelet/glow/v2/internal/tts/engines/piper.go:254.24,255.50 1 0
github.com/charmbracelet/glow/v2/internal/tts/engines/piper.go:255.51,258.4 0 0
github.com/charmbracelet/glow/v2/internal/tts/engines/piper.go:262.2,266.16 4 0
github.com/charmbracelet/glow/v2/internal/tts/engines/piper.go:266.16,268.3 1 0
github.com/charmbracelet/glow/v2/internal/tts/engines/piper.go:270.2,270.12 1 0
github.com/charmbracelet/glow/v2/internal/tts/engines/piper.go:274.37,279.20 3 1
github.com/charmbracelet/glow/v2/internal/tts/engines/piper.go:279.20,280.41 1 1
github.com/charmbracelet/glow/v2/internal/tts/engines/piper.go:280.41,282.4 1 0
github.com/charmbracelet/glow/v2/internal/tts/engines/piper.go:285.2,285.12 1 1
github.com/charmbracelet/glow/v2/internal/tts/engines/piper.go:289.46,293.2 3 1
github.com/charmbracelet/glow/v2/internal/tts/engines/piper.go:296.41,300.2 3 1
github.com/charmbracelet/glow/v2/internal/tts/engines/piper.go:303.62,304.20 1 1
github.com/charmbracelet/glow/v2/internal/tts/engines/piper.go:304.20,306.3 1 0
github.com/charmbracelet/glow/v2/internal/tts/engines/piper.go:307.2,307.24 1 1
github.com/charmbracelet/glow/v2/internal/tts/engines/piper.go:311.42,312.20 1 1
github.com/charmbracelet/glow/v2/internal/tts/engines/piper.go:312.20,314.3 1 0
github.com/charmbracelet/glow/v2/internal/tts/engines/piper.go:315.2,315.24 1 1
