mode: set
github.com/charmbracelet/glow/v2/tts/engines/piper/piper.go:103.29,117.2 1 1
github.com/charmbracelet/glow/v2/tts/engines/piper/piper.go:120.48,122.29 1 1
github.com/charmbracelet/glow/v2/tts/engines/piper/piper.go:122.29,124.3 1 1
github.com/charmbracelet/glow/v2/tts/engines/piper/piper.go:127.2,127.60 1 1
github.com/charmbracelet/glow/v2/tts/engines/piper/piper.go:127.60,137.38 3 0
github.com/charmbracelet/glow/v2/tts/engines/piper/piper.go:137.38,138.43 1 0
github.com/charmbracelet/glow/v2/tts/engines/piper/piper.go:138.43,141.10 3 0
github.com/charmbracelet/glow/v2/tts/engines/piper/piper.go:145.3,145.13 1 0
github.com/charmbracelet/glow/v2/tts/engines/piper/piper.go:145.13,147.4 1 0
github.com/charmbracelet/glow/v2/tts/engines/piper/piper.go:151.2,151.28 1 1
github.com/charmbracelet/glow/v2/tts/engines/piper/piper.go:151.28,152.54 1 1
github.com/charmbracelet/glow/v2/tts/engines/piper/piper.go:152.54,154.4 1 1
github.com/charmbracelet/glow/v2/tts/engines/piper/piper.go:158.2,158.32 1 1
github.com/charmbracelet/glow/v2/tts/engines/piper/piper.go:158.32,160.3 1 1
github.com/charmbracelet/glow/v2/tts/engines/piper/piper.go:161.2,161.32 1 1
github.com/charmbracelet/glow/v2/tts/engines/piper/piper.go:161.32,163.3 1 1
github.com/charmbracelet/glow/v2/tts/engines/piper/piper.go:164.2,164.37 1 1
github.com/charmbracelet/glow/v2/tts/engines/piper/piper.go:164.37,166.3 1 1
github.com/charmbracelet/glow/v2/tts/engines/piper/piper.go:167.2,167.29 1 1
github.com/charmbracelet/glow/v2/tts/engines/piper/piper.go:167.29,169.3 1 1
github.com/charmbracelet/glow/v2/tts/engines/piper/piper.go:170.2,170.30 1 1
github.com/charmbracelet/glow/v2/tts/engines/piper/piper.go:170.30,172.3 1 1
github.com/charmbracelet/glow/v2/tts/engines/piper/piper.go:173.2,173.28 1 1
github.com/charmbracelet/glow/v2/tts/engines/piper/piper.go:173.28,175.3 1 1
github.com/charmbracelet/glow/v2/tts/engines/piper/piper.go:177.2,192.20 4 1
github.com/charmbracelet/glow/v2/tts/engines/piper/piper.go:196.60,203.41 4 1
github.com/charmbracelet/glow/v2/tts/engines/piper/piper.go:203.41,205.3 1 0
github.com/charmbracelet/glow/v2/tts/engines/piper/piper.go:208.2,212.12 4 1
github.com/charmbracelet/glow/v2/tts/engines/piper/piper.go:216.39,220.30 2 1
github.com/charmbracelet/glow/v2/tts/engines/piper/piper.go:220.30,222.3 1 0
github.com/charmbracelet/glow/v2/tts/engines/piper/piper.go:224.2,224.31 1 1
github.com/charmbracelet/glow/v2/tts/engines/piper/piper.go:224.31,226.3 1 0
github.com/charmbracelet/glow/v2/tts/engines/piper/piper.go:228.2,228.24 1 1
github.com/charmbracelet/glow/v2/tts/engines/piper/piper.go:228.24,230.3 1 0
github.com/charmbracelet/glow/v2/tts/engines/piper/piper.go:233.2,239.28 3 1
github.com/charmbracelet/glow/v2/tts/engines/piper/piper.go:239.28,241.3 1 0
github.com/charmbracelet/glow/v2/tts/engines/piper/piper.go:244.2,245.16 2 1
github.com/charmbracelet/glow/v2/tts/engines/piper/piper.go:245.16,247.3 1 0
github.com/charmbracelet/glow/v2/tts/engines/piper/piper.go:248.2,251.16 3 1
github.com/charmbracelet/glow/v2/tts/engines/piper/piper.go:251.16,253.3 1 0
github.com/charmbracelet/glow/v2/tts/engines/piper/piper.go:254.2,257.16 3 1
github.com/charmbracelet/glow/v2/tts/engines/piper/piper.go:257.16,259.3 1 0
github.com/charmbracelet/glow/v2/tts/engines/piper/piper.go:260.2,263.38 2 1
github.com/charmbracelet/glow/v2/tts/engines/piper/piper.go:263.38,265.3 1 0
github.com/charmbracelet/glow/v2/tts/engines/piper/piper.go:268.2,277.12 7 1
github.com/charmbracelet/glow/v2/tts/engines/piper/piper.go:281.38,282.39 1 1
github.com/charmbracelet/glow/v2/tts/engines/piper/piper.go:282.39,284.3 1 1
github.com/charmbracelet/glow/v2/tts/engines/piper/piper.go:287.2,291.20 3 0
github.com/charmbracelet/glow/v2/tts/engines/piper/piper.go:291.20,293.3 1 0
github.com/charmbracelet/glow/v2/tts/engines/piper/piper.go:296.2,297.12 2 0
github.com/charmbracelet/glow/v2/tts/engines/piper/piper.go:297.12,298.43 1 0
github.com/charmbracelet/glow/v2/tts/engines/piper/piper.go:298.43,300.4 1 0
github.com/charmbracelet/glow/v2/tts/engines/piper/piper.go:300.9,302.4 1 0
github.com/charmbracelet/glow/v2/tts/engines/piper/piper.go:306.2,306.9 1 0
github.com/charmbracelet/glow/v2/tts/engines/piper/piper.go:307.37,308.43 1 0
github.com/charmbracelet/glow/v2/tts/engines/piper/piper.go:308.43,310.4 1 0
github.com/charmbracelet/glow/v2/tts/engines/piper/piper.go:311.14,311.14 0 0
github.com/charmbracelet/glow/v2/tts/engines/piper/piper.go:316.2,316.21 1 0
github.com/charmbracelet/glow/v2/tts/engines/piper/piper.go:316.21,318.3 1 0
github.com/charmbracelet/glow/v2/tts/engines/piper/piper.go:319.2,319.21 1 0
github.com/charmbracelet/glow/v2/tts/engines/piper/piper.go:319.21,321.3 1 0
github.com/charmbracelet/glow/v2/tts/engines/piper/piper.go:323.2,323.12 1 0
github.com/charmbracelet/glow/v2/tts/engines/piper/piper.go:327.41,332.44 3 0
github.com/charmbracelet/glow/v2/tts/engines/piper/piper.go:332.44,334.3 1 0
github.com/charmbracelet/glow/v2/tts/engines/piper/piper.go:336.2,345.41 4 0
github.com/charmbracelet/glow/v2/tts/engines/piper/piper.go:345.41,347.3 1 0
github.com/charmbracelet/glow/v2/tts/engines/piper/piper.go:350.2,354.12 4 0
github.com/charmbracelet/glow/v2/tts/engines/piper/piper.go:358.34,364.6 4 1
github.com/charmbracelet/glow/v2/tts/engines/piper/piper.go:364.6,366.52 1 1
github.com/charmbracelet/glow/v2/tts/engines/piper/piper.go:366.52,368.4 1 0
github.com/charmbracelet/glow/v2/tts/engines/piper/piper.go:372.3,374.17 3 1
github.com/charmbracelet/glow/v2/tts/engines/piper/piper.go:374.17,375.21 1 0
github.com/charmbracelet/glow/v2/tts/engines/piper/piper.go:375.21,377.5 1 0
github.com/charmbracelet/glow/v2/tts/engines/piper/piper.go:378.4,378.10 1 0
github.com/charmbracelet/glow/v2/tts/engines/piper/piper.go:381.3,381.12 1 0
github.com/charmbracelet/glow/v2/tts/engines/piper/piper.go:381.12,383.11 1 0
github.com/charmbracelet/glow/v2/tts/engines/piper/piper.go:384.36,384.36 0 0
github.com/charmbracelet/glow/v2/tts/engines/piper/piper.go:385.24,386.11 1 0
github.com/charmbracelet/glow/v2/tts/engines/piper/piper.go:387.39,387.39 0 0
github.com/charmbracelet/glow/v2/tts/engines/piper/piper.go:395.34,400.21 3 1
github.com/charmbracelet/glow/v2/tts/engines/piper/piper.go:400.21,401.10 1 0
github.com/charmbracelet/glow/v2/tts/engines/piper/piper.go:402.23,403.10 1 0
github.com/charmbracelet/glow/v2/tts/engines/piper/piper.go:404.11,406.18 2 0
github.com/charmbracelet/glow/v2/tts/engines/piper/piper.go:406.18,410.34 3 0
github.com/charmbracelet/glow/v2/tts/engines/piper/piper.go:410.34,412.6 1 0
github.com/charmbracelet/glow/v2/tts/engines/piper/piper.go:413.5,416.57 2 0
github.com/charmbracelet/glow/v2/tts/engines/piper/piper.go:416.57,418.6 1 0
github.com/charmbracelet/glow/v2/tts/engines/piper/piper.go:423.2,423.38 1 0
github.com/charmbracelet/glow/v2/tts/engines/piper/piper.go:423.38,425.3 1 0
github.com/charmbracelet/glow/v2/tts/engines/piper/piper.go:429.34,435.6 4 1
github.com/charmbracelet/glow/v2/tts/engines/piper/piper.go:435.6,436.10 1 1
github.com/charmbracelet/glow/v2/tts/engines/piper/piper.go:437.23,438.10 1 0
github.com/charmbracelet/glow/v2/tts/engines/piper/piper.go:439.27,440.19 1 0
github.com/charmbracelet/glow/v2/tts/engines/piper/piper.go:446.32,447.39 1 0
github.com/charmbracelet/glow/v2/tts/engines/piper/piper.go:447.39,449.3 1 0
github.com/charmbracelet/glow/v2/tts/engines/piper/piper.go:452.2,452.42 1 0
github.com/charmbracelet/glow/v2/tts/engines/piper/piper.go:452.42,454.51 1 0
github.com/charmbracelet/glow/v2/tts/engines/piper/piper.go:454.51,460.14 3 0
github.com/charmbracelet/glow/v2/tts/engines/piper/piper.go:460.14,461.46 1 0
github.com/charmbracelet/glow/v2/tts/engines/piper/piper.go:461.46,463.6 1 0
github.com/charmbracelet/glow/v2/tts/engines/piper/piper.go:465.4,465.10 1 0
github.com/charmbracelet/glow/v2/tts/engines/piper/piper.go:470.2,474.34 4 0
github.com/charmbracelet/glow/v2/tts/engines/piper/piper.go:478.65,479.22 1 1
github.com/charmbracelet/glow/v2/tts/engines/piper/piper.go:479.22,481.3 1 1
github.com/charmbracelet/glow/v2/tts/engines/piper/piper.go:484.2,484.9 1 0
github.com/charmbracelet/glow/v2/tts/engines/piper/piper.go:485.22,485.22 0 0
github.com/charmbracelet/glow/v2/tts/engines/piper/piper.go:486.10,486.10 0 0
github.com/charmbracelet/glow/v2/tts/engines/piper/piper.go:490.2,490.55 1 0
github.com/charmbracelet/glow/v2/tts/engines/piper/piper.go:490.55,492.3 1 0
github.com/charmbracelet/glow/v2/tts/engines/piper/piper.go:495.2,498.6 3 0
github.com/charmbracelet/glow/v2/tts/engines/piper/piper.go:498.6,499.10 1 0
github.com/charmbracelet/glow/v2/tts/engines/piper/piper.go:500.31,504.11 2 0
github.com/charmbracelet/glow/v2/tts/engines/piper/piper.go:505.36,507.13 2 0
github.com/charmbracelet/glow/v2/tts/engines/piper/piper.go:508.46,510.14 1 0
github.com/charmbracelet/glow/v2/tts/engines/piper/piper.go:513.29,514.56 1 0
github.com/charmbracelet/glow/v2/tts/engines/piper/piper.go:516.18,517.48 1 0
github.com/charmbracelet/glow/v2/tts/engines/piper/piper.go:524.2,536.19 4 0
github.com/charmbracelet/glow/v2/tts/engines/piper/piper.go:540.82,545.12 2 1
github.com/charmbracelet/glow/v2/tts/engines/piper/piper.go:545.12,550.17 3 1
github.com/charmbracelet/glow/v2/tts/engines/piper/piper.go:550.17,557.4 2 1
github.com/charmbracelet/glow/v2/tts/engines/piper/piper.go:560.3,563.34 3 0
github.com/charmbracelet/glow/v2/tts/engines/piper/piper.go:563.34,565.29 2 0
github.com/charmbracelet/glow/v2/tts/engines/piper/piper.go:565.29,567.5 1 0
github.com/charmbracelet/glow/v2/tts/engines/piper/piper.go:569.4,575.11 2 0
github.com/charmbracelet/glow/v2/tts/engines/piper/piper.go:576.28,576.28 0 0
github.com/charmbracelet/glow/v2/tts/engines/piper/piper.go:577.24,578.11 1 0
github.com/charmbracelet/glow/v2/tts/engines/piper/piper.go:581.4,581.18 1 0
github.com/charmbracelet/glow/v2/tts/engines/piper/piper.go:585.2,585.23 1 1
github.com/charmbracelet/glow/v2/tts/engines/piper/piper.go:589.37,591.2 1 1
github.com/charmbracelet/glow/v2/tts/engines/piper/piper.go:594.42,601.2 5 1
github.com/charmbracelet/glow/v2/tts/engines/piper/piper.go:604.50,611.29 3 1
github.com/charmbracelet/glow/v2/tts/engines/piper/piper.go:611.29,612.23 1 1
github.com/charmbracelet/glow/v2/tts/engines/piper/piper.go:612.23,614.4 1 1
github.com/charmbracelet/glow/v2/tts/engines/piper/piper.go:617.2,617.72 1 1
github.com/charmbracelet/glow/v2/tts/engines/piper/piper.go:621.53,628.2 1 1
github.com/charmbracelet/glow/v2/tts/engines/piper/piper.go:631.35,641.27 5 1
github.com/charmbracelet/glow/v2/tts/engines/piper/piper.go:641.27,643.3 1 0
github.com/charmbracelet/glow/v2/tts/engines/piper/piper.go:646.2,647.12 2 1
github.com/charmbracelet/glow/v2/tts/engines/piper/piper.go:647.12,650.3 2 1
github.com/charmbracelet/glow/v2/tts/engines/piper/piper.go:653.2,653.9 1 1
github.com/charmbracelet/glow/v2/tts/engines/piper/piper.go:654.14,654.14 0 1
github.com/charmbracelet/glow/v2/tts/engines/piper/piper.go:656.37,656.37 0 0
github.com/charmbracelet/glow/v2/tts/engines/piper/piper.go:661.2,664.12 3 1
github.com/charmbracelet/glow/v2/tts/engines/piper/piper.go:668.31,670.30 1 1
github.com/charmbracelet/glow/v2/tts/engines/piper/piper.go:670.30,678.56 5 1
github.com/charmbracelet/glow/v2/tts/engines/piper/piper.go:678.56,681.4 1 1
github.com/charmbracelet/glow/v2/tts/engines/piper/piper.go:683.3,692.24 4 1
github.com/charmbracelet/glow/v2/tts/engines/piper/piper.go:697.41,705.9 5 0
github.com/charmbracelet/glow/v2/tts/engines/piper/piper.go:706.26,706.26 0 0
github.com/charmbracelet/glow/v2/tts/engines/piper/piper.go:707.10,707.10 0 0
github.com/charmbracelet/glow/v2/tts/engines/piper/piper.go:711.2,711.23 1 0
github.com/charmbracelet/glow/v2/tts/engines/piper/piper.go:711.23,713.3 1 0
github.com/charmbracelet/glow/v2/tts/engines/piper/piper.go:717.39,721.2 3 1
github.com/charmbracelet/glow/v2/tts/engines/piper/piper.go:724.45,731.2 5 1
github.com/charmbracelet/glow/v2/tts/engines/piper/piper.go:734.35,753.2 8 1
github.com/charmbracelet/glow/v2/tts/engines/piper/piper.go:767.62,771.15 2 1
github.com/charmbracelet/glow/v2/tts/engines/piper/piper.go:771.15,773.3 1 1
github.com/charmbracelet/glow/v2/tts/engines/piper/piper.go:775.2,776.78 2 1
github.com/charmbracelet/glow/v2/tts/engines/piper/piper.go:780.56,782.2 1 0
github.com/charmbracelet/glow/v2/tts/engines/piper/piper.go:785.44,787.2 1 0
github.com/charmbracelet/glow/v2/tts/engines/mock/mock.go:28.24,39.2 1 0
github.com/charmbracelet/glow/v2/tts/engines/mock/mock.go:42.64,45.2 2 0
github.com/charmbracelet/glow/v2/tts/engines/mock/mock.go:48.69,52.18 2 0
github.com/charmbracelet/glow/v2/tts/engines/mock/mock.go:52.18,54.3 1 0
github.com/charmbracelet/glow/v2/tts/engines/mock/mock.go:57.2,71.8 6 0
github.com/charmbracelet/glow/v2/tts/engines/mock/mock.go:75.86,78.18 2 0
github.com/charmbracelet/glow/v2/tts/engines/mock/mock.go:78.18,80.3 1 0
github.com/charmbracelet/glow/v2/tts/engines/mock/mock.go:82.2,85.12 2 0
github.com/charmbracelet/glow/v2/tts/engines/mock/mock.go:85.12,98.33 8 0
github.com/charmbracelet/glow/v2/tts/engines/mock/mock.go:98.33,101.29 3 0
github.com/charmbracelet/glow/v2/tts/engines/mock/mock.go:101.29,103.5 1 0
github.com/charmbracelet/glow/v2/tts/engines/mock/mock.go:105.4,115.37 4 0
github.com/charmbracelet/glow/v2/tts/engines/mock/mock.go:119.2,119.16 1 0
github.com/charmbracelet/glow/v2/tts/engines/mock/mock.go:123.46,144.2 1 0
github.com/charmbracelet/glow/v2/tts/engines/mock/mock.go:147.54,151.27 3 0
github.com/charmbracelet/glow/v2/tts/engines/mock/mock.go:151.27,152.23 1 0
github.com/charmbracelet/glow/v2/tts/engines/mock/mock.go:152.23,154.9 2 0
github.com/charmbracelet/glow/v2/tts/engines/mock/mock.go:158.2,158.12 1 0
github.com/charmbracelet/glow/v2/tts/engines/mock/mock.go:158.12,160.3 1 0
github.com/charmbracelet/glow/v2/tts/engines/mock/mock.go:162.2,163.12 2 0
github.com/charmbracelet/glow/v2/tts/engines/mock/mock.go:167.57,174.2 1 0
github.com/charmbracelet/glow/v2/tts/engines/mock/mock.go:177.41,179.2 1 0
github.com/charmbracelet/glow/v2/tts/engines/mock/mock.go:182.39,185.2 2 0
github.com/charmbracelet/glow/v2/tts/engines/mock/mock.go:190.52,192.2 1 0
github.com/charmbracelet/glow/v2/tts/engines/mock/mock.go:195.44,198.2 2 0
github.com/charmbracelet/glow/v2/tts/engines/mock/mock.go:201.37,204.2 2 0
github.com/charmbracelet/glow/v2/tts/engines/mock/mock.go:207.41,209.2 1 0
github.com/charmbracelet/glow/v2/tts/engines/mock/mock.go:212.66,215.15 2 0
github.com/charmbracelet/glow/v2/tts/engines/mock/mock.go:215.15,217.3 1 0
github.com/charmbracelet/glow/v2/tts/engines/mock/mock.go:218.2,219.54 2 0
github.com/charmbracelet/glow/v2/tts/sentence/parser.go:40.26,75.2 1 1
github.com/charmbracelet/glow/v2/tts/sentence/parser.go:78.56,88.28 4 1
github.com/charmbracelet/glow/v2/tts/sentence/parser.go:88.28,93.30 4 1
github.com/charmbracelet/glow/v2/tts/sentence/parser.go:93.30,94.12 1 0
github.com/charmbracelet/glow/v2/tts/sentence/parser.go:98.3,100.65 3 1
github.com/charmbracelet/glow/v2/tts/sentence/parser.go:100.65,101.32 1 1
github.com/charmbracelet/glow/v2/tts/sentence/parser.go:101.32,103.5 1 1
github.com/charmbracelet/glow/v2/tts/sentence/parser.go:104.4,104.42 1 1
github.com/charmbracelet/glow/v2/tts/sentence/parser.go:104.42,106.5 1 1
github.com/charmbracelet/glow/v2/tts/sentence/parser.go:109.3,118.42 2 1
github.com/charmbracelet/glow/v2/tts/sentence/parser.go:121.2,121.18 1 1
github.com/charmbracelet/glow/v2/tts/sentence/parser.go:125.62,128.16 2 1
github.com/charmbracelet/glow/v2/tts/sentence/parser.go:128.16,130.3 1 0
github.com/charmbracelet/glow/v2/tts/sentence/parser.go:133.2,140.54 5 1
github.com/charmbracelet/glow/v2/tts/sentence/parser.go:144.65,147.22 2 1
github.com/charmbracelet/glow/v2/tts/sentence/parser.go:147.22,149.3 1 1
github.com/charmbracelet/glow/v2/tts/sentence/parser.go:152.2,157.35 5 1
github.com/charmbracelet/glow/v2/tts/sentence/parser.go:157.35,159.75 1 1
github.com/charmbracelet/glow/v2/tts/sentence/parser.go:159.75,161.4 1 1
github.com/charmbracelet/glow/v2/tts/sentence/parser.go:164.3,164.76 1 1
github.com/charmbracelet/glow/v2/tts/sentence/parser.go:164.76,165.38 1 1
github.com/charmbracelet/glow/v2/tts/sentence/parser.go:165.38,166.20 1 1
github.com/charmbracelet/glow/v2/tts/sentence/parser.go:166.20,168.11 2 1
github.com/charmbracelet/glow/v2/tts/sentence/parser.go:174.3,174.78 1 1
github.com/charmbracelet/glow/v2/tts/sentence/parser.go:174.78,176.4 1 1
github.com/charmbracelet/glow/v2/tts/sentence/parser.go:179.3,182.27 2 1
github.com/charmbracelet/glow/v2/tts/sentence/parser.go:182.27,185.4 2 1
github.com/charmbracelet/glow/v2/tts/sentence/parser.go:188.3,188.65 1 1
github.com/charmbracelet/glow/v2/tts/sentence/parser.go:188.65,191.4 2 1
github.com/charmbracelet/glow/v2/tts/sentence/parser.go:194.3,195.29 2 1
github.com/charmbracelet/glow/v2/tts/sentence/parser.go:195.29,197.4 1 1
github.com/charmbracelet/glow/v2/tts/sentence/parser.go:200.2,200.43 1 1
github.com/charmbracelet/glow/v2/tts/sentence/parser.go:204.60,224.2 7 1
github.com/charmbracelet/glow/v2/tts/sentence/parser.go:227.65,234.34 4 1
github.com/charmbracelet/glow/v2/tts/sentence/parser.go:234.34,236.60 1 1
github.com/charmbracelet/glow/v2/tts/sentence/parser.go:236.60,239.110 2 1
github.com/charmbracelet/glow/v2/tts/sentence/parser.go:239.110,241.5 1 1
github.com/charmbracelet/glow/v2/tts/sentence/parser.go:244.4,244.136 1 1
github.com/charmbracelet/glow/v2/tts/sentence/parser.go:244.136,246.5 1 1
github.com/charmbracelet/glow/v2/tts/sentence/parser.go:249.4,249.42 1 1
github.com/charmbracelet/glow/v2/tts/sentence/parser.go:249.42,257.67 2 1
github.com/charmbracelet/glow/v2/tts/sentence/parser.go:257.67,259.6 1 1
github.com/charmbracelet/glow/v2/tts/sentence/parser.go:260.5,261.21 2 1
github.com/charmbracelet/glow/v2/tts/sentence/parser.go:267.2,267.28 1 1
github.com/charmbracelet/glow/v2/tts/sentence/parser.go:267.28,269.25 2 1
github.com/charmbracelet/glow/v2/tts/sentence/parser.go:269.25,274.4 1 1
github.com/charmbracelet/glow/v2/tts/sentence/parser.go:278.2,278.62 1 1
github.com/charmbracelet/glow/v2/tts/sentence/parser.go:278.62,283.3 1 0
github.com/charmbracelet/glow/v2/tts/sentence/parser.go:286.2,286.28 1 1
github.com/charmbracelet/glow/v2/tts/sentence/parser.go:286.28,289.3 2 1
github.com/charmbracelet/glow/v2/tts/sentence/parser.go:291.2,291.19 1 1
github.com/charmbracelet/glow/v2/tts/sentence/parser.go:295.69,296.34 1 1
github.com/charmbracelet/glow/v2/tts/sentence/parser.go:296.34,298.3 1 0
github.com/charmbracelet/glow/v2/tts/sentence/parser.go:300.2,305.51 4 1
github.com/charmbracelet/glow/v2/tts/sentence/parser.go:305.51,307.3 1 1
github.com/charmbracelet/glow/v2/tts/sentence/parser.go:308.2,308.17 1 1
github.com/charmbracelet/glow/v2/tts/sentence/parser.go:308.17,310.3 1 1
github.com/charmbracelet/glow/v2/tts/sentence/parser.go:313.2,313.41 1 1
github.com/charmbracelet/glow/v2/tts/sentence/parser.go:313.41,316.49 2 1
github.com/charmbracelet/glow/v2/tts/sentence/parser.go:316.49,318.4 1 1
github.com/charmbracelet/glow/v2/tts/sentence/parser.go:319.3,319.47 1 1
github.com/charmbracelet/glow/v2/tts/sentence/parser.go:319.47,321.4 1 0
github.com/charmbracelet/glow/v2/tts/sentence/parser.go:324.3,324.41 1 1
github.com/charmbracelet/glow/v2/tts/sentence/parser.go:324.41,326.4 1 1
github.com/charmbracelet/glow/v2/tts/sentence/parser.go:329.3,329.51 1 1
github.com/charmbracelet/glow/v2/tts/sentence/parser.go:329.51,331.82 1 1
github.com/charmbracelet/glow/v2/tts/sentence/parser.go:331.82,334.58 3 1
github.com/charmbracelet/glow/v2/tts/sentence/parser.go:334.58,337.6 2 1
github.com/charmbracelet/glow/v2/tts/sentence/parser.go:339.5,339.87 1 1
github.com/charmbracelet/glow/v2/tts/sentence/parser.go:339.87,341.6 1 1
github.com/charmbracelet/glow/v2/tts/sentence/parser.go:349.2,349.51 1 1
github.com/charmbracelet/glow/v2/tts/sentence/parser.go:349.51,350.36 1 1
github.com/charmbracelet/glow/v2/tts/sentence/parser.go:350.36,352.37 1 1
github.com/charmbracelet/glow/v2/tts/sentence/parser.go:352.37,354.5 1 1
github.com/charmbracelet/glow/v2/tts/sentence/parser.go:356.4,356.92 1 0
github.com/charmbracelet/glow/v2/tts/sentence/parser.go:356.92,358.5 1 0
github.com/charmbracelet/glow/v2/tts/sentence/parser.go:363.2,363.86 1 1
github.com/charmbracelet/glow/v2/tts/sentence/parser.go:363.86,365.3 1 1
github.com/charmbracelet/glow/v2/tts/sentence/parser.go:368.2,368.25 1 1
github.com/charmbracelet/glow/v2/tts/sentence/parser.go:368.25,370.3 1 1
github.com/charmbracelet/glow/v2/tts/sentence/parser.go:373.2,374.130 2 1
github.com/charmbracelet/glow/v2/tts/sentence/parser.go:374.130,376.3 1 1
github.com/charmbracelet/glow/v2/tts/sentence/parser.go:378.2,378.27 1 1
github.com/charmbracelet/glow/v2/tts/sentence/parser.go:378.27,380.3 1 0
github.com/charmbracelet/glow/v2/tts/sentence/parser.go:383.2,383.38 1 1
github.com/charmbracelet/glow/v2/tts/sentence/parser.go:383.38,385.3 1 1
github.com/charmbracelet/glow/v2/tts/sentence/parser.go:388.2,388.62 1 1
github.com/charmbracelet/glow/v2/tts/sentence/parser.go:388.62,390.3 1 1
github.com/charmbracelet/glow/v2/tts/sentence/parser.go:393.2,393.61 1 1
github.com/charmbracelet/glow/v2/tts/sentence/parser.go:393.61,395.3 1 1
github.com/charmbracelet/glow/v2/tts/sentence/parser.go:398.2,398.34 1 0
github.com/charmbracelet/glow/v2/tts/sentence/parser.go:398.34,400.3 1 0
github.com/charmbracelet/glow/v2/tts/sentence/parser.go:402.2,402.14 1 0
github.com/charmbracelet/glow/v2/tts/sentence/parser.go:406.63,407.33 1 0
github.com/charmbracelet/glow/v2/tts/sentence/parser.go:407.33,409.3 1 0
github.com/charmbracelet/glow/v2/tts/sentence/parser.go:412.2,416.22 3 0
github.com/charmbracelet/glow/v2/tts/sentence/parser.go:416.22,418.3 1 0
github.com/charmbracelet/glow/v2/tts/sentence/parser.go:419.2,422.18 2 0
github.com/charmbracelet/glow/v2/tts/sentence/parser.go:422.18,425.21 2 0
github.com/charmbracelet/glow/v2/tts/sentence/parser.go:425.21,428.46 2 0
github.com/charmbracelet/glow/v2/tts/sentence/parser.go:428.46,430.5 1 0
github.com/charmbracelet/glow/v2/tts/sentence/parser.go:431.4,431.50 1 0
github.com/charmbracelet/glow/v2/tts/sentence/parser.go:431.50,433.5 1 0
github.com/charmbracelet/glow/v2/tts/sentence/parser.go:435.4,435.39 1 0
github.com/charmbracelet/glow/v2/tts/sentence/parser.go:435.39,437.5 1 0
github.com/charmbracelet/glow/v2/tts/sentence/parser.go:441.3,441.53 1 0
github.com/charmbracelet/glow/v2/tts/sentence/parser.go:441.53,443.4 1 0
github.com/charmbracelet/glow/v2/tts/sentence/parser.go:447.2,447.50 1 0
github.com/charmbracelet/glow/v2/tts/sentence/parser.go:447.50,448.79 1 0
github.com/charmbracelet/glow/v2/tts/sentence/parser.go:448.79,450.4 1 0
github.com/charmbracelet/glow/v2/tts/sentence/parser.go:454.2,454.67 1 0
github.com/charmbracelet/glow/v2/tts/sentence/parser.go:454.67,456.3 1 0
github.com/charmbracelet/glow/v2/tts/sentence/parser.go:459.2,459.58 1 0
github.com/charmbracelet/glow/v2/tts/sentence/parser.go:459.58,461.3 1 0
github.com/charmbracelet/glow/v2/tts/sentence/parser.go:463.2,463.13 1 0
github.com/charmbracelet/glow/v2/tts/sentence/parser.go:467.59,481.29 8 1
github.com/charmbracelet/glow/v2/tts/sentence/parser.go:481.29,482.21 1 1
github.com/charmbracelet/glow/v2/tts/sentence/parser.go:482.21,484.4 1 1
github.com/charmbracelet/glow/v2/tts/sentence/parser.go:486.2,489.22 2 1
github.com/charmbracelet/glow/v2/tts/sentence/parser.go:489.22,491.3 1 0
github.com/charmbracelet/glow/v2/tts/sentence/parser.go:493.2,493.19 1 1
github.com/charmbracelet/glow/v2/tts/sentence/parser.go:497.44,512.33 3 1
github.com/charmbracelet/glow/v2/tts/sentence/parser.go:512.33,515.37 2 1
github.com/charmbracelet/glow/v2/tts/sentence/parser.go:515.37,517.4 1 1
github.com/charmbracelet/glow/v2/tts/sentence/parser.go:519.2,519.10 1 1
github.com/charmbracelet/glow/v2/ui/editor.go:10.50,11.32 1 0
github.com/charmbracelet/glow/v2/ui/editor.go:11.32,13.3 1 0
github.com/charmbracelet/glow/v2/ui/editor.go:14.2,15.16 2 0
github.com/charmbracelet/glow/v2/ui/editor.go:15.16,16.25 1 0
github.com/charmbracelet/glow/v2/ui/editor.go:16.25,16.43 1 0
github.com/charmbracelet/glow/v2/ui/editor.go:18.2,18.33 1 0
github.com/charmbracelet/glow/v2/ui/ignore_general.go:6.45,12.2 1 0
github.com/charmbracelet/glow/v2/ui/markdown.go:32.39,34.16 2 0
github.com/charmbracelet/glow/v2/ui/markdown.go:34.16,37.3 2 0
github.com/charmbracelet/glow/v2/ui/markdown.go:39.2,39.22 1 0
github.com/charmbracelet/glow/v2/ui/markdown.go:42.41,44.2 1 0
github.com/charmbracelet/glow/v2/ui/markdown.go:49.43,52.16 3 0
github.com/charmbracelet/glow/v2/ui/markdown.go:52.16,54.3 1 0
github.com/charmbracelet/glow/v2/ui/markdown.go:55.2,55.17 1 0
github.com/charmbracelet/glow/v2/ui/markdown.go:59.42,61.45 2 0
github.com/charmbracelet/glow/v2/ui/markdown.go:61.45,63.3 1 0
github.com/charmbracelet/glow/v2/ui/markdown.go:63.8,63.32 1 0
github.com/charmbracelet/glow/v2/ui/markdown.go:63.32,65.3 1 0
github.com/charmbracelet/glow/v2/ui/markdown.go:66.2,66.45 1 0
github.com/charmbracelet/glow/v2/ui/pager.go:111.52,125.2 6 0
github.com/charmbracelet/glow/v2/ui/pager.go:127.40,131.16 3 0
github.com/charmbracelet/glow/v2/ui/pager.go:131.16,132.27 1 0
github.com/charmbracelet/glow/v2/ui/pager.go:132.27,134.4 1 0
github.com/charmbracelet/glow/v2/ui/pager.go:135.3,135.59 1 0
github.com/charmbracelet/glow/v2/ui/pager.go:139.43,141.2 1 0
github.com/charmbracelet/glow/v2/ui/pager.go:143.35,146.29 3 0
github.com/charmbracelet/glow/v2/ui/pager.go:146.29,148.3 1 0
github.com/charmbracelet/glow/v2/ui/pager.go:159.72,163.33 3 0
github.com/charmbracelet/glow/v2/ui/pager.go:163.33,165.3 1 0
github.com/charmbracelet/glow/v2/ui/pager.go:166.2,168.72 2 0
github.com/charmbracelet/glow/v2/ui/pager.go:171.31,173.16 2 0
github.com/charmbracelet/glow/v2/ui/pager.go:173.16,175.3 1 0
github.com/charmbracelet/glow/v2/ui/pager.go:176.2,176.33 1 0
github.com/charmbracelet/glow/v2/ui/pager.go:176.33,178.3 1 0
github.com/charmbracelet/glow/v2/ui/pager.go:179.2,182.17 4 0
github.com/charmbracelet/glow/v2/ui/pager.go:185.63,191.27 2 0
github.com/charmbracelet/glow/v2/ui/pager.go:192.18,193.23 1 0
github.com/charmbracelet/glow/v2/ui/pager.go:194.20,195.35 1 0
github.com/charmbracelet/glow/v2/ui/pager.go:195.35,198.5 2 0
github.com/charmbracelet/glow/v2/ui/pager.go:199.20,201.43 2 0
github.com/charmbracelet/glow/v2/ui/pager.go:201.43,203.5 1 0
github.com/charmbracelet/glow/v2/ui/pager.go:204.19,206.43 2 0
github.com/charmbracelet/glow/v2/ui/pager.go:206.43,208.5 1 0
github.com/charmbracelet/glow/v2/ui/pager.go:210.12,212.43 2 0
github.com/charmbracelet/glow/v2/ui/pager.go:212.43,214.5 1 0
github.com/charmbracelet/glow/v2/ui/pager.go:216.12,218.43 2 0
github.com/charmbracelet/glow/v2/ui/pager.go:218.43,220.5 1 0
github.com/charmbracelet/glow/v2/ui/pager.go:222.12,224.26 2 0
github.com/charmbracelet/glow/v2/ui/pager.go:224.26,226.5 1 0
github.com/charmbracelet/glow/v2/ui/pager.go:227.4,232.61 2 0
github.com/charmbracelet/glow/v2/ui/pager.go:234.12,239.90 3 0
github.com/charmbracelet/glow/v2/ui/pager.go:241.12,242.51 1 0
github.com/charmbracelet/glow/v2/ui/pager.go:244.12,246.43 2 0
github.com/charmbracelet/glow/v2/ui/pager.go:246.43,248.5 1 0
github.com/charmbracelet/glow/v2/ui/pager.go:251.17,253.20 1 0
github.com/charmbracelet/glow/v2/ui/pager.go:253.20,254.71 1 0
github.com/charmbracelet/glow/v2/ui/pager.go:254.71,256.6 1 0
github.com/charmbracelet/glow/v2/ui/pager.go:259.12,261.41 1 0
github.com/charmbracelet/glow/v2/ui/pager.go:261.41,262.71 1 0
github.com/charmbracelet/glow/v2/ui/pager.go:262.71,264.6 1 0
github.com/charmbracelet/glow/v2/ui/pager.go:265.10,268.44 2 0
github.com/charmbracelet/glow/v2/ui/pager.go:268.44,270.6 1 0
github.com/charmbracelet/glow/v2/ui/pager.go:273.17,275.41 1 0
github.com/charmbracelet/glow/v2/ui/pager.go:275.41,276.71 1 0
github.com/charmbracelet/glow/v2/ui/pager.go:276.71,278.6 1 0
github.com/charmbracelet/glow/v2/ui/pager.go:282.32,284.41 1 0
github.com/charmbracelet/glow/v2/ui/pager.go:284.41,285.71 1 0
github.com/charmbracelet/glow/v2/ui/pager.go:285.71,287.6 1 0
github.com/charmbracelet/glow/v2/ui/pager.go:292.26,296.42 3 0
github.com/charmbracelet/glow/v2/ui/pager.go:296.42,298.4 1 0
github.com/charmbracelet/glow/v2/ui/pager.go:299.3,299.35 1 0
github.com/charmbracelet/glow/v2/ui/pager.go:302.17,303.50 1 0
github.com/charmbracelet/glow/v2/ui/pager.go:308.25,309.50 1 0
github.com/charmbracelet/glow/v2/ui/pager.go:313.25,314.57 1 0
github.com/charmbracelet/glow/v2/ui/pager.go:317.10,318.19 1 0
github.com/charmbracelet/glow/v2/ui/pager.go:318.19,319.63 1 0
github.com/charmbracelet/glow/v2/ui/pager.go:319.63,320.22 1 0
github.com/charmbracelet/glow/v2/ui/pager.go:320.22,322.6 1 0
github.com/charmbracelet/glow/v2/ui/pager.go:324.5,324.44 1 0
github.com/charmbracelet/glow/v2/ui/pager.go:324.44,326.6 1 0
github.com/charmbracelet/glow/v2/ui/pager.go:330.31,331.29 1 0
github.com/charmbracelet/glow/v2/ui/pager.go:334.2,337.30 3 0
github.com/charmbracelet/glow/v2/ui/pager.go:340.35,347.16 4 0
github.com/charmbracelet/glow/v2/ui/pager.go:347.16,349.3 1 0
github.com/charmbracelet/glow/v2/ui/pager.go:351.2,351.19 1 0
github.com/charmbracelet/glow/v2/ui/pager.go:354.55,369.23 6 0
github.com/charmbracelet/glow/v2/ui/pager.go:369.23,371.3 1 0
github.com/charmbracelet/glow/v2/ui/pager.go:371.8,373.3 1 0
github.com/charmbracelet/glow/v2/ui/pager.go:376.2,377.23 2 0
github.com/charmbracelet/glow/v2/ui/pager.go:377.23,379.3 1 0
github.com/charmbracelet/glow/v2/ui/pager.go:379.8,381.3 1 0
github.com/charmbracelet/glow/v2/ui/pager.go:384.2,385.39 2 0
github.com/charmbracelet/glow/v2/ui/pager.go:385.39,387.22 2 0
github.com/charmbracelet/glow/v2/ui/pager.go:387.22,389.4 1 0
github.com/charmbracelet/glow/v2/ui/pager.go:393.2,394.23 2 0
github.com/charmbracelet/glow/v2/ui/pager.go:394.23,396.3 1 0
github.com/charmbracelet/glow/v2/ui/pager.go:396.8,398.3 1 0
github.com/charmbracelet/glow/v2/ui/pager.go:399.2,406.23 2 0
github.com/charmbracelet/glow/v2/ui/pager.go:406.23,408.3 1 0
github.com/charmbracelet/glow/v2/ui/pager.go:408.8,410.3 1 0
github.com/charmbracelet/glow/v2/ui/pager.go:413.2,422.23 3 0
github.com/charmbracelet/glow/v2/ui/pager.go:422.23,424.3 1 0
github.com/charmbracelet/glow/v2/ui/pager.go:424.8,426.3 1 0
github.com/charmbracelet/glow/v2/ui/pager.go:428.2,435.3 1 0
github.com/charmbracelet/glow/v2/ui/pager.go:438.43,469.18 12 0
github.com/charmbracelet/glow/v2/ui/pager.go:469.18,471.36 2 0
github.com/charmbracelet/glow/v2/ui/pager.go:471.36,473.4 1 0
github.com/charmbracelet/glow/v2/ui/pager.go:477.2,477.24 1 0
github.com/charmbracelet/glow/v2/ui/pager.go:477.24,479.35 2 0
github.com/charmbracelet/glow/v2/ui/pager.go:479.35,483.4 3 0
github.com/charmbracelet/glow/v2/ui/pager.go:485.3,485.32 1 0
github.com/charmbracelet/glow/v2/ui/pager.go:488.2,488.25 1 0
github.com/charmbracelet/glow/v2/ui/pager.go:493.57,494.24 1 0
github.com/charmbracelet/glow/v2/ui/pager.go:494.24,496.17 2 0
github.com/charmbracelet/glow/v2/ui/pager.go:496.17,499.4 2 0
github.com/charmbracelet/glow/v2/ui/pager.go:500.3,500.31 1 0
github.com/charmbracelet/glow/v2/ui/pager.go:505.67,508.28 2 0
github.com/charmbracelet/glow/v2/ui/pager.go:508.28,510.3 1 0
github.com/charmbracelet/glow/v2/ui/pager.go:512.2,514.12 3 0
github.com/charmbracelet/glow/v2/ui/pager.go:514.12,516.3 1 0
github.com/charmbracelet/glow/v2/ui/pager.go:518.2,523.35 2 0
github.com/charmbracelet/glow/v2/ui/pager.go:523.35,525.3 1 0
github.com/charmbracelet/glow/v2/ui/pager.go:526.2,527.16 2 0
github.com/charmbracelet/glow/v2/ui/pager.go:527.16,529.3 1 0
github.com/charmbracelet/glow/v2/ui/pager.go:531.2,531.12 1 0
github.com/charmbracelet/glow/v2/ui/pager.go:531.12,533.3 1 0
github.com/charmbracelet/glow/v2/ui/pager.go:535.2,536.16 2 0
github.com/charmbracelet/glow/v2/ui/pager.go:536.16,538.3 1 0
github.com/charmbracelet/glow/v2/ui/pager.go:540.2,540.12 1 0
github.com/charmbracelet/glow/v2/ui/pager.go:540.12,542.3 1 0
github.com/charmbracelet/glow/v2/ui/pager.go:545.2,548.26 3 0
github.com/charmbracelet/glow/v2/ui/pager.go:548.26,549.45 1 0
github.com/charmbracelet/glow/v2/ui/pager.go:549.45,552.4 2 0
github.com/charmbracelet/glow/v2/ui/pager.go:552.9,554.4 1 0
github.com/charmbracelet/glow/v2/ui/pager.go:557.3,557.23 1 0
github.com/charmbracelet/glow/v2/ui/pager.go:557.23,559.4 1 0
github.com/charmbracelet/glow/v2/ui/pager.go:562.2,562.30 1 0
github.com/charmbracelet/glow/v2/ui/pager.go:565.36,568.16 3 0
github.com/charmbracelet/glow/v2/ui/pager.go:568.16,570.3 1 0
github.com/charmbracelet/glow/v2/ui/pager.go:573.42,576.43 2 0
github.com/charmbracelet/glow/v2/ui/pager.go:576.43,579.3 2 0
github.com/charmbracelet/glow/v2/ui/pager.go:581.2,583.6 2 0
github.com/charmbracelet/glow/v2/ui/pager.go:583.6,584.10 1 0
github.com/charmbracelet/glow/v2/ui/pager.go:585.40,586.56 1 0
github.com/charmbracelet/glow/v2/ui/pager.go:586.56,587.13 1 0
github.com/charmbracelet/glow/v2/ui/pager.go:590.4,590.65 1 0
github.com/charmbracelet/glow/v2/ui/pager.go:590.65,591.13 1 0
github.com/charmbracelet/glow/v2/ui/pager.go:594.4,595.22 2 0
github.com/charmbracelet/glow/v2/ui/pager.go:596.38,597.11 1 0
github.com/charmbracelet/glow/v2/ui/pager.go:597.11,598.13 1 0
github.com/charmbracelet/glow/v2/ui/pager.go:600.4,600.57 1 0
github.com/charmbracelet/glow/v2/ui/pager.go:605.36,609.16 3 0
github.com/charmbracelet/glow/v2/ui/pager.go:609.16,611.3 1 0
github.com/charmbracelet/glow/v2/ui/pager.go:611.8,613.3 1 0
github.com/charmbracelet/glow/v2/ui/pager.go:616.40,618.2 1 0
github.com/charmbracelet/glow/v2/ui/sort.go:8.37,9.54 1 0
github.com/charmbracelet/glow/v2/ui/sort.go:9.54,11.3 1 0
github.com/charmbracelet/glow/v2/ui/stash.go:113.21,124.2 1 0
github.com/charmbracelet/glow/v2/ui/stash.go:128.40,129.18 1 0
github.com/charmbracelet/glow/v2/ui/stash.go:130.27,131.31 1 0
github.com/charmbracelet/glow/v2/ui/stash.go:132.26,133.26 1 0
github.com/charmbracelet/glow/v2/ui/stash.go:134.10,135.28 1 0
github.com/charmbracelet/glow/v2/ui/stash.go:176.40,178.2 1 0
github.com/charmbracelet/glow/v2/ui/stash.go:180.47,182.2 1 0
github.com/charmbracelet/glow/v2/ui/stash.go:184.50,186.2 1 0
github.com/charmbracelet/glow/v2/ui/stash.go:188.54,190.2 1 0
github.com/charmbracelet/glow/v2/ui/stash.go:192.34,194.2 1 0
github.com/charmbracelet/glow/v2/ui/stash.go:196.39,198.2 1 0
github.com/charmbracelet/glow/v2/ui/stash.go:201.39,205.2 3 0
github.com/charmbracelet/glow/v2/ui/stash.go:207.49,216.2 4 0
github.com/charmbracelet/glow/v2/ui/stash.go:218.39,227.56 5 0
github.com/charmbracelet/glow/v2/ui/stash.go:227.56,229.3 1 0
github.com/charmbracelet/glow/v2/ui/stash.go:233.2,233.40 1 0
github.com/charmbracelet/glow/v2/ui/stash.go:233.40,235.3 1 0
github.com/charmbracelet/glow/v2/ui/stash.go:238.2,238.22 1 0
github.com/charmbracelet/glow/v2/ui/stash.go:242.42,244.2 1 0
github.com/charmbracelet/glow/v2/ui/stash.go:247.47,251.2 1 0
github.com/charmbracelet/glow/v2/ui/stash.go:255.41,265.54 4 0
github.com/charmbracelet/glow/v2/ui/stash.go:265.54,267.3 1 0
github.com/charmbracelet/glow/v2/ui/stash.go:267.8,269.3 1 0
github.com/charmbracelet/glow/v2/ui/stash.go:272.2,272.54 1 0
github.com/charmbracelet/glow/v2/ui/stash.go:272.54,274.3 1 0
github.com/charmbracelet/glow/v2/ui/stash.go:278.41,280.2 1 0
github.com/charmbracelet/glow/v2/ui/stash.go:283.50,287.45 3 0
github.com/charmbracelet/glow/v2/ui/stash.go:287.45,289.3 1 0
github.com/charmbracelet/glow/v2/ui/stash.go:291.2,291.15 1 0
github.com/charmbracelet/glow/v2/ui/stash.go:295.53,296.19 1 0
github.com/charmbracelet/glow/v2/ui/stash.go:296.19,298.3 1 0
github.com/charmbracelet/glow/v2/ui/stash.go:300.2,301.24 2 0
github.com/charmbracelet/glow/v2/ui/stash.go:301.24,303.3 1 0
github.com/charmbracelet/glow/v2/ui/stash.go:305.2,305.22 1 0
github.com/charmbracelet/glow/v2/ui/stash.go:309.55,310.75 1 0
github.com/charmbracelet/glow/v2/ui/stash.go:310.75,312.3 1 0
github.com/charmbracelet/glow/v2/ui/stash.go:314.2,314.20 1 0
github.com/charmbracelet/glow/v2/ui/stash.go:319.57,323.2 3 0
github.com/charmbracelet/glow/v2/ui/stash.go:325.42,328.33 3 0
github.com/charmbracelet/glow/v2/ui/stash.go:328.33,330.3 1 0
github.com/charmbracelet/glow/v2/ui/stash.go:333.37,335.47 2 0
github.com/charmbracelet/glow/v2/ui/stash.go:335.47,339.3 2 0
github.com/charmbracelet/glow/v2/ui/stash.go:341.2,341.21 1 0
github.com/charmbracelet/glow/v2/ui/stash.go:341.21,343.3 1 0
github.com/charmbracelet/glow/v2/ui/stash.go:345.2,347.74 2 0
github.com/charmbracelet/glow/v2/ui/stash.go:350.39,354.30 3 0
github.com/charmbracelet/glow/v2/ui/stash.go:354.30,356.3 1 0
github.com/charmbracelet/glow/v2/ui/stash.go:358.2,358.33 1 0
github.com/charmbracelet/glow/v2/ui/stash.go:358.33,362.3 3 0
github.com/charmbracelet/glow/v2/ui/stash.go:367.2,367.30 1 0
github.com/charmbracelet/glow/v2/ui/stash.go:367.30,370.3 2 0
github.com/charmbracelet/glow/v2/ui/stash.go:371.2,371.30 1 0
github.com/charmbracelet/glow/v2/ui/stash.go:376.52,400.2 11 0
github.com/charmbracelet/glow/v2/ui/stash.go:402.42,408.2 5 0
github.com/charmbracelet/glow/v2/ui/stash.go:412.63,415.27 2 0
github.com/charmbracelet/glow/v2/ui/stash.go:416.14,417.14 1 0
github.com/charmbracelet/glow/v2/ui/stash.go:419.31,421.18 1 0
github.com/charmbracelet/glow/v2/ui/stash.go:423.27,426.16 3 0
github.com/charmbracelet/glow/v2/ui/stash.go:428.23,429.21 1 0
github.com/charmbracelet/glow/v2/ui/stash.go:429.21,433.4 3 0
github.com/charmbracelet/glow/v2/ui/stash.go:435.31,436.46 1 0
github.com/charmbracelet/glow/v2/ui/stash.go:436.46,438.4 1 0
github.com/charmbracelet/glow/v2/ui/stash.go:441.2,441.32 1 0
github.com/charmbracelet/glow/v2/ui/stash.go:441.32,444.3 2 0
github.com/charmbracelet/glow/v2/ui/stash.go:447.2,447.21 1 0
github.com/charmbracelet/glow/v2/ui/stash.go:448.23,449.53 1 0
github.com/charmbracelet/glow/v2/ui/stash.go:450.30,452.36 1 0
github.com/charmbracelet/glow/v2/ui/stash.go:452.36,454.4 1 0
github.com/charmbracelet/glow/v2/ui/stash.go:457.2,457.30 1 0
github.com/charmbracelet/glow/v2/ui/stash.go:461.66,466.27 3 0
github.com/charmbracelet/glow/v2/ui/stash.go:468.18,469.23 1 0
github.com/charmbracelet/glow/v2/ui/stash.go:470.28,471.20 1 0
github.com/charmbracelet/glow/v2/ui/stash.go:473.30,474.22 1 0
github.com/charmbracelet/glow/v2/ui/stash.go:477.20,479.18 2 0
github.com/charmbracelet/glow/v2/ui/stash.go:482.19,484.55 2 0
github.com/charmbracelet/glow/v2/ui/stash.go:487.15,488.25 1 0
github.com/charmbracelet/glow/v2/ui/stash.go:488.25,490.5 1 0
github.com/charmbracelet/glow/v2/ui/stash.go:493.19,494.58 1 0
github.com/charmbracelet/glow/v2/ui/stash.go:494.58,495.10 1 0
github.com/charmbracelet/glow/v2/ui/stash.go:497.4,498.41 2 0
github.com/charmbracelet/glow/v2/ui/stash.go:498.41,500.5 1 0
github.com/charmbracelet/glow/v2/ui/stash.go:501.4,501.24 1 0
github.com/charmbracelet/glow/v2/ui/stash.go:504.25,505.58 1 0
github.com/charmbracelet/glow/v2/ui/stash.go:505.58,506.10 1 0
github.com/charmbracelet/glow/v2/ui/stash.go:508.4,509.26 2 0
github.com/charmbracelet/glow/v2/ui/stash.go:509.26,511.5 1 0
github.com/charmbracelet/glow/v2/ui/stash.go:512.4,512.24 1 0
github.com/charmbracelet/glow/v2/ui/stash.go:514.12,516.36 2 0
github.com/charmbracelet/glow/v2/ui/stash.go:519.12,523.17 2 0
github.com/charmbracelet/glow/v2/ui/stash.go:523.17,525.5 1 0
github.com/charmbracelet/glow/v2/ui/stash.go:527.4,527.38 1 0
github.com/charmbracelet/glow/v2/ui/stash.go:530.17,533.20 2 0
github.com/charmbracelet/glow/v2/ui/stash.go:533.20,534.10 1 0
github.com/charmbracelet/glow/v2/ui/stash.go:539.4,540.43 2 0
github.com/charmbracelet/glow/v2/ui/stash.go:543.12,547.35 2 0
github.com/charmbracelet/glow/v2/ui/stash.go:547.35,549.5 1 0
github.com/charmbracelet/glow/v2/ui/stash.go:551.4,558.26 7 0
github.com/charmbracelet/glow/v2/ui/stash.go:561.12,563.24 2 0
github.com/charmbracelet/glow/v2/ui/stash.go:566.12,567.54 1 0
github.com/charmbracelet/glow/v2/ui/stash.go:567.54,570.5 2 0
github.com/charmbracelet/glow/v2/ui/stash.go:577.2,582.37 4 0
github.com/charmbracelet/glow/v2/ui/stash.go:582.37,583.23 1 0
github.com/charmbracelet/glow/v2/ui/stash.go:584.17,585.28 1 0
github.com/charmbracelet/glow/v2/ui/stash.go:586.17,587.28 1 0
github.com/charmbracelet/glow/v2/ui/stash.go:592.2,593.32 2 0
github.com/charmbracelet/glow/v2/ui/stash.go:593.32,595.3 1 0
github.com/charmbracelet/glow/v2/ui/stash.go:597.2,597.27 1 0
github.com/charmbracelet/glow/v2/ui/stash.go:601.59,605.37 2 0
github.com/charmbracelet/glow/v2/ui/stash.go:605.37,606.23 1 0
github.com/charmbracelet/glow/v2/ui/stash.go:607.15,609.22 1 0
github.com/charmbracelet/glow/v2/ui/stash.go:610.71,613.29 2 0
github.com/charmbracelet/glow/v2/ui/stash.go:613.29,614.10 1 0
github.com/charmbracelet/glow/v2/ui/stash.go:617.4,620.19 2 0
github.com/charmbracelet/glow/v2/ui/stash.go:620.19,623.10 3 0
github.com/charmbracelet/glow/v2/ui/stash.go:628.4,628.19 1 0
github.com/charmbracelet/glow/v2/ui/stash.go:628.19,632.10 4 0
github.com/charmbracelet/glow/v2/ui/stash.go:636.4,636.58 1 0
github.com/charmbracelet/glow/v2/ui/stash.go:636.58,638.5 1 0
github.com/charmbracelet/glow/v2/ui/stash.go:639.4,644.35 4 0
github.com/charmbracelet/glow/v2/ui/stash.go:644.35,646.5 1 0
github.com/charmbracelet/glow/v2/ui/stash.go:651.2,658.38 6 0
github.com/charmbracelet/glow/v2/ui/stash.go:658.38,660.3 1 0
github.com/charmbracelet/glow/v2/ui/stash.go:663.2,665.27 2 0
github.com/charmbracelet/glow/v2/ui/stash.go:670.35,672.21 2 0
github.com/charmbracelet/glow/v2/ui/stash.go:673.30,674.33 1 0
github.com/charmbracelet/glow/v2/ui/stash.go:675.33,676.55 1 0
github.com/charmbracelet/glow/v2/ui/stash.go:677.23,679.21 2 0
github.com/charmbracelet/glow/v2/ui/stash.go:679.21,681.4 1 0
github.com/charmbracelet/glow/v2/ui/stash.go:685.3,689.56 3 0
github.com/charmbracelet/glow/v2/ui/stash.go:689.56,691.4 1 0
github.com/charmbracelet/glow/v2/ui/stash.go:691.9,691.40 1 0
github.com/charmbracelet/glow/v2/ui/stash.go:691.40,693.4 1 0
github.com/charmbracelet/glow/v2/ui/stash.go:693.9,695.27 2 0
github.com/charmbracelet/glow/v2/ui/stash.go:695.27,697.5 1 0
github.com/charmbracelet/glow/v2/ui/stash.go:699.3,716.35 8 0
github.com/charmbracelet/glow/v2/ui/stash.go:716.35,721.87 2 0
github.com/charmbracelet/glow/v2/ui/stash.go:721.87,733.5 3 0
github.com/charmbracelet/glow/v2/ui/stash.go:736.3,745.4 1 0
github.com/charmbracelet/glow/v2/ui/stash.go:747.2,747.38 1 0
github.com/charmbracelet/glow/v2/ui/stash.go:750.28,752.2 1 0
github.com/charmbracelet/glow/v2/ui/stash.go:754.41,760.32 3 0
github.com/charmbracelet/glow/v2/ui/stash.go:760.32,761.22 1 0
github.com/charmbracelet/glow/v2/ui/stash.go:761.22,763.4 1 0
github.com/charmbracelet/glow/v2/ui/stash.go:764.3,764.21 1 0
github.com/charmbracelet/glow/v2/ui/stash.go:764.21,766.4 1 0
github.com/charmbracelet/glow/v2/ui/stash.go:768.3,768.27 1 0
github.com/charmbracelet/glow/v2/ui/stash.go:768.27,770.4 1 0
github.com/charmbracelet/glow/v2/ui/stash.go:772.3,772.53 1 0
github.com/charmbracelet/glow/v2/ui/stash.go:776.2,776.31 1 0
github.com/charmbracelet/glow/v2/ui/stash.go:776.31,779.16 2 0
github.com/charmbracelet/glow/v2/ui/stash.go:780.25,781.47 1 0
github.com/charmbracelet/glow/v2/ui/stash.go:783.22,784.83 1 0
github.com/charmbracelet/glow/v2/ui/stash.go:787.3,787.49 1 0
github.com/charmbracelet/glow/v2/ui/stash.go:787.49,789.4 1 0
github.com/charmbracelet/glow/v2/ui/stash.go:789.9,791.4 1 0
github.com/charmbracelet/glow/v2/ui/stash.go:792.3,792.33 1 0
github.com/charmbracelet/glow/v2/ui/stash.go:795.2,795.52 1 0
github.com/charmbracelet/glow/v2/ui/stash.go:798.44,804.19 3 0
github.com/charmbracelet/glow/v2/ui/stash.go:804.19,805.23 1 0
github.com/charmbracelet/glow/v2/ui/stash.go:805.23,807.4 1 0
github.com/charmbracelet/glow/v2/ui/stash.go:809.3,809.41 1 0
github.com/charmbracelet/glow/v2/ui/stash.go:810.25,811.23 1 0
github.com/charmbracelet/glow/v2/ui/stash.go:811.23,813.5 1 0
github.com/charmbracelet/glow/v2/ui/stash.go:813.10,815.5 1 0
github.com/charmbracelet/glow/v2/ui/stash.go:816.22,817.13 1 0
github.com/charmbracelet/glow/v2/ui/stash.go:821.2,821.18 1 0
github.com/charmbracelet/glow/v2/ui/stash.go:821.18,825.27 3 0
github.com/charmbracelet/glow/v2/ui/stash.go:825.27,827.24 2 0
github.com/charmbracelet/glow/v2/ui/stash.go:827.24,829.5 1 0
github.com/charmbracelet/glow/v2/ui/stash.go:836.2,837.41 2 0
github.com/charmbracelet/glow/v2/ui/stash.go:837.41,839.20 2 0
github.com/charmbracelet/glow/v2/ui/stash.go:839.20,841.4 1 0
github.com/charmbracelet/glow/v2/ui/stash.go:842.3,842.26 1 0
github.com/charmbracelet/glow/v2/ui/stash.go:842.26,844.4 1 0
github.com/charmbracelet/glow/v2/ui/stash.go:847.2,847.19 1 0
github.com/charmbracelet/glow/v2/ui/stash.go:852.46,853.24 1 0
github.com/charmbracelet/glow/v2/ui/stash.go:853.24,854.25 1 0
github.com/charmbracelet/glow/v2/ui/stash.go:854.25,856.4 1 0
github.com/charmbracelet/glow/v2/ui/stash.go:858.3,859.17 2 0
github.com/charmbracelet/glow/v2/ui/stash.go:859.17,862.4 2 0
github.com/charmbracelet/glow/v2/ui/stash.go:863.3,864.32 2 0
github.com/charmbracelet/glow/v2/ui/stash.go:868.44,869.24 1 0
github.com/charmbracelet/glow/v2/ui/stash.go:869.24,870.56 1 0
github.com/charmbracelet/glow/v2/ui/stash.go:870.56,872.4 1 0
github.com/charmbracelet/glow/v2/ui/stash.go:874.3,877.25 3 0
github.com/charmbracelet/glow/v2/ui/stash.go:877.25,879.4 1 0
github.com/charmbracelet/glow/v2/ui/stash.go:881.3,885.27 4 0
github.com/charmbracelet/glow/v2/ui/stash.go:885.27,887.4 1 0
github.com/charmbracelet/glow/v2/ui/stash.go:889.3,889.39 1 0
github.com/charmbracelet/glow/v2/ui/stashhelp.go:20.52,21.23 1 0
github.com/charmbracelet/glow/v2/ui/stashhelp.go:21.23,22.61 1 0
github.com/charmbracelet/glow/v2/ui/stashhelp.go:25.2,25.40 1 0
github.com/charmbracelet/glow/v2/ui/stashhelp.go:25.40,27.3 1 0
github.com/charmbracelet/glow/v2/ui/stashhelp.go:29.2,29.8 1 0
github.com/charmbracelet/glow/v2/ui/stashhelp.go:33.56,36.30 2 0
github.com/charmbracelet/glow/v2/ui/stashhelp.go:36.30,41.17 2 0
github.com/charmbracelet/glow/v2/ui/stashhelp.go:41.17,45.13 3 0
github.com/charmbracelet/glow/v2/ui/stashhelp.go:46.13,48.26 2 0
github.com/charmbracelet/glow/v2/ui/stashhelp.go:49.12,51.21 2 0
github.com/charmbracelet/glow/v2/ui/stashhelp.go:54.3,59.34 6 0
github.com/charmbracelet/glow/v2/ui/stashhelp.go:62.2,62.8 1 0
github.com/charmbracelet/glow/v2/ui/stashhelp.go:66.58,67.22 1 0
github.com/charmbracelet/glow/v2/ui/stashhelp.go:67.22,70.18 3 0
github.com/charmbracelet/glow/v2/ui/stashhelp.go:70.18,72.4 1 0
github.com/charmbracelet/glow/v2/ui/stashhelp.go:73.3,73.18 1 0
github.com/charmbracelet/glow/v2/ui/stashhelp.go:73.18,75.4 1 0
github.com/charmbracelet/glow/v2/ui/stashhelp.go:78.2,78.8 1 0
github.com/charmbracelet/glow/v2/ui/stashhelp.go:83.46,87.32 2 0
github.com/charmbracelet/glow/v2/ui/stashhelp.go:87.32,90.18 2 0
github.com/charmbracelet/glow/v2/ui/stashhelp.go:91.10,92.39 1 0
github.com/charmbracelet/glow/v2/ui/stashhelp.go:93.10,94.50 1 0
github.com/charmbracelet/glow/v2/ui/stashhelp.go:95.11,96.88 1 0
github.com/charmbracelet/glow/v2/ui/stashhelp.go:99.3,99.25 1 0
github.com/charmbracelet/glow/v2/ui/stashhelp.go:102.2,111.35 2 0
github.com/charmbracelet/glow/v2/ui/stashhelp.go:111.35,113.3 1 0
github.com/charmbracelet/glow/v2/ui/stashhelp.go:115.2,115.25 1 0
github.com/charmbracelet/glow/v2/ui/stashhelp.go:115.25,116.21 1 0
github.com/charmbracelet/glow/v2/ui/stashhelp.go:116.21,118.4 1 0
github.com/charmbracelet/glow/v2/ui/stashhelp.go:118.9,120.4 1 0
github.com/charmbracelet/glow/v2/ui/stashhelp.go:123.2,123.34 1 0
github.com/charmbracelet/glow/v2/ui/stashhelp.go:123.34,125.3 1 0
github.com/charmbracelet/glow/v2/ui/stashhelp.go:128.2,128.23 1 0
github.com/charmbracelet/glow/v2/ui/stashhelp.go:128.23,130.3 1 0
github.com/charmbracelet/glow/v2/ui/stashhelp.go:130.8,132.3 1 0
github.com/charmbracelet/glow/v2/ui/stashhelp.go:135.2,135.18 1 0
github.com/charmbracelet/glow/v2/ui/stashhelp.go:135.18,137.3 1 0
github.com/charmbracelet/glow/v2/ui/stashhelp.go:139.2,141.17 2 0
github.com/charmbracelet/glow/v2/ui/stashhelp.go:141.17,143.3 1 0
github.com/charmbracelet/glow/v2/ui/stashhelp.go:145.2,148.20 2 0
github.com/charmbracelet/glow/v2/ui/stashhelp.go:148.20,149.33 1 0
github.com/charmbracelet/glow/v2/ui/stashhelp.go:149.33,151.4 1 0
github.com/charmbracelet/glow/v2/ui/stashhelp.go:152.3,152.101 1 0
github.com/charmbracelet/glow/v2/ui/stashhelp.go:156.2,156.32 1 0
github.com/charmbracelet/glow/v2/ui/stashhelp.go:156.32,158.3 1 0
github.com/charmbracelet/glow/v2/ui/stashhelp.go:159.2,159.89 1 0
github.com/charmbracelet/glow/v2/ui/stashhelp.go:166.66,167.20 1 0
github.com/charmbracelet/glow/v2/ui/stashhelp.go:167.20,171.3 3 0
github.com/charmbracelet/glow/v2/ui/stashhelp.go:172.2,172.60 1 0
github.com/charmbracelet/glow/v2/ui/stashhelp.go:178.60,179.23 1 0
github.com/charmbracelet/glow/v2/ui/stashhelp.go:179.23,181.3 1 0
github.com/charmbracelet/glow/v2/ui/stashhelp.go:183.2,198.42 3 0
github.com/charmbracelet/glow/v2/ui/stashhelp.go:198.42,207.25 6 0
github.com/charmbracelet/glow/v2/ui/stashhelp.go:207.25,209.4 1 0
github.com/charmbracelet/glow/v2/ui/stashhelp.go:213.3,213.75 1 0
github.com/charmbracelet/glow/v2/ui/stashhelp.go:213.75,215.9 2 0
github.com/charmbracelet/glow/v2/ui/stashhelp.go:218.3,218.12 1 0
github.com/charmbracelet/glow/v2/ui/stashhelp.go:220.2,220.10 1 0
github.com/charmbracelet/glow/v2/ui/stashhelp.go:223.61,229.27 4 0
github.com/charmbracelet/glow/v2/ui/stashhelp.go:229.27,230.18 1 0
github.com/charmbracelet/glow/v2/ui/stashhelp.go:230.18,231.12 1 0
github.com/charmbracelet/glow/v2/ui/stashhelp.go:234.3,234.49 1 0
github.com/charmbracelet/glow/v2/ui/stashhelp.go:238.2,238.28 1 0
github.com/charmbracelet/glow/v2/ui/stashhelp.go:238.28,239.26 1 0
github.com/charmbracelet/glow/v2/ui/stashhelp.go:239.26,241.4 1 0
github.com/charmbracelet/glow/v2/ui/stashhelp.go:245.2,245.28 1 0
github.com/charmbracelet/glow/v2/ui/stashhelp.go:245.28,247.3 1 0
github.com/charmbracelet/glow/v2/ui/stashhelp.go:250.2,250.38 1 0
github.com/charmbracelet/glow/v2/ui/stashhelp.go:254.44,259.25 3 0
github.com/charmbracelet/glow/v2/ui/stashhelp.go:259.25,261.21 2 0
github.com/charmbracelet/glow/v2/ui/stashhelp.go:261.21,263.4 1 0
github.com/charmbracelet/glow/v2/ui/stashhelp.go:267.2,267.32 1 0
github.com/charmbracelet/glow/v2/ui/stashhelp.go:267.32,269.3 1 0
github.com/charmbracelet/glow/v2/ui/stashhelp.go:271.2,272.34 2 0
github.com/charmbracelet/glow/v2/ui/stashhelp.go:272.34,273.28 1 0
github.com/charmbracelet/glow/v2/ui/stashhelp.go:273.28,274.21 1 0
github.com/charmbracelet/glow/v2/ui/stashhelp.go:274.21,275.13 1 0
github.com/charmbracelet/glow/v2/ui/stashhelp.go:277.4,277.14 1 0
github.com/charmbracelet/glow/v2/ui/stashhelp.go:277.14,279.5 1 0
github.com/charmbracelet/glow/v2/ui/stashhelp.go:279.10,279.20 1 0
github.com/charmbracelet/glow/v2/ui/stashhelp.go:279.20,281.5 1 0
github.com/charmbracelet/glow/v2/ui/stashhelp.go:282.4,282.25 1 0
github.com/charmbracelet/glow/v2/ui/stashhelp.go:284.3,284.23 1 0
github.com/charmbracelet/glow/v2/ui/stashhelp.go:284.23,286.4 1 0
github.com/charmbracelet/glow/v2/ui/stashhelp.go:289.2,289.19 1 0
github.com/charmbracelet/glow/v2/ui/stashhelp.go:292.55,293.22 1 0
github.com/charmbracelet/glow/v2/ui/stashhelp.go:293.22,295.3 1 0
github.com/charmbracelet/glow/v2/ui/stashhelp.go:296.2,296.8 1 0
github.com/charmbracelet/glow/v2/ui/stashitem.go:18.79,37.54 5 0
github.com/charmbracelet/glow/v2/ui/stashitem.go:37.54,39.47 1 0
github.com/charmbracelet/glow/v2/ui/stashitem.go:39.47,46.4 6 0
github.com/charmbracelet/glow/v2/ui/stashitem.go:46.9,49.58 2 0
github.com/charmbracelet/glow/v2/ui/stashitem.go:49.58,52.5 2 0
github.com/charmbracelet/glow/v2/ui/stashitem.go:52.10,55.5 2 0
github.com/charmbracelet/glow/v2/ui/stashitem.go:56.4,58.40 3 0
github.com/charmbracelet/glow/v2/ui/stashitem.go:60.8,62.47 2 0
github.com/charmbracelet/glow/v2/ui/stashitem.go:62.47,68.4 5 0
github.com/charmbracelet/glow/v2/ui/stashitem.go:68.9,68.56 1 0
github.com/charmbracelet/glow/v2/ui/stashitem.go:68.56,74.4 5 0
github.com/charmbracelet/glow/v2/ui/stashitem.go:74.9,82.4 6 0
github.com/charmbracelet/glow/v2/ui/stashitem.go:85.2,87.17 3 0
github.com/charmbracelet/glow/v2/ui/stashitem.go:87.17,89.3 1 0
github.com/charmbracelet/glow/v2/ui/stashitem.go:92.100,96.16 3 0
github.com/charmbracelet/glow/v2/ui/stashitem.go:96.16,98.3 1 0
github.com/charmbracelet/glow/v2/ui/stashitem.go:100.2,101.23 2 0
github.com/charmbracelet/glow/v2/ui/stashitem.go:101.23,103.3 1 0
github.com/charmbracelet/glow/v2/ui/stashitem.go:105.2,106.40 2 0
github.com/charmbracelet/glow/v2/ui/stashitem.go:106.40,108.39 2 0
github.com/charmbracelet/glow/v2/ui/stashitem.go:108.39,109.15 1 0
github.com/charmbracelet/glow/v2/ui/stashitem.go:109.15,112.5 2 0
github.com/charmbracelet/glow/v2/ui/stashitem.go:114.3,114.14 1 0
github.com/charmbracelet/glow/v2/ui/stashitem.go:114.14,116.4 1 0
github.com/charmbracelet/glow/v2/ui/stashitem.go:119.2,119.19 1 0
github.com/charmbracelet/glow/v2/ui/tts_integration.go:19.40,26.2 1 1
github.com/charmbracelet/glow/v2/ui/tts_integration.go:29.72,30.15 1 1
github.com/charmbracelet/glow/v2/ui/tts_integration.go:30.15,32.3 1 0
github.com/charmbracelet/glow/v2/ui/tts_integration.go:35.2,35.29 1 1
github.com/charmbracelet/glow/v2/ui/tts_integration.go:35.29,37.3 1 1
github.com/charmbracelet/glow/v2/ui/tts_integration.go:40.2,40.17 1 1
github.com/charmbracelet/glow/v2/ui/tts_integration.go:40.17,42.3 1 0
github.com/charmbracelet/glow/v2/ui/tts_integration.go:44.2,44.27 1 1
github.com/charmbracelet/glow/v2/ui/tts_integration.go:45.30,47.19 2 1
github.com/charmbracelet/glow/v2/ui/tts_integration.go:49.30,51.19 2 0
github.com/charmbracelet/glow/v2/ui/tts_integration.go:53.22,56.19 3 1
github.com/charmbracelet/glow/v2/ui/tts_integration.go:58.22,60.19 2 1
github.com/charmbracelet/glow/v2/ui/tts_integration.go:62.23,64.23 1 0
github.com/charmbracelet/glow/v2/ui/tts_integration.go:64.23,66.4 1 0
github.com/charmbracelet/glow/v2/ui/tts_integration.go:67.3,67.19 1 0
github.com/charmbracelet/glow/v2/ui/tts_integration.go:69.25,71.19 2 0
github.com/charmbracelet/glow/v2/ui/tts_integration.go:73.26,76.19 3 0
github.com/charmbracelet/glow/v2/ui/tts_integration.go:79.2,79.19 1 0
github.com/charmbracelet/glow/v2/ui/tts_integration.go:83.64,84.39 1 1
github.com/charmbracelet/glow/v2/ui/tts_integration.go:84.39,86.3 1 1
github.com/charmbracelet/glow/v2/ui/tts_integration.go:88.2,88.13 1 0
github.com/charmbracelet/glow/v2/ui/tts_integration.go:89.16,92.41 2 0
github.com/charmbracelet/glow/v2/ui/tts_integration.go:92.41,94.26 1 0
github.com/charmbracelet/glow/v2/ui/tts_integration.go:94.26,96.5 1 0
github.com/charmbracelet/glow/v2/ui/tts_integration.go:98.3,98.25 1 0
github.com/charmbracelet/glow/v2/ui/tts_integration.go:98.25,101.4 2 0
github.com/charmbracelet/glow/v2/ui/tts_integration.go:103.11,105.41 1 0
github.com/charmbracelet/glow/v2/ui/tts_integration.go:105.41,107.46 2 0
github.com/charmbracelet/glow/v2/ui/tts_integration.go:107.46,109.27 2 0
github.com/charmbracelet/glow/v2/ui/tts_integration.go:109.27,114.6 1 0
github.com/charmbracelet/glow/v2/ui/tts_integration.go:115.10,115.92 1 0
github.com/charmbracelet/glow/v2/ui/tts_integration.go:115.92,117.27 2 0
github.com/charmbracelet/glow/v2/ui/tts_integration.go:117.27,122.6 1 0
github.com/charmbracelet/glow/v2/ui/tts_integration.go:126.16,128.41 1 0
github.com/charmbracelet/glow/v2/ui/tts_integration.go:128.41,130.26 2 0
github.com/charmbracelet/glow/v2/ui/tts_integration.go:130.26,132.5 1 0
github.com/charmbracelet/glow/v2/ui/tts_integration.go:135.18,137.41 1 0
github.com/charmbracelet/glow/v2/ui/tts_integration.go:137.41,139.26 2 0
github.com/charmbracelet/glow/v2/ui/tts_integration.go:139.26,144.5 1 0
github.com/charmbracelet/glow/v2/ui/tts_integration.go:147.19,149.41 1 0
github.com/charmbracelet/glow/v2/ui/tts_integration.go:149.41,151.26 2 0
github.com/charmbracelet/glow/v2/ui/tts_integration.go:151.26,156.5 1 0
github.com/charmbracelet/glow/v2/ui/tts_integration.go:160.2,160.12 1 0
github.com/charmbracelet/glow/v2/ui/tts_integration.go:164.48,165.15 1 1
github.com/charmbracelet/glow/v2/ui/tts_integration.go:165.15,167.3 1 0
github.com/charmbracelet/glow/v2/ui/tts_integration.go:170.2,170.29 1 1
github.com/charmbracelet/glow/v2/ui/tts_integration.go:170.29,172.3 1 1
github.com/charmbracelet/glow/v2/ui/tts_integration.go:175.2,175.17 1 0
github.com/charmbracelet/glow/v2/ui/tts_integration.go:175.17,177.3 1 0
github.com/charmbracelet/glow/v2/ui/tts_integration.go:179.2,179.26 1 0
github.com/charmbracelet/glow/v2/ui/tts_integration.go:179.26,181.3 1 0
github.com/charmbracelet/glow/v2/ui/tts_integration.go:183.2,183.22 1 0
github.com/charmbracelet/glow/v2/ui/tts_integration.go:187.62,188.42 1 0
github.com/charmbracelet/glow/v2/ui/tts_integration.go:188.42,190.3 1 0
github.com/charmbracelet/glow/v2/ui/tts_integration.go:192.2,192.47 1 0
github.com/charmbracelet/glow/v2/ui/tts_integration.go:196.59,197.42 1 0
github.com/charmbracelet/glow/v2/ui/tts_integration.go:197.42,199.3 1 0
github.com/charmbracelet/glow/v2/ui/tts_integration.go:201.2,201.44 1 0
github.com/charmbracelet/glow/v2/ui/tts_integration.go:205.72,206.56 1 1
github.com/charmbracelet/glow/v2/ui/tts_integration.go:206.56,208.3 1 1
github.com/charmbracelet/glow/v2/ui/tts_integration.go:213.2,213.16 1 0
github.com/charmbracelet/glow/v2/ui/tts_integration.go:217.43,219.2 1 1
github.com/charmbracelet/glow/v2/ui/tts_integration.go:222.51,223.15 1 1
github.com/charmbracelet/glow/v2/ui/tts_integration.go:223.15,225.3 1 0
github.com/charmbracelet/glow/v2/ui/tts_integration.go:226.2,226.27 1 1
github.com/charmbracelet/glow/v2/ui/tts_status.go:27.46,33.2 1 1
github.com/charmbracelet/glow/v2/ui/tts_status.go:36.52,44.26 6 1
github.com/charmbracelet/glow/v2/ui/tts_status.go:44.26,46.3 1 1
github.com/charmbracelet/glow/v2/ui/tts_status.go:46.8,48.3 1 0
github.com/charmbracelet/glow/v2/ui/tts_status.go:51.2,51.42 1 1
github.com/charmbracelet/glow/v2/ui/tts_status.go:51.42,53.3 1 1
github.com/charmbracelet/glow/v2/ui/tts_status.go:53.8,53.35 1 0
github.com/charmbracelet/glow/v2/ui/tts_status.go:53.35,55.3 1 0
github.com/charmbracelet/glow/v2/ui/tts_status.go:59.63,60.25 1 1
github.com/charmbracelet/glow/v2/ui/tts_status.go:61.22,65.26 4 1
github.com/charmbracelet/glow/v2/ui/tts_status.go:67.21,70.33 3 1
github.com/charmbracelet/glow/v2/ui/tts_status.go:72.22,75.33 3 0
github.com/charmbracelet/glow/v2/ui/tts_status.go:77.22,80.17 3 1
github.com/charmbracelet/glow/v2/ui/tts_status.go:82.30,85.26 3 1
github.com/charmbracelet/glow/v2/ui/tts_status.go:87.30,90.29 3 0
github.com/charmbracelet/glow/v2/ui/tts_status.go:92.29,96.31 4 0
github.com/charmbracelet/glow/v2/ui/tts_status.go:98.27,100.29 2 0
github.com/charmbracelet/glow/v2/ui/tts_status.go:102.23,104.35 2 1
github.com/charmbracelet/glow/v2/ui/tts_status.go:109.51,110.30 1 1
github.com/charmbracelet/glow/v2/ui/tts_status.go:110.30,112.3 1 1
github.com/charmbracelet/glow/v2/ui/tts_status.go:114.2,118.17 4 1
github.com/charmbracelet/glow/v2/ui/tts_status.go:119.24,122.36 3 1
github.com/charmbracelet/glow/v2/ui/tts_status.go:124.23,127.36 3 1
github.com/charmbracelet/glow/v2/ui/tts_status.go:129.22,132.36 3 0
github.com/charmbracelet/glow/v2/ui/tts_status.go:134.29,137.36 3 1
github.com/charmbracelet/glow/v2/ui/tts_status.go:139.22,142.36 3 1
github.com/charmbracelet/glow/v2/ui/tts_status.go:144.25,147.36 3 0
github.com/charmbracelet/glow/v2/ui/tts_status.go:149.10,150.12 1 0
github.com/charmbracelet/glow/v2/ui/tts_status.go:154.2,158.89 3 1
github.com/charmbracelet/glow/v2/ui/tts_status.go:158.89,162.3 3 1
github.com/charmbracelet/glow/v2/ui/tts_status.go:165.2,165.19 1 1
github.com/charmbracelet/glow/v2/ui/tts_status.go:165.19,168.3 2 0
github.com/charmbracelet/glow/v2/ui/tts_status.go:170.2,170.15 1 1
github.com/charmbracelet/glow/v2/ui/tts_status.go:174.61,175.30 1 1
github.com/charmbracelet/glow/v2/ui/tts_status.go:175.30,177.3 1 0
github.com/charmbracelet/glow/v2/ui/tts_status.go:179.2,191.26 7 1
github.com/charmbracelet/glow/v2/ui/tts_status.go:191.26,196.17 3 1
github.com/charmbracelet/glow/v2/ui/tts_status.go:196.17,199.4 2 1
github.com/charmbracelet/glow/v2/ui/tts_status.go:203.2,203.20 1 1
github.com/charmbracelet/glow/v2/ui/tts_status.go:203.20,206.3 2 1
github.com/charmbracelet/glow/v2/ui/tts_status.go:209.2,209.19 1 1
github.com/charmbracelet/glow/v2/ui/tts_status.go:209.19,213.3 3 1
github.com/charmbracelet/glow/v2/ui/tts_status.go:216.2,216.26 1 1
github.com/charmbracelet/glow/v2/ui/tts_status.go:216.26,220.3 3 1
github.com/charmbracelet/glow/v2/ui/tts_status.go:222.2,222.34 1 1
github.com/charmbracelet/glow/v2/ui/tts_status.go:226.58,227.41 1 1
github.com/charmbracelet/glow/v2/ui/tts_status.go:227.41,229.3 1 1
github.com/charmbracelet/glow/v2/ui/tts_status.go:231.2,231.35 1 1
github.com/charmbracelet/glow/v2/ui/tts_status.go:235.64,236.16 1 1
github.com/charmbracelet/glow/v2/ui/tts_status.go:236.16,238.3 1 0
github.com/charmbracelet/glow/v2/ui/tts_status.go:241.2,242.25 2 1
github.com/charmbracelet/glow/v2/ui/tts_status.go:242.25,244.3 1 0
github.com/charmbracelet/glow/v2/ui/tts_status.go:247.2,254.62 5 1
github.com/charmbracelet/glow/v2/ui/tts_status.go:258.59,259.17 1 1
github.com/charmbracelet/glow/v2/ui/tts_status.go:260.24,261.35 1 1
github.com/charmbracelet/glow/v2/ui/tts_status.go:262.23,263.35 1 0
github.com/charmbracelet/glow/v2/ui/tts_status.go:264.22,265.35 1 0
github.com/charmbracelet/glow/v2/ui/tts_status.go:266.29,267.35 1 0
github.com/charmbracelet/glow/v2/ui/tts_status.go:268.22,269.35 1 1
github.com/charmbracelet/glow/v2/ui/tts_status.go:270.25,271.35 1 0
github.com/charmbracelet/glow/v2/ui/tts_status.go:272.10,273.35 1 0
github.com/charmbracelet/glow/v2/ui/tts_status.go:278.50,279.17 1 1
github.com/charmbracelet/glow/v2/ui/tts_status.go:280.24,281.15 1 1
github.com/charmbracelet/glow/v2/ui/tts_status.go:282.23,283.15 1 1
github.com/charmbracelet/glow/v2/ui/tts_status.go:284.22,285.15 1 1
github.com/charmbracelet/glow/v2/ui/tts_status.go:286.29,287.15 1 1
github.com/charmbracelet/glow/v2/ui/tts_status.go:288.22,289.15 1 1
github.com/charmbracelet/glow/v2/ui/tts_status.go:290.25,291.15 1 1
github.com/charmbracelet/glow/v2/ui/tts_status.go:292.10,293.15 1 0
github.com/charmbracelet/glow/v2/ui/tts_status.go:298.45,299.11 1 1
github.com/charmbracelet/glow/v2/ui/tts_status.go:299.11,301.3 1 1
github.com/charmbracelet/glow/v2/ui/tts_status.go:303.2,306.49 3 1
github.com/charmbracelet/glow/v2/ui/tts_status.go:310.44,312.2 1 1
github.com/charmbracelet/glow/v2/ui/tts_status.go:315.47,320.2 1 0
github.com/charmbracelet/glow/v2/ui/tts_status.go:323.36,333.2 9 1
github.com/charmbracelet/glow/v2/ui/tts_status.go:336.54,348.2 1 1
github.com/charmbracelet/glow/v2/ui/ui.go:33.58,44.21 4 0
github.com/charmbracelet/glow/v2/ui/ui.go:44.21,46.3 1 0
github.com/charmbracelet/glow/v2/ui/ui.go:47.2,48.35 2 0
github.com/charmbracelet/glow/v2/ui/ui.go:53.32,53.56 1 0
github.com/charmbracelet/glow/v2/ui/ui.go:85.32,90.2 1 0
github.com/charmbracelet/glow/v2/ui/ui.go:116.44,123.47 6 0
github.com/charmbracelet/glow/v2/ui/ui.go:123.47,125.3 1 0
github.com/charmbracelet/glow/v2/ui/ui.go:127.2,127.27 1 0
github.com/charmbracelet/glow/v2/ui/ui.go:127.27,129.3 1 0
github.com/charmbracelet/glow/v2/ui/ui.go:130.2,130.14 1 0
github.com/charmbracelet/glow/v2/ui/ui.go:133.53,136.42 2 0
github.com/charmbracelet/glow/v2/ui/ui.go:136.42,137.29 1 0
github.com/charmbracelet/glow/v2/ui/ui.go:137.29,139.4 1 0
github.com/charmbracelet/glow/v2/ui/ui.go:139.9,141.4 1 0
github.com/charmbracelet/glow/v2/ui/ui.go:144.2,156.33 4 0
github.com/charmbracelet/glow/v2/ui/ui.go:156.33,160.3 3 0
github.com/charmbracelet/glow/v2/ui/ui.go:162.2,162.16 1 0
github.com/charmbracelet/glow/v2/ui/ui.go:162.16,164.3 1 0
github.com/charmbracelet/glow/v2/ui/ui.go:165.2,166.16 2 0
github.com/charmbracelet/glow/v2/ui/ui.go:166.16,170.3 3 0
github.com/charmbracelet/glow/v2/ui/ui.go:171.2,171.18 1 0
github.com/charmbracelet/glow/v2/ui/ui.go:171.18,173.3 1 0
github.com/charmbracelet/glow/v2/ui/ui.go:173.8,181.3 3 0
github.com/charmbracelet/glow/v2/ui/ui.go:183.2,183.10 1 0
github.com/charmbracelet/glow/v2/ui/ui.go:186.31,189.17 2 0
github.com/charmbracelet/glow/v2/ui/ui.go:190.22,191.49 1 0
github.com/charmbracelet/glow/v2/ui/ui.go:192.25,194.17 2 0
github.com/charmbracelet/glow/v2/ui/ui.go:194.17,196.26 2 0
github.com/charmbracelet/glow/v2/ui/ui.go:196.26,196.48 1 0
github.com/charmbracelet/glow/v2/ui/ui.go:198.3,199.56 2 0
github.com/charmbracelet/glow/v2/ui/ui.go:202.2,202.27 1 0
github.com/charmbracelet/glow/v2/ui/ui.go:205.57,207.23 1 0
github.com/charmbracelet/glow/v2/ui/ui.go:207.23,208.36 1 0
github.com/charmbracelet/glow/v2/ui/ui.go:208.36,210.4 1 0
github.com/charmbracelet/glow/v2/ui/ui.go:213.2,215.27 2 0
github.com/charmbracelet/glow/v2/ui/ui.go:216.18,217.23 1 0
github.com/charmbracelet/glow/v2/ui/ui.go:218.14,219.86 1 0
github.com/charmbracelet/glow/v2/ui/ui.go:219.86,222.5 2 0
github.com/charmbracelet/glow/v2/ui/ui.go:223.12,225.33 2 0
github.com/charmbracelet/glow/v2/ui/ui.go:225.33,227.41 1 0
github.com/charmbracelet/glow/v2/ui/ui.go:227.41,230.6 2 0
github.com/charmbracelet/glow/v2/ui/ui.go:231.5,232.23 2 0
github.com/charmbracelet/glow/v2/ui/ui.go:235.12,238.19 2 0
github.com/charmbracelet/glow/v2/ui/ui.go:239.24,241.41 1 0
github.com/charmbracelet/glow/v2/ui/ui.go:241.41,244.6 2 0
github.com/charmbracelet/glow/v2/ui/ui.go:247.4,247.22 1 0
github.com/charmbracelet/glow/v2/ui/ui.go:249.30,250.36 1 0
github.com/charmbracelet/glow/v2/ui/ui.go:250.36,253.5 2 0
github.com/charmbracelet/glow/v2/ui/ui.go:255.17,256.25 1 0
github.com/charmbracelet/glow/v2/ui/ui.go:259.17,260.22 1 0
github.com/charmbracelet/glow/v2/ui/ui.go:264.25,268.41 4 0
github.com/charmbracelet/glow/v2/ui/ui.go:270.30,273.44 3 0
github.com/charmbracelet/glow/v2/ui/ui.go:275.26,279.56 3 0
github.com/charmbracelet/glow/v2/ui/ui.go:281.26,282.30 1 0
github.com/charmbracelet/glow/v2/ui/ui.go:284.31,290.16 3 0
github.com/charmbracelet/glow/v2/ui/ui.go:292.25,295.30 3 0
github.com/charmbracelet/glow/v2/ui/ui.go:295.30,297.4 1 0
github.com/charmbracelet/glow/v2/ui/ui.go:298.3,298.35 1 0
github.com/charmbracelet/glow/v2/ui/ui.go:298.35,300.4 1 0
github.com/charmbracelet/glow/v2/ui/ui.go:301.3,301.44 1 0
github.com/charmbracelet/glow/v2/ui/ui.go:303.27,304.35 1 0
github.com/charmbracelet/glow/v2/ui/ui.go:304.35,308.4 3 0
github.com/charmbracelet/glow/v2/ui/ui.go:312.2,312.17 1 0
github.com/charmbracelet/glow/v2/ui/ui.go:313.22,316.27 3 0
github.com/charmbracelet/glow/v2/ui/ui.go:318.25,321.27 3 0
github.com/charmbracelet/glow/v2/ui/ui.go:324.2,324.30 1 0
github.com/charmbracelet/glow/v2/ui/ui.go:327.30,328.23 1 0
github.com/charmbracelet/glow/v2/ui/ui.go:328.23,330.3 1 0
github.com/charmbracelet/glow/v2/ui/ui.go:332.2,332.17 1 0
github.com/charmbracelet/glow/v2/ui/ui.go:333.25,334.24 1 0
github.com/charmbracelet/glow/v2/ui/ui.go:335.10,336.24 1 0
github.com/charmbracelet/glow/v2/ui/ui.go:340.46,342.11 2 0
github.com/charmbracelet/glow/v2/ui/ui.go:342.11,344.3 1 0
github.com/charmbracelet/glow/v2/ui/ui.go:344.8,346.3 1 0
github.com/charmbracelet/glow/v2/ui/ui.go:347.2,352.28 2 0
github.com/charmbracelet/glow/v2/ui/ui.go:357.44,358.24 1 0
github.com/charmbracelet/glow/v2/ui/ui.go:358.24,365.16 3 0
github.com/charmbracelet/glow/v2/ui/ui.go:365.16,367.4 1 0
github.com/charmbracelet/glow/v2/ui/ui.go:367.9,370.34 3 0
github.com/charmbracelet/glow/v2/ui/ui.go:370.34,372.5 1 0
github.com/charmbracelet/glow/v2/ui/ui.go:376.3,376.17 1 0
github.com/charmbracelet/glow/v2/ui/ui.go:376.17,379.4 2 0
github.com/charmbracelet/glow/v2/ui/ui.go:381.3,385.25 3 0
github.com/charmbracelet/glow/v2/ui/ui.go:385.25,387.4 1 0
github.com/charmbracelet/glow/v2/ui/ui.go:387.9,389.4 1 0
github.com/charmbracelet/glow/v2/ui/ui.go:391.3,391.17 1 0
github.com/charmbracelet/glow/v2/ui/ui.go:391.17,394.4 2 0
github.com/charmbracelet/glow/v2/ui/ui.go:396.3,396.50 1 0
github.com/charmbracelet/glow/v2/ui/ui.go:400.41,401.24 1 0
github.com/charmbracelet/glow/v2/ui/ui.go:401.24,404.9 2 0
github.com/charmbracelet/glow/v2/ui/ui.go:404.9,407.4 1 0
github.com/charmbracelet/glow/v2/ui/ui.go:409.3,410.35 2 0
github.com/charmbracelet/glow/v2/ui/ui.go:414.84,415.24 1 0
github.com/charmbracelet/glow/v2/ui/ui.go:415.24,418.3 2 0
github.com/charmbracelet/glow/v2/ui/ui.go:426.73,432.2 1 0
github.com/charmbracelet/glow/v2/ui/ui.go:434.53,438.2 3 0
github.com/charmbracelet/glow/v2/ui/ui.go:441.37,442.23 1 0
github.com/charmbracelet/glow/v2/ui/ui.go:442.23,444.3 1 0
github.com/charmbracelet/glow/v2/ui/ui.go:445.2,448.22 4 0
github.com/charmbracelet/glow/v2/ui/ui.go:448.22,450.3 1 0
github.com/charmbracelet/glow/v2/ui/ui.go:451.2,451.19 1 0
github.com/charmbracelet/glow/v2/tts/config.go:80.29,104.2 1 1
github.com/charmbracelet/glow/v2/tts/config.go:107.39,122.29 2 1
github.com/charmbracelet/glow/v2/tts/config.go:122.29,124.3 1 1
github.com/charmbracelet/glow/v2/tts/config.go:124.8,124.37 1 0
github.com/charmbracelet/glow/v2/tts/config.go:124.37,126.3 1 0
github.com/charmbracelet/glow/v2/tts/config.go:128.2,128.12 1 1
github.com/charmbracelet/glow/v2/tts/config.go:132.41,141.2 1 1
github.com/charmbracelet/glow/v2/tts/config.go:144.37,151.2 1 1
github.com/charmbracelet/glow/v2/tts/config.go:154.35,158.33 3 1
github.com/charmbracelet/glow/v2/tts/config.go:158.33,159.37 1 1
github.com/charmbracelet/glow/v2/tts/config.go:159.37,162.9 3 1
github.com/charmbracelet/glow/v2/tts/config.go:165.2,165.18 1 1
github.com/charmbracelet/glow/v2/tts/config.go:165.18,167.3 1 1
github.com/charmbracelet/glow/v2/tts/config.go:170.2,170.38 1 1
github.com/charmbracelet/glow/v2/tts/config.go:170.38,172.3 1 1
github.com/charmbracelet/glow/v2/tts/config.go:175.2,177.38 3 1
github.com/charmbracelet/glow/v2/tts/config.go:177.38,178.25 1 1
github.com/charmbracelet/glow/v2/tts/config.go:178.25,180.9 2 1
github.com/charmbracelet/glow/v2/tts/config.go:183.2,183.22 1 1
github.com/charmbracelet/glow/v2/tts/config.go:183.22,185.3 1 1
github.com/charmbracelet/glow/v2/tts/config.go:188.2,188.43 1 1
github.com/charmbracelet/glow/v2/tts/config.go:188.43,190.3 1 1
github.com/charmbracelet/glow/v2/tts/config.go:193.2,195.36 3 1
github.com/charmbracelet/glow/v2/tts/config.go:195.36,196.49 1 1
github.com/charmbracelet/glow/v2/tts/config.go:196.49,199.9 3 1
github.com/charmbracelet/glow/v2/tts/config.go:202.2,202.17 1 1
github.com/charmbracelet/glow/v2/tts/config.go:202.17,204.3 1 1
github.com/charmbracelet/glow/v2/tts/config.go:207.2,207.18 1 1
github.com/charmbracelet/glow/v2/tts/config.go:208.15,209.44 1 1
github.com/charmbracelet/glow/v2/tts/config.go:209.44,211.4 1 0
github.com/charmbracelet/glow/v2/tts/config.go:212.16,213.45 1 0
github.com/charmbracelet/glow/v2/tts/config.go:213.45,215.4 1 0
github.com/charmbracelet/glow/v2/tts/config.go:216.14,217.43 1 1
github.com/charmbracelet/glow/v2/tts/config.go:217.43,219.4 1 0
github.com/charmbracelet/glow/v2/tts/config.go:222.2,222.12 1 1
github.com/charmbracelet/glow/v2/tts/config.go:226.40,227.20 1 1
github.com/charmbracelet/glow/v2/tts/config.go:227.20,229.3 1 1
github.com/charmbracelet/glow/v2/tts/config.go:231.2,231.19 1 1
github.com/charmbracelet/glow/v2/tts/config.go:231.19,233.3 1 1
github.com/charmbracelet/glow/v2/tts/config.go:235.2,235.47 1 1
github.com/charmbracelet/glow/v2/tts/config.go:235.47,237.3 1 1
github.com/charmbracelet/glow/v2/tts/config.go:239.2,239.44 1 1
github.com/charmbracelet/glow/v2/tts/config.go:239.44,241.3 1 1
github.com/charmbracelet/glow/v2/tts/config.go:243.2,243.36 1 1
github.com/charmbracelet/glow/v2/tts/config.go:243.36,245.3 1 0
github.com/charmbracelet/glow/v2/tts/config.go:247.2,247.29 1 1
github.com/charmbracelet/glow/v2/tts/config.go:247.29,249.3 1 1
github.com/charmbracelet/glow/v2/tts/config.go:251.2,251.12 1 1
github.com/charmbracelet/glow/v2/tts/config.go:255.41,256.51 1 1
github.com/charmbracelet/glow/v2/tts/config.go:256.51,258.3 1 1
github.com/charmbracelet/glow/v2/tts/config.go:260.2,260.39 1 1
github.com/charmbracelet/glow/v2/tts/config.go:260.39,262.3 1 1
github.com/charmbracelet/glow/v2/tts/config.go:264.2,264.49 1 1
github.com/charmbracelet/glow/v2/tts/config.go:264.49,266.3 1 1
github.com/charmbracelet/glow/v2/tts/config.go:268.2,268.29 1 1
github.com/charmbracelet/glow/v2/tts/config.go:268.29,270.3 1 0
github.com/charmbracelet/glow/v2/tts/config.go:272.2,272.12 1 1
github.com/charmbracelet/glow/v2/tts/config.go:276.39,277.53 1 1
github.com/charmbracelet/glow/v2/tts/config.go:277.53,279.3 1 1
github.com/charmbracelet/glow/v2/tts/config.go:281.2,281.48 1 1
github.com/charmbracelet/glow/v2/tts/config.go:281.48,283.3 1 1
github.com/charmbracelet/glow/v2/tts/config.go:285.2,285.12 1 1
github.com/charmbracelet/glow/v2/tts/config.go:289.48,292.18 2 1
github.com/charmbracelet/glow/v2/tts/config.go:293.15,297.32 4 1
github.com/charmbracelet/glow/v2/tts/config.go:298.16,302.32 4 1
github.com/charmbracelet/glow/v2/tts/config.go:303.14,308.32 4 1
github.com/charmbracelet/glow/v2/tts/config.go:311.2,311.11 1 1
github.com/charmbracelet/glow/v2/tts/config.go:315.56,323.2 1 1
github.com/charmbracelet/glow/v2/tts/config_loader.go:11.44,15.32 2 1
github.com/charmbracelet/glow/v2/tts/config_loader.go:15.32,17.3 1 1
github.com/charmbracelet/glow/v2/tts/config_loader.go:18.2,18.31 1 1
github.com/charmbracelet/glow/v2/tts/config_loader.go:18.31,20.3 1 1
github.com/charmbracelet/glow/v2/tts/config_loader.go:23.2,23.36 1 1
github.com/charmbracelet/glow/v2/tts/config_loader.go:23.36,25.3 1 0
github.com/charmbracelet/glow/v2/tts/config_loader.go:26.2,26.31 1 1
github.com/charmbracelet/glow/v2/tts/config_loader.go:26.31,28.3 1 1
github.com/charmbracelet/glow/v2/tts/config_loader.go:31.2,31.34 1 1
github.com/charmbracelet/glow/v2/tts/config_loader.go:31.34,33.3 1 0
github.com/charmbracelet/glow/v2/tts/config_loader.go:34.2,34.44 1 1
github.com/charmbracelet/glow/v2/tts/config_loader.go:34.44,36.3 1 0
github.com/charmbracelet/glow/v2/tts/config_loader.go:37.2,37.36 1 1
github.com/charmbracelet/glow/v2/tts/config_loader.go:37.36,39.3 1 1
github.com/charmbracelet/glow/v2/tts/config_loader.go:40.2,40.37 1 1
github.com/charmbracelet/glow/v2/tts/config_loader.go:40.37,42.3 1 0
github.com/charmbracelet/glow/v2/tts/config_loader.go:45.2,45.40 1 1
github.com/charmbracelet/glow/v2/tts/config_loader.go:45.40,47.3 1 0
github.com/charmbracelet/glow/v2/tts/config_loader.go:48.2,48.41 1 1
github.com/charmbracelet/glow/v2/tts/config_loader.go:48.41,50.3 1 0
github.com/charmbracelet/glow/v2/tts/config_loader.go:51.2,51.34 1 1
github.com/charmbracelet/glow/v2/tts/config_loader.go:51.34,53.3 1 0
github.com/charmbracelet/glow/v2/tts/config_loader.go:56.2,56.42 1 1
github.com/charmbracelet/glow/v2/tts/config_loader.go:56.42,58.3 1 0
github.com/charmbracelet/glow/v2/tts/config_loader.go:59.2,59.40 1 1
github.com/charmbracelet/glow/v2/tts/config_loader.go:59.40,61.3 1 1
github.com/charmbracelet/glow/v2/tts/config_loader.go:62.2,62.38 1 1
github.com/charmbracelet/glow/v2/tts/config_loader.go:62.38,64.3 1 0
github.com/charmbracelet/glow/v2/tts/config_loader.go:67.2,76.39 4 1
github.com/charmbracelet/glow/v2/tts/config_loader.go:76.39,78.3 1 0
github.com/charmbracelet/glow/v2/tts/config_loader.go:80.2,80.17 1 1
github.com/charmbracelet/glow/v2/tts/config_loader.go:84.36,87.37 2 1
github.com/charmbracelet/glow/v2/tts/config_loader.go:87.37,89.3 1 0
github.com/charmbracelet/glow/v2/tts/config_loader.go:90.2,90.36 1 1
github.com/charmbracelet/glow/v2/tts/config_loader.go:90.36,92.3 1 1
github.com/charmbracelet/glow/v2/tts/config_loader.go:93.2,93.41 1 1
github.com/charmbracelet/glow/v2/tts/config_loader.go:93.41,95.3 1 0
github.com/charmbracelet/glow/v2/tts/config_loader.go:96.2,96.42 1 1
github.com/charmbracelet/glow/v2/tts/config_loader.go:96.42,98.3 1 0
github.com/charmbracelet/glow/v2/tts/config_loader.go:99.2,99.39 1 1
github.com/charmbracelet/glow/v2/tts/config_loader.go:99.39,101.3 1 0
github.com/charmbracelet/glow/v2/tts/config_loader.go:102.2,102.41 1 1
github.com/charmbracelet/glow/v2/tts/config_loader.go:102.41,104.3 1 0
github.com/charmbracelet/glow/v2/tts/config_loader.go:105.2,105.41 1 1
github.com/charmbracelet/glow/v2/tts/config_loader.go:105.41,107.3 1 0
github.com/charmbracelet/glow/v2/tts/config_loader.go:108.2,108.43 1 1
github.com/charmbracelet/glow/v2/tts/config_loader.go:108.43,110.3 1 1
github.com/charmbracelet/glow/v2/tts/config_loader.go:111.2,111.42 1 1
github.com/charmbracelet/glow/v2/tts/config_loader.go:111.42,113.3 1 0
github.com/charmbracelet/glow/v2/tts/config_loader.go:114.2,114.38 1 1
github.com/charmbracelet/glow/v2/tts/config_loader.go:114.38,116.3 1 0
github.com/charmbracelet/glow/v2/tts/config_loader.go:117.2,117.47 1 1
github.com/charmbracelet/glow/v2/tts/config_loader.go:117.47,118.94 1 1
github.com/charmbracelet/glow/v2/tts/config_loader.go:118.94,120.4 1 1
github.com/charmbracelet/glow/v2/tts/config_loader.go:122.2,122.42 1 1
github.com/charmbracelet/glow/v2/tts/config_loader.go:122.42,123.89 1 0
github.com/charmbracelet/glow/v2/tts/config_loader.go:123.89,125.4 1 0
github.com/charmbracelet/glow/v2/tts/config_loader.go:127.2,127.38 1 1
github.com/charmbracelet/glow/v2/tts/config_loader.go:127.38,128.85 1 1
github.com/charmbracelet/glow/v2/tts/config_loader.go:128.85,130.4 1 1
github.com/charmbracelet/glow/v2/tts/config_loader.go:133.2,133.12 1 1
github.com/charmbracelet/glow/v2/tts/config_loader.go:137.38,140.39 2 1
github.com/charmbracelet/glow/v2/tts/config_loader.go:140.39,142.3 1 0
github.com/charmbracelet/glow/v2/tts/config_loader.go:143.2,143.45 1 1
github.com/charmbracelet/glow/v2/tts/config_loader.go:143.45,145.3 1 0
github.com/charmbracelet/glow/v2/tts/config_loader.go:146.2,146.42 1 1
github.com/charmbracelet/glow/v2/tts/config_loader.go:146.42,148.3 1 1
github.com/charmbracelet/glow/v2/tts/config_loader.go:149.2,149.45 1 1
github.com/charmbracelet/glow/v2/tts/config_loader.go:149.45,151.3 1 0
github.com/charmbracelet/glow/v2/tts/config_loader.go:152.2,152.37 1 1
github.com/charmbracelet/glow/v2/tts/config_loader.go:152.37,154.3 1 0
github.com/charmbracelet/glow/v2/tts/config_loader.go:155.2,155.43 1 1
github.com/charmbracelet/glow/v2/tts/config_loader.go:155.43,157.3 1 0
github.com/charmbracelet/glow/v2/tts/config_loader.go:158.2,158.39 1 1
github.com/charmbracelet/glow/v2/tts/config_loader.go:158.39,159.86 1 1
github.com/charmbracelet/glow/v2/tts/config_loader.go:159.86,161.4 1 1
github.com/charmbracelet/glow/v2/tts/config_loader.go:164.2,164.12 1 1
github.com/charmbracelet/glow/v2/tts/config_loader.go:168.34,171.46 2 1
github.com/charmbracelet/glow/v2/tts/config_loader.go:171.46,172.93 1 1
github.com/charmbracelet/glow/v2/tts/config_loader.go:172.93,174.4 1 1
github.com/charmbracelet/glow/v2/tts/config_loader.go:176.2,176.46 1 1
github.com/charmbracelet/glow/v2/tts/config_loader.go:176.46,178.3 1 1
github.com/charmbracelet/glow/v2/tts/config_loader.go:179.2,179.42 1 1
github.com/charmbracelet/glow/v2/tts/config_loader.go:179.42,181.3 1 0
github.com/charmbracelet/glow/v2/tts/config_loader.go:182.2,182.46 1 1
github.com/charmbracelet/glow/v2/tts/config_loader.go:182.46,184.3 1 0
github.com/charmbracelet/glow/v2/tts/config_loader.go:186.2,186.12 1 1
github.com/charmbracelet/glow/v2/tts/config_loader.go:190.20,240.2 35 1
github.com/charmbracelet/glow/v2/tts/controller.go:69.49,77.2 1 1
github.com/charmbracelet/glow/v2/tts/controller.go:80.90,104.2 4 1
github.com/charmbracelet/glow/v2/tts/controller.go:107.60,112.39 3 1
github.com/charmbracelet/glow/v2/tts/controller.go:112.39,114.3 1 1
github.com/charmbracelet/glow/v2/tts/controller.go:117.2,117.46 1 1
github.com/charmbracelet/glow/v2/tts/controller.go:117.46,119.3 1 0
github.com/charmbracelet/glow/v2/tts/controller.go:122.2,123.52 2 1
github.com/charmbracelet/glow/v2/tts/controller.go:123.52,127.3 3 0
github.com/charmbracelet/glow/v2/tts/controller.go:130.2,130.29 1 1
github.com/charmbracelet/glow/v2/tts/controller.go:130.29,135.3 4 0
github.com/charmbracelet/glow/v2/tts/controller.go:138.2,138.39 1 1
github.com/charmbracelet/glow/v2/tts/controller.go:138.39,140.3 1 0
github.com/charmbracelet/glow/v2/tts/controller.go:142.2,148.12 4 1
github.com/charmbracelet/glow/v2/tts/controller.go:152.56,158.27 4 1
[...]
github.com/charmbracelet/glow/v2/tts/audio/buffer.go:387.50,389.3 1 1
github.com/charmbracelet/glow/v2/tts/audio/buffer.go:391.2,399.34 5 1
github.com/charmbracelet/glow/v2/tts/audio/buffer.go:399.34,400.24 1 1
github.com/charmbracelet/glow/v2/tts/audio/buffer.go:400.24,403.4 2 1
github.com/charmbracelet/glow/v2/tts/audio/buffer.go:406.2,406.12 1 1
github.com/charmbracelet/glow/v2/tts/audio/buffer.go:411.32,413.2 1 1
github.com/charmbracelet/glow/v2/tts/audio/buffer.go:415.33,417.2 1 1
github.com/charmbracelet/glow/v2/tts/audio/buffer.go:419.48,424.2 3 1
github.com/charmbracelet/glow/v2/tts/audio/buffer.go:426.48,427.17 1 1
github.com/charmbracelet/glow/v2/tts/audio/buffer.go:427.17,429.3 1 0
github.com/charmbracelet/glow/v2/tts/audio/buffer.go:432.2,440.28 6 1
github.com/charmbracelet/glow/v2/tts/audio/buffer.go:440.28,442.3 1 1
github.com/charmbracelet/glow/v2/tts/audio/buffer.go:445.31,446.17 1 1
github.com/charmbracelet/glow/v2/tts/audio/buffer.go:446.17,448.3 1 0
github.com/charmbracelet/glow/v2/tts/audio/buffer.go:451.2,452.17 2 1
github.com/charmbracelet/glow/v2/tts/audio/buffer.go:452.17,455.3 2 1
github.com/charmbracelet/glow/v2/tts/audio/buffer.go:458.2,461.28 3 1
github.com/charmbracelet/glow/v2/tts/audio/buffer.go:461.28,463.3 1 1
github.com/charmbracelet/glow/v2/tts/audio/buffer.go:477.70,497.2 8 1
github.com/charmbracelet/glow/v2/tts/audio/buffer.go:500.79,502.9 1 1
github.com/charmbracelet/glow/v2/tts/audio/buffer.go:503.18,504.37 1 1
github.com/charmbracelet/glow/v2/tts/audio/buffer.go:505.10,505.10 0 1
github.com/charmbracelet/glow/v2/tts/audio/buffer.go:509.2,509.9 1 1
github.com/charmbracelet/glow/v2/tts/audio/buffer.go:510.83,511.13 1 1
github.com/charmbracelet/glow/v2/tts/audio/buffer.go:512.18,513.37 1 0
github.com/charmbracelet/glow/v2/tts/audio/buffer.go:518.71,519.9 1 1
github.com/charmbracelet/glow/v2/tts/audio/buffer.go:520.30,521.18 1 1
github.com/charmbracelet/glow/v2/tts/audio/buffer.go:521.18,523.4 1 0
github.com/charmbracelet/glow/v2/tts/audio/buffer.go:524.3,524.37 1 1
github.com/charmbracelet/glow/v2/tts/audio/buffer.go:525.18,526.46 1 1
github.com/charmbracelet/glow/v2/tts/audio/buffer.go:531.50,533.9 1 1
github.com/charmbracelet/glow/v2/tts/audio/buffer.go:534.18,536.38 1 0
github.com/charmbracelet/glow/v2/tts/audio/buffer.go:537.10,538.18 1 1
github.com/charmbracelet/glow/v2/tts/audio/buffer.go:542.2,549.27 4 1
github.com/charmbracelet/glow/v2/tts/audio/buffer.go:552.47,555.6 2 1
github.com/charmbracelet/glow/v2/tts/audio/buffer.go:555.6,556.10 1 1
github.com/charmbracelet/glow/v2/tts/audio/buffer.go:557.30,558.19 1 1
github.com/charmbracelet/glow/v2/tts/audio/buffer.go:558.19,560.5 1 1
github.com/charmbracelet/glow/v2/tts/audio/buffer.go:561.19,562.10 1 1
github.com/charmbracelet/glow/v2/tts/audio/buffer.go:567.47,570.6 2 1
github.com/charmbracelet/glow/v2/tts/audio/buffer.go:570.6,572.10 1 1
github.com/charmbracelet/glow/v2/tts/audio/buffer.go:573.19,574.10 1 0
github.com/charmbracelet/glow/v2/tts/audio/buffer.go:575.11,575.11 0 1
github.com/charmbracelet/glow/v2/tts/audio/buffer.go:579.3,584.13 5 1
github.com/charmbracelet/glow/v2/tts/audio/buffer.go:584.13,587.4 2 1
github.com/charmbracelet/glow/v2/tts/audio/buffer.go:589.3,589.10 1 1
github.com/charmbracelet/glow/v2/tts/audio/buffer.go:590.15,591.18 1 1
github.com/charmbracelet/glow/v2/tts/audio/buffer.go:591.18,593.13 2 0
github.com/charmbracelet/glow/v2/tts/audio/buffer.go:596.4,596.11 1 1
github.com/charmbracelet/glow/v2/tts/audio/buffer.go:597.65,597.65 0 1
github.com/charmbracelet/glow/v2/tts/audio/buffer.go:598.20,599.11 1 0
github.com/charmbracelet/glow/v2/tts/audio/buffer.go:601.19,603.10 1 1
github.com/charmbracelet/glow/v2/tts/audio/buffer.go:609.38,612.2 1 1
github.com/charmbracelet/glow/v2/tts/audio/mock_player.go:69.34,79.2 2 1
github.com/charmbracelet/glow/v2/tts/audio/mock_player.go:82.52,84.25 1 1
github.com/charmbracelet/glow/v2/tts/audio/mock_player.go:84.25,86.3 1 1
github.com/charmbracelet/glow/v2/tts/audio/mock_player.go:88.2,92.77 3 1
github.com/charmbracelet/glow/v2/tts/audio/mock_player.go:92.77,94.3 1 1
github.com/charmbracelet/glow/v2/tts/audio/mock_player.go:97.2,101.18 4 1
github.com/charmbracelet/glow/v2/tts/audio/mock_player.go:101.18,103.3 1 1
github.com/charmbracelet/glow/v2/tts/audio/mock_player.go:103.8,105.3 1 1
github.com/charmbracelet/glow/v2/tts/audio/mock_player.go:108.2,118.32 5 1
github.com/charmbracelet/glow/v2/tts/audio/mock_player.go:118.32,120.3 1 1
github.com/charmbracelet/glow/v2/tts/audio/mock_player.go:122.2,122.12 1 1
github.com/charmbracelet/glow/v2/tts/audio/mock_player.go:126.37,128.26 1 1
github.com/charmbracelet/glow/v2/tts/audio/mock_player.go:128.26,130.3 1 1
github.com/charmbracelet/glow/v2/tts/audio/mock_player.go:132.2,136.40 3 1
github.com/charmbracelet/glow/v2/tts/audio/mock_player.go:136.40,138.3 1 1
github.com/charmbracelet/glow/v2/tts/audio/mock_player.go:139.2,139.39 1 1
github.com/charmbracelet/glow/v2/tts/audio/mock_player.go:139.39,141.3 1 1
github.com/charmbracelet/glow/v2/tts/audio/mock_player.go:144.2,148.22 3 1
github.com/charmbracelet/glow/v2/tts/audio/mock_player.go:148.22,151.3 2 1
github.com/charmbracelet/glow/v2/tts/audio/mock_player.go:154.2,157.33 2 1
github.com/charmbracelet/glow/v2/tts/audio/mock_player.go:157.33,159.3 1 1
github.com/charmbracelet/glow/v2/tts/audio/mock_player.go:161.2,161.12 1 1
github.com/charmbracelet/glow/v2/tts/audio/mock_player.go:165.38,167.27 1 1
github.com/charmbracelet/glow/v2/tts/audio/mock_player.go:167.27,169.3 1 0
github.com/charmbracelet/glow/v2/tts/audio/mock_player.go:171.2,175.39 3 1
github.com/charmbracelet/glow/v2/tts/audio/mock_player.go:175.39,177.3 1 1
github.com/charmbracelet/glow/v2/tts/audio/mock_player.go:180.2,180.28 1 1
github.com/charmbracelet/glow/v2/tts/audio/mock_player.go:180.28,183.3 2 1
github.com/charmbracelet/glow/v2/tts/audio/mock_player.go:186.2,195.34 4 1
github.com/charmbracelet/glow/v2/tts/audio/mock_player.go:195.34,197.3 1 1
github.com/charmbracelet/glow/v2/tts/audio/mock_player.go:199.2,199.12 1 1
github.com/charmbracelet/glow/v2/tts/audio/mock_player.go:203.36,205.25 1 1
github.com/charmbracelet/glow/v2/tts/audio/mock_player.go:205.25,207.3 1 0
github.com/charmbracelet/glow/v2/tts/audio/mock_player.go:209.2,213.40 3 1
github.com/charmbracelet/glow/v2/tts/audio/mock_player.go:213.40,215.3 1 1
github.com/charmbracelet/glow/v2/tts/audio/mock_player.go:218.2,218.22 1 1
github.com/charmbracelet/glow/v2/tts/audio/mock_player.go:218.22,221.3 2 1
github.com/charmbracelet/glow/v2/tts/audio/mock_player.go:224.2,233.9 8 1
github.com/charmbracelet/glow/v2/tts/audio/mock_player.go:234.31,234.31 0 1
github.com/charmbracelet/glow/v2/tts/audio/mock_player.go:235.10,237.10 1 1
github.com/charmbracelet/glow/v2/tts/audio/mock_player.go:238.20,238.20 0 1
github.com/charmbracelet/glow/v2/tts/audio/mock_player.go:239.11,239.11 0 0
github.com/charmbracelet/glow/v2/tts/audio/mock_player.go:242.3,242.10 1 1
github.com/charmbracelet/glow/v2/tts/audio/mock_player.go:243.32,243.32 0 1
github.com/charmbracelet/glow/v2/tts/audio/mock_player.go:244.11,244.11 0 0
github.com/charmbracelet/glow/v2/tts/audio/mock_player.go:249.2,252.32 2 1
github.com/charmbracelet/glow/v2/tts/audio/mock_player.go:252.32,254.3 1 1
github.com/charmbracelet/glow/v2/tts/audio/mock_player.go:256.2,256.12 1 1
github.com/charmbracelet/glow/v2/tts/audio/mock_player.go:260.51,264.2 3 1
github.com/charmbracelet/glow/v2/tts/audio/mock_player.go:267.40,269.2 1 1
github.com/charmbracelet/glow/v2/tts/audio/mock_player.go:272.37,274.22 1 1
github.com/charmbracelet/glow/v2/tts/audio/mock_player.go:274.22,277.3 2 0
github.com/charmbracelet/glow/v2/tts/audio/mock_player.go:280.2,280.22 1 1
github.com/charmbracelet/glow/v2/tts/audio/mock_player.go:280.22,283.3 2 1
github.com/charmbracelet/glow/v2/tts/audio/mock_player.go:286.2,287.19 2 1
github.com/charmbracelet/glow/v2/tts/audio/mock_player.go:287.19,289.3 1 0
github.com/charmbracelet/glow/v2/tts/audio/mock_player.go:290.2,293.24 2 1
github.com/charmbracelet/glow/v2/tts/audio/mock_player.go:297.40,303.19 4 1
github.com/charmbracelet/glow/v2/tts/audio/mock_player.go:303.19,305.3 1 1
github.com/charmbracelet/glow/v2/tts/audio/mock_player.go:307.2,307.6 1 1
github.com/charmbracelet/glow/v2/tts/audio/mock_player.go:307.6,308.10 1 1
github.com/charmbracelet/glow/v2/tts/audio/mock_player.go:309.24,310.10 1 0
github.com/charmbracelet/glow/v2/tts/audio/mock_player.go:311.20,312.10 1 1
github.com/charmbracelet/glow/v2/tts/audio/mock_player.go:313.19,317.79 2 1
github.com/charmbracelet/glow/v2/tts/audio/mock_player.go:317.79,320.5 2 1
github.com/charmbracelet/glow/v2/tts/audio/mock_player.go:323.4,323.30 1 1
github.com/charmbracelet/glow/v2/tts/audio/mock_player.go:323.30,329.54 3 1
github.com/charmbracelet/glow/v2/tts/audio/mock_player.go:329.54,333.26 2 1
github.com/charmbracelet/glow/v2/tts/audio/mock_player.go:333.26,336.7 2 1
github.com/charmbracelet/glow/v2/tts/audio/mock_player.go:339.6,346.36 4 1
github.com/charmbracelet/glow/v2/tts/audio/mock_player.go:346.36,349.7 2 0
github.com/charmbracelet/glow/v2/tts/audio/mock_player.go:349.12,351.7 1 1
github.com/charmbracelet/glow/v2/tts/audio/mock_player.go:352.6,352.12 1 1
github.com/charmbracelet/glow/v2/tts/audio/mock_player.go:356.5,356.35 1 1
github.com/charmbracelet/glow/v2/tts/audio/mock_player.go:356.35,360.6 3 1
github.com/charmbracelet/glow/v2/tts/audio/mock_player.go:360.11,362.6 1 1
github.com/charmbracelet/glow/v2/tts/audio/mock_player.go:363.10,365.5 1 0
github.com/charmbracelet/glow/v2/tts/audio/mock_player.go:371.71,379.2 2 1
github.com/charmbracelet/glow/v2/tts/audio/mock_player.go:385.62,389.21 3 1
github.com/charmbracelet/glow/v2/tts/audio/mock_player.go:389.21,391.3 1 0
github.com/charmbracelet/glow/v2/tts/audio/mock_player.go:392.2,395.20 2 1
github.com/charmbracelet/glow/v2/tts/audio/mock_player.go:395.20,397.3 1 0
github.com/charmbracelet/glow/v2/tts/audio/mock_player.go:401.61,405.2 3 1
github.com/charmbracelet/glow/v2/tts/audio/mock_player.go:408.52,416.2 5 1
github.com/charmbracelet/glow/v2/tts/audio/mock_player.go:419.38,423.2 3 1
github.com/charmbracelet/glow/v2/tts/audio/mock_player.go:426.52,430.2 3 0
github.com/charmbracelet/glow/v2/tts/audio/mock_player.go:433.91,441.2 3 1
github.com/charmbracelet/glow/v2/tts/audio/mock_player.go:444.59,448.18 3 1
github.com/charmbracelet/glow/v2/tts/audio/mock_player.go:448.18,450.3 1 1
github.com/charmbracelet/glow/v2/tts/audio/mock_player.go:451.2,451.47 1 1
github.com/charmbracelet/glow/v2/tts/audio/mock_player.go:451.47,453.3 1 1
github.com/charmbracelet/glow/v2/tts/audio/mock_player.go:455.2,458.40 2 1
github.com/charmbracelet/glow/v2/tts/audio/mock_player.go:458.40,460.3 1 1
github.com/charmbracelet/glow/v2/tts/audio/mock_player.go:464.61,468.16 3 1
github.com/charmbracelet/glow/v2/tts/audio/mock_player.go:469.14,470.21 1 1
github.com/charmbracelet/glow/v2/tts/audio/mock_player.go:471.15,472.22 1 1
github.com/charmbracelet/glow/v2/tts/audio/mock_player.go:473.16,474.23 1 0
github.com/charmbracelet/glow/v2/tts/audio/mock_player.go:475.14,476.21 1 0
github.com/charmbracelet/glow/v2/tts/audio/mock_player.go:481.37,489.2 6 1
github.com/charmbracelet/glow/v2/tts/audio/mock_player.go:492.90,497.6 4 1
github.com/charmbracelet/glow/v2/tts/audio/mock_player.go:497.6,498.10 1 1
github.com/charmbracelet/glow/v2/tts/audio/mock_player.go:499.19,500.53 1 1
github.com/charmbracelet/glow/v2/tts/audio/mock_player.go:501.19,502.34 1 1
github.com/charmbracelet/glow/v2/tts/audio/mock_player.go:502.34,504.5 1 1
github.com/charmbracelet/glow/v2/tts/audio/mock_player.go:505.4,505.23 1 1
github.com/charmbracelet/glow/v2/tts/audio/mock_player.go:505.23,507.5 1 0
github.com/charmbracelet/glow/v2/tts/audio/mock_player.go:513.44,516.59 2 1
github.com/charmbracelet/glow/v2/tts/audio/mock_player.go:516.59,521.23 2 1
github.com/charmbracelet/glow/v2/tts/audio/mock_player.go:521.23,524.4 2 1
github.com/charmbracelet/glow/v2/tts/audio/mock_player.go:527.3,534.33 4 1
github.com/charmbracelet/glow/v2/tts/audio/mock_player.go:534.33,537.4 2 0
github.com/charmbracelet/glow/v2/tts/audio/mock_player.go:537.9,539.4 1 1
github.com/charmbracelet/glow/v2/tts/audio/mock_player.go:540.8,542.3 1 0
github.com/charmbracelet/glow/v2/tts/audio/mock_player.go:546.31,555.22 4 1
github.com/charmbracelet/glow/v2/tts/audio/mock_player.go:555.22,558.3 2 0
github.com/charmbracelet/glow/v2/tts/audio/mock_player.go:559.2,559.16 1 1
github.com/charmbracelet/glow/v2/tts/audio/player.go:74.41,80.2 1 1
github.com/charmbracelet/glow/v2/tts/audio/player.go:83.35,85.2 1 1
github.com/charmbracelet/glow/v2/tts/audio/player.go:88.64,90.28 1 1
github.com/charmbracelet/glow/v2/tts/audio/player.go:90.28,92.3 1 0
github.com/charmbracelet/glow/v2/tts/audio/player.go:93.2,93.29 1 1
github.com/charmbracelet/glow/v2/tts/audio/player.go:93.29,95.3 1 0
github.com/charmbracelet/glow/v2/tts/audio/player.go:96.2,96.32 1 1
github.com/charmbracelet/glow/v2/tts/audio/player.go:96.32,98.3 1 0
github.com/charmbracelet/glow/v2/tts/audio/player.go:100.2,116.20 6 1
github.com/charmbracelet/glow/v2/tts/audio/player.go:120.71,125.81 3 1
github.com/charmbracelet/glow/v2/tts/audio/player.go:125.81,127.3 1 0
github.com/charmbracelet/glow/v2/tts/audio/player.go:130.2,130.25 1 1
github.com/charmbracelet/glow/v2/tts/audio/player.go:130.25,133.3 2 0
github.com/charmbracelet/glow/v2/tts/audio/player.go:136.2,143.16 3 1
github.com/charmbracelet/glow/v2/tts/audio/player.go:143.16,145.3 1 1
github.com/charmbracelet/glow/v2/tts/audio/player.go:148.2,155.12 6 1
github.com/charmbracelet/glow/v2/tts/audio/player.go:159.47,160.18 1 1
github.com/charmbracelet/glow/v2/tts/audio/player.go:160.18,162.3 1 1
github.com/charmbracelet/glow/v2/tts/audio/player.go:165.2,165.39 1 1
github.com/charmbracelet/glow/v2/tts/audio/player.go:165.39,166.34 1 0
github.com/charmbracelet/glow/v2/tts/audio/player.go:166.34,168.4 1 0
github.com/charmbracelet/glow/v2/tts/audio/player.go:172.2,176.14 2 1
github.com/charmbracelet/glow/v2/tts/audio/player.go:176.14,177.82 1 1
github.com/charmbracelet/glow/v2/tts/audio/player.go:177.82,179.4 1 1
github.com/charmbracelet/glow/v2/tts/audio/player.go:182.2,186.39 3 1
github.com/charmbracelet/glow/v2/tts/audio/player.go:186.39,189.3 1 0
github.com/charmbracelet/glow/v2/tts/audio/player.go:189.8,189.44 1 1
github.com/charmbracelet/glow/v2/tts/audio/player.go:189.44,192.3 2 1
github.com/charmbracelet/glow/v2/tts/audio/player.go:195.2,226.12 16 0
github.com/charmbracelet/glow/v2/tts/audio/player.go:230.33,231.15 1 0
github.com/charmbracelet/glow/v2/tts/audio/player.go:231.15,234.41 2 0
github.com/charmbracelet/glow/v2/tts/audio/player.go:234.41,237.4 2 0
github.com/charmbracelet/glow/v2/tts/audio/player.go:241.2,241.6 1 0
github.com/charmbracelet/glow/v2/tts/audio/player.go:241.6,242.10 1 0
github.com/charmbracelet/glow/v2/tts/audio/player.go:243.23,244.10 1 0
github.com/charmbracelet/glow/v2/tts/audio/player.go:245.45,247.79 1 0
github.com/charmbracelet/glow/v2/tts/audio/player.go:247.79,249.5 1 0
github.com/charmbracelet/glow/v2/tts/audio/player.go:252.4,253.56 2 0
github.com/charmbracelet/glow/v2/tts/audio/player.go:253.56,256.5 2 0
github.com/charmbracelet/glow/v2/tts/audio/player.go:257.4,257.18 1 0
github.com/charmbracelet/glow/v2/tts/audio/player.go:263.34,267.6 3 0
github.com/charmbracelet/glow/v2/tts/audio/player.go:267.6,268.10 1 0
github.com/charmbracelet/glow/v2/tts/audio/player.go:269.23,270.10 1 0
github.com/charmbracelet/glow/v2/tts/audio/player.go:271.25,272.10 1 0
github.com/charmbracelet/glow/v2/tts/audio/player.go:273.19,274.22 1 0
github.com/charmbracelet/glow/v2/tts/audio/player.go:280.35,284.39 3 0
github.com/charmbracelet/glow/v2/tts/audio/player.go:284.39,286.3 1 0
github.com/charmbracelet/glow/v2/tts/audio/player.go:288.2,288.38 1 0
github.com/charmbracelet/glow/v2/tts/audio/player.go:288.38,291.3 1 0
github.com/charmbracelet/glow/v2/tts/audio/player.go:294.2,294.48 1 0
github.com/charmbracelet/glow/v2/tts/audio/player.go:294.48,299.23 3 0
github.com/charmbracelet/glow/v2/tts/audio/player.go:299.23,302.4 2 0
github.com/charmbracelet/glow/v2/tts/audio/player.go:307.32,311.39 3 1
github.com/charmbracelet/glow/v2/tts/audio/player.go:311.39,313.3 1 1
github.com/charmbracelet/glow/v2/tts/audio/player.go:315.2,315.38 1 0
github.com/charmbracelet/glow/v2/tts/audio/player.go:315.38,317.3 1 0
github.com/charmbracelet/glow/v2/tts/audio/player.go:320.2,320.24 1 0
github.com/charmbracelet/glow/v2/tts/audio/player.go:320.24,322.3 1 0
github.com/charmbracelet/glow/v2/tts/audio/player.go:324.2,327.12 3 0
github.com/charmbracelet/glow/v2/tts/audio/player.go:331.33,335.39 3 1
github.com/charmbracelet/glow/v2/tts/audio/player.go:335.39,337.3 1 1
github.com/charmbracelet/glow/v2/tts/audio/player.go:339.2,339.38 1 0
github.com/charmbracelet/glow/v2/tts/audio/player.go:339.38,341.3 1 0
github.com/charmbracelet/glow/v2/tts/audio/player.go:344.2,344.27 1 0
github.com/charmbracelet/glow/v2/tts/audio/player.go:344.27,347.3 2 0
github.com/charmbracelet/glow/v2/tts/audio/player.go:350.2,350.24 1 0
github.com/charmbracelet/glow/v2/tts/audio/player.go:350.24,352.3 1 0
github.com/charmbracelet/glow/v2/tts/audio/player.go:354.2,356.12 2 0
github.com/charmbracelet/glow/v2/tts/audio/player.go:360.31,367.39 4 1
github.com/charmbracelet/glow/v2/tts/audio/player.go:367.39,370.3 2 1
github.com/charmbracelet/glow/v2/tts/audio/player.go:373.2,373.24 1 0
github.com/charmbracelet/glow/v2/tts/audio/player.go:373.24,376.17 3 0
github.com/charmbracelet/glow/v2/tts/audio/player.go:376.17,378.4 1 0
github.com/charmbracelet/glow/v2/tts/audio/player.go:379.3,379.20 1 0
github.com/charmbracelet/glow/v2/tts/audio/player.go:383.2,393.9 8 0
github.com/charmbracelet/glow/v2/tts/audio/player.go:394.24,394.24 0 0
github.com/charmbracelet/glow/v2/tts/audio/player.go:396.37,398.60 1 0
github.com/charmbracelet/glow/v2/tts/audio/player.go:401.2,401.12 1 0
github.com/charmbracelet/glow/v2/tts/audio/player.go:405.46,409.2 3 1
github.com/charmbracelet/glow/v2/tts/audio/player.go:412.35,414.2 1 1
github.com/charmbracelet/glow/v2/tts/audio/player.go:417.34,419.2 1 1
github.com/charmbracelet/glow/v2/tts/audio/player.go:422.46,426.27 3 1
github.com/charmbracelet/glow/v2/tts/audio/player.go:426.27,428.3 1 0
github.com/charmbracelet/glow/v2/tts/audio/player.go:429.2,429.10 1 1
github.com/charmbracelet/glow/v2/tts/audio/player.go:433.50,434.34 1 1
github.com/charmbracelet/glow/v2/tts/audio/player.go:434.34,436.3 1 1
github.com/charmbracelet/glow/v2/tts/audio/player.go:438.2,445.12 3 1
github.com/charmbracelet/glow/v2/tts/audio/player.go:449.32,451.33 1 1
github.com/charmbracelet/glow/v2/tts/audio/player.go:451.33,453.3 1 0
github.com/charmbracelet/glow/v2/tts/audio/player.go:456.2,462.25 4 1
github.com/charmbracelet/glow/v2/tts/audio/player.go:462.25,465.3 2 1
github.com/charmbracelet/glow/v2/tts/audio/player.go:467.2,467.12 1 1
github.com/charmbracelet/glow/v2/tts/audio/player.go:471.41,475.2 3 0
github.com/charmbracelet/glow/v2/tts/audio/player.go:478.39,482.2 3 1
github.com/charmbracelet/glow/v2/tts/audio/player.go:485.41,499.27 4 1
github.com/charmbracelet/glow/v2/tts/audio/player.go:499.27,502.3 2 0
github.com/charmbracelet/glow/v2/tts/audio/player.go:504.2,504.14 1 1
github.com/charmbracelet/glow/v2/tts/audio/player.go:520.48,521.22 1 0
github.com/charmbracelet/glow/v2/tts/audio/player.go:521.22,523.3 1 0
github.com/charmbracelet/glow/v2/tts/audio/player.go:525.2,528.36 3 0
github.com/charmbracelet/glow/v2/tts/audio/player.go:528.36,535.22 4 0
github.com/charmbracelet/glow/v2/tts/audio/player.go:535.22,537.4 1 0
github.com/charmbracelet/glow/v2/tts/audio/player.go:537.9,537.30 1 0
github.com/charmbracelet/glow/v2/tts/audio/player.go:537.30,539.4 1 0
github.com/charmbracelet/glow/v2/tts/audio/player.go:539.9,541.4 1 0
github.com/charmbracelet/glow/v2/tts/audio/player.go:544.3,544.72 1 0
github.com/charmbracelet/glow/v2/tts/audio/player.go:547.2,547.18 1 0
